============================================================
   Tang Dynasty, V4.5.12562
   Copyright:   Shanghai Anlogic Infotech Co., Ltd.
                2011 - 2021
   Executable = C:/Anlogic/TD4.5.12562/bin/td.exe
   Built at =   11:23:57 Jun  4 2019
   Run by =     Administrator
   Run Date =   Mon Sep  2 21:29:28 2019

   Run on =     PC-20190811NNTS
============================================================
RUN-1002 : start command "open_project Quick_Start.al"
HDL-1007 : analyze verilog file CPLD_SOC_AHB_TOP.v
HDL-5007 WARNING: redeclaration of ansi port 'led_out' is not allowed in CPLD_SOC_AHB_TOP.v(27)
HDL-5007 WARNING: redeclaration of ansi port 'gpio_out' is not allowed in CPLD_SOC_AHB_TOP.v(57)
HDL-5007 WARNING: 'freq_current' is already implicitly declared on line 35 in CPLD_SOC_AHB_TOP.v(58)
HDL-5007 WARNING: 'uart_callback' is already implicitly declared on line 37 in CPLD_SOC_AHB_TOP.v(59)
HDL-5007 WARNING: 'pnumcnt0' is already implicitly declared on line 33 in CPLD_SOC_AHB_TOP.v(104)
HDL-5007 WARNING: 'pwm_state_read' is already implicitly declared on line 32 in CPLD_SOC_AHB_TOP.v(105)
HDL-1007 : analyze verilog file al_ip/PLL.v
HDL-1007 : analyze verilog file al_ip/M3WithAHB.v
HDL-1007 : analyze verilog file src/uart_byte_rx.v
HDL-1007 : analyze verilog file src/uart_byte_tx.v
HDL-1007 : analyze verilog file src/AHB.v
HDL-5007 WARNING: case statement with no case item violates IEEE 1800 syntax in src/AHB.v(98)
HDL-1007 : analyze verilog file src/UART.v
HDL-5007 WARNING: redeclaration of ansi port 'N' is not allowed in src/UART.v(255)
HDL-1007 : analyze verilog file src/OnePWM.v
RUN-1002 : start command "import_device ef2_4.db -package EF2L45BG256B"
ARC-1001 : Device Initialization.
ARC-1001 : -------------------------------------------------
ARC-1001 :       OPTION       |      IO       |   SETTING   
ARC-1001 : -------------------------------------------------
ARC-1001 :        done        |      C13      |    gpio    
ARC-1001 :        initn       |      A13      |    gpio    
ARC-1001 :      programn      |      B10      |  dedicated  
ARC-1001 :   tdi/tms/tck/tdo  |  A6/B8/A7/C6  |  dedicated  
ARC-1001 : -------------------------------------------------
ARC-1004 : Device setting, marked 5 dedicate IOs in total.
RUN-1002 : start command "import_db Quick_Start_pr.db"
RUN-1001 : Importing database generated by Tang Dynasty, V4.5.12562.
RUN-1001 : Database version number 46115.
RUN-1001 : Import timing constraints
RUN-1001 : Import IO constraints
RUN-1001 : Import Inst constraints
RUN-1001 : Import flow parameters
RUN-1003 : finish command "import_db Quick_Start_pr.db" in  4.975208s wall, 3.634823s user + 0.358802s system = 3.993626s CPU (80.3%)

RUN-1004 : used memory is 247 MB, reserved memory is 226 MB, peak memory is 247 MB
