============================================================
   Tang Dynasty, V4.5.12562
   Copyright:   Shanghai Anlogic Infotech Co., Ltd.
                2011 - 2021
   Executable = C:/Anlogic/TD4.5.12562/bin/td.exe
   Built at =   11:23:57 Jun  4 2019
   Run by =     Administrator
   Run Date =   Wed Sep 11 19:17:47 2019

   Run on =     PC-20190811NNTS
============================================================
RUN-1002 : start command "open_project Quick_Start.al"
HDL-1007 : analyze verilog file CPLD_SOC_AHB_TOP.v
HDL-5007 WARNING: redeclaration of ansi port 'gpio_out' is not allowed in CPLD_SOC_AHB_TOP.v(28)
HDL-5007 WARNING: 'pnumcnt0' is already implicitly declared on line 36 in CPLD_SOC_AHB_TOP.v(90)
HDL-5007 WARNING: 'pwm_state_read' is already implicitly declared on line 53 in CPLD_SOC_AHB_TOP.v(91)
HDL-1007 : analyze verilog file al_ip/PLL.v
HDL-1007 : analyze verilog file al_ip/M3WithAHB.v
HDL-1007 : analyze verilog file src/AHB.v
HDL-1007 : analyze verilog file src/OnePWM.v
RUN-1002 : start command "import_device ef2_4.db -package EF2L45BG256B"
ARC-1001 : Device Initialization.
ARC-1001 : -------------------------------------------------
ARC-1001 :       OPTION       |      IO       |   SETTING   
ARC-1001 : -------------------------------------------------
ARC-1001 :        done        |      C13      |    gpio    
ARC-1001 :        initn       |      A13      |    gpio    
ARC-1001 :      programn      |      B10      |  dedicated  
ARC-1001 :   tdi/tms/tck/tdo  |  A6/B8/A7/C6  |  dedicated  
ARC-1001 : -------------------------------------------------
ARC-1004 : Device setting, marked 5 dedicate IOs in total.
RUN-1002 : start command "import_db Quick_Start_pr.db"
RUN-1001 : Importing database generated by Tang Dynasty, V4.5.12562.
RUN-1001 : Database version number 46115.
RUN-1001 : Import timing constraints
RUN-1001 : Import IO constraints
RUN-1001 : Import Inst constraints
RUN-1001 : Import flow parameters
RUN-1003 : finish command "import_db Quick_Start_pr.db" in  3.688824s wall, 3.354021s user + 0.265202s system = 3.619223s CPU (98.1%)

RUN-1004 : used memory is 255 MB, reserved memory is 234 MB, peak memory is 255 MB
