============================================================
   Tang Dynasty, V4.5.12562
   Copyright:   Shanghai Anlogic Infotech Co., Ltd.
                2011 - 2021
   Executable = C:/Anlogic/TD4.5.12562/bin/td.exe
   Built at =   11:23:57 Jun  4 2019
   Run by =     Administrator
   Run Date =   Wed Aug 14 11:23:44 2019

   Run on =     PC-20190811NNTS
============================================================
RUN-1002 : start command "open_project Quick_Start.al"
HDL-1007 : analyze verilog file CPLD_SOC_AHB_TOP.v
HDL-1007 : analyze verilog file al_ip/PLL.v
HDL-1007 : analyze verilog file al_ip/M3WithAHB.v
HDL-1007 : analyze verilog file OnePWM.v
RUN-1002 : start command "import_device ef2_4.db -package EF2L45BG256B"
ARC-1001 : Device Initialization.
ARC-1001 : -------------------------------------------------
ARC-1001 :       OPTION       |      IO       |   SETTING   
ARC-1001 : -------------------------------------------------
ARC-1001 :        done        |      C13      |    gpio    
ARC-1001 :        initn       |      A13      |    gpio    
ARC-1001 :      programn      |      B10      |  dedicated  
ARC-1001 :   tdi/tms/tck/tdo  |  A6/B8/A7/C6  |  dedicated  
ARC-1001 : -------------------------------------------------
ARC-1004 : Device setting, marked 5 dedicate IOs in total.
RUN-1002 : start command "import_db Quick_Start_pr.db"
RUN-1001 : Importing database generated by Tang Dynasty, V4.5.12562.
RUN-1001 : Database version number 46115.
RUN-1001 : Import timing constraints
RUN-1001 : Import IO constraints
RUN-1001 : Import Inst constraints
RUN-1001 : Import flow parameters
RUN-1001 : Import ChipWatcher
RUN-1003 : finish command "import_db Quick_Start_pr.db" in  3.592472s wall, 3.354021s user + 0.078001s system = 3.432022s CPU (95.5%)

RUN-1004 : used memory is 256 MB, reserved memory is 236 MB, peak memory is 256 MB
HDL-1007 : analyze verilog file CPLD_SOC_AHB_TOP.v
HDL-1007 : analyze verilog file al_ip/PLL.v
HDL-1007 : analyze verilog file al_ip/M3WithAHB.v
HDL-1007 : analyze verilog file OnePWM.v
HDL-1007 : analyze verilog file CPLD_SOC_AHB_TOP.v
HDL-1007 : analyze verilog file al_ip/PLL.v
HDL-1007 : analyze verilog file al_ip/M3WithAHB.v
HDL-1007 : analyze verilog file OnePWM.v
RUN-1002 : start command "elaborate -top CPLD_SOC_AHB_TOP"
HDL-1007 : elaborate module CPLD_SOC_AHB_TOP in CPLD_SOC_AHB_TOP.v(1)
HDL-1007 : elaborate module PLL in al_ip/PLL.v(25)
HDL-1007 : elaborate module EF2_PHY_PLL(FIN="25.000",FBCLK_DIV=40,CLKC0_DIV=5,CLKC1_DIV=20,CLKC2_DIV=40,CLKC3_DIV=125,CLKC0_ENABLE="ENABLE",CLKC1_ENABLE="ENABLE",CLKC2_ENABLE="ENABLE",CLKC3_ENABLE="ENABLE",FEEDBK_MODE="NOCOMP",STDBY_ENABLE="DISABLE",CLKC0_CPHASE=4,CLKC1_CPHASE=19,CLKC2_CPHASE=39,CLKC3_CPHASE=124,GMC_GAIN=6,ICP_CURRENT=3,KVCO=6,LPF_RESISTOR=2,SYNC_ENABLE="DISABLE",INTPI=3,HIGH_SPEED_EN="ENABLE",OFFSET_MODE="EXT",CLKC0_DUTY=0.5,CLKC1_DUTY=0.5,CLKC0_DUTY_INT=3,CLKC1_DUTY_INT=10) in C:/Anlogic/TD4.5.12562/arch/ef2_macro.v(2693)
HDL-5007 WARNING: port 'i2s_mst_clk' is not connected on this instance in al_ip/M3WithAHB.v(62)
HDL-5007 WARNING: port 'sleep_out' remains unconnected for this instance in al_ip/M3WithAHB.v(62)
HDL-1007 : elaborate module M3WithAHB in al_ip/M3WithAHB.v(14)
HDL-1007 : elaborate module EF2_PHY_MCU(GPIO_L0="ENABLE",GPIO_L1="ENABLE",GPIO_L3="ENABLE",GPIO_L4="ENABLE") in C:/Anlogic/TD4.5.12562/arch/ef2_macro.v(780)
HDL-5007 WARNING: input port 'i2s_mst_clk' is not connected on this instance in al_ip/M3WithAHB.v(46)
HDL-1007 : elaborate module OnePWM in OnePWM.v(1)
HDL-1200 : Current top model is CPLD_SOC_AHB_TOP
HDL-1100 : Inferred 0 RAMs.
RUN-1002 : start command "read_adc 256.adc"
RUN-1002 : start command "set_pin_assignment clkin  LOCATION = J1;  "
RUN-1002 : start command "set_pin_assignment clk  LOCATION = A3;  "
RUN-1002 : start command "set_pin_assignment pwm[0]  LOCATION = D9;   "
RUN-1002 : start command "set_pin_assignment pwm[1]  LOCATION = E8;   "
RUN-1002 : start command "set_pin_assignment pwm[2]  LOCATION = F8;   "
RUN-1002 : start command "set_pin_assignment pwm[3]  LOCATION = F7;   "
RUN-1002 : start command "set_pin_assignment pwm[4]  LOCATION = D14;  "
RUN-1002 : start command "set_pin_assignment pwm[5]  LOCATION = E10;  "
RUN-1002 : start command "set_pin_assignment pwm[6]  LOCATION = B14;  "
RUN-1002 : start command "set_pin_assignment pwm[7]  LOCATION = A14;  "
RUN-1002 : start command "set_pin_assignment pwm[8]  LOCATION = B12;  "
RUN-1002 : start command "set_pin_assignment pwm[9]  LOCATION = B11;  "
RUN-1002 : start command "set_pin_assignment pwm[10]  LOCATION = C9;   "
RUN-1002 : start command "set_pin_assignment pwm[11]  LOCATION = A8;   "
RUN-1002 : start command "set_pin_assignment pwm[12]  LOCATION = C8;   "
RUN-1002 : start command "set_pin_assignment pwm[13]  LOCATION = B6;   "
RUN-1002 : start command "set_pin_assignment pwm[14]  LOCATION = A5;   "
RUN-1002 : start command "set_pin_assignment pwm[15]  LOCATION = A4;   "
USR-6010 WARNING: ADC constraints: pin dir[15] has no constraint.
USR-6010 WARNING: ADC constraints: pin dir[14] has no constraint.
USR-6010 WARNING: ADC constraints: pin dir[13] has no constraint.
USR-6010 WARNING: ADC constraints: pin dir[12] has no constraint.
USR-6010 WARNING: ADC constraints: pin dir[11] has no constraint.
USR-6010 WARNING: ADC constraints: pin dir[10] has no constraint.
USR-6010 WARNING: ADC constraints: pin dir[9] has no constraint.
USR-6010 WARNING: ADC constraints: pin dir[8] has no constraint.
USR-6010 WARNING: ADC constraints: pin dir[7] has no constraint.
USR-6010 WARNING: ADC constraints: pin dir[6] has no constraint.
USR-6010 WARNING: ADC constraints: pin dir[5] has no constraint.
USR-6010 WARNING: ADC constraints: pin dir[4] has no constraint.
USR-6010 WARNING: ADC constraints: pin dir[3] has no constraint.
USR-6010 WARNING: ADC constraints: pin dir[2] has no constraint.
USR-6010 WARNING: ADC constraints: pin dir[1] has no constraint.
USR-6010 WARNING: ADC constraints: pin dir[0] has no constraint.
USR-6010 WARNING: ADC constraints: pin gpio_in[31] has no constraint.
USR-6010 WARNING: ADC constraints: pin gpio_in[30] has no constraint.
USR-6010 WARNING: ADC constraints: pin gpio_in[29] has no constraint.
USR-6010 WARNING: ADC constraints: pin gpio_in[28] has no constraint.
USR-6010 WARNING: ADC constraints: pin gpio_in[27] has no constraint.
USR-6010 WARNING: ADC constraints: pin gpio_in[26] has no constraint.
USR-6010 WARNING: ADC constraints: pin gpio_in[25] has no constraint.
USR-6010 WARNING: ADC constraints: pin gpio_in[24] has no constraint.
USR-6010 WARNING: ADC constraints: pin gpio_in[23] has no constraint.
USR-6010 WARNING: ADC constraints: pin gpio_in[22] has no constraint.
USR-6010 WARNING: ADC constraints: pin gpio_in[21] has no constraint.
USR-6010 WARNING: ADC constraints: pin gpio_in[20] has no constraint.
USR-6010 WARNING: ADC constraints: pin gpio_in[19] has no constraint.
USR-6010 WARNING: ADC constraints: pin gpio_in[18] has no constraint.
USR-6010 WARNING: ADC constraints: pin gpio_in[17] has no constraint.
USR-6010 WARNING: ADC constraints: pin gpio_in[16] has no constraint.
USR-6010 WARNING: ADC constraints: pin gpio_in[15] has no constraint.
USR-6010 WARNING: ADC constraints: pin gpio_in[14] has no constraint.
USR-6010 WARNING: ADC constraints: pin gpio_in[13] has no constraint.
USR-6010 WARNING: ADC constraints: pin gpio_in[12] has no constraint.
USR-6010 WARNING: ADC constraints: pin gpio_in[11] has no constraint.
USR-6010 WARNING: ADC constraints: pin gpio_in[10] has no constraint.
USR-6010 WARNING: ADC constraints: pin gpio_in[9] has no constraint.
USR-6010 WARNING: ADC constraints: pin gpio_in[8] has no constraint.
USR-6010 WARNING: ADC constraints: pin gpio_in[7] has no constraint.
USR-6010 WARNING: ADC constraints: pin gpio_in[6] has no constraint.
USR-6010 WARNING: ADC constraints: pin gpio_in[5] has no constraint.
USR-6010 WARNING: ADC constraints: pin gpio_in[4] has no constraint.
USR-6010 WARNING: ADC constraints: pin gpio_in[3] has no constraint.
USR-6010 WARNING: ADC constraints: pin gpio_in[2] has no constraint.
USR-6010 WARNING: ADC constraints: pin gpio_in[1] has no constraint.
USR-6010 WARNING: ADC constraints: pin gpio_in[0] has no constraint.
USR-6010 WARNING: ADC constraints: pin gpio_out[31] has no constraint.
USR-6010 WARNING: ADC constraints: pin gpio_out[30] has no constraint.
USR-6010 WARNING: ADC constraints: pin gpio_out[29] has no constraint.
USR-6010 WARNING: ADC constraints: pin gpio_out[28] has no constraint.
USR-6010 WARNING: ADC constraints: pin gpio_out[27] has no constraint.
USR-6010 WARNING: ADC constraints: pin gpio_out[26] has no constraint.
USR-6010 WARNING: ADC constraints: pin gpio_out[25] has no constraint.
USR-6010 WARNING: ADC constraints: pin gpio_out[24] has no constraint.
USR-6010 WARNING: ADC constraints: pin gpio_out[23] has no constraint.
USR-6010 WARNING: ADC constraints: pin gpio_out[22] has no constraint.
USR-6010 WARNING: ADC constraints: pin gpio_out[21] has no constraint.
USR-6010 WARNING: ADC constraints: pin gpio_out[20] has no constraint.
USR-6010 WARNING: ADC constraints: pin gpio_out[19] has no constraint.
USR-6010 WARNING: ADC constraints: pin gpio_out[18] has no constraint.
USR-6010 WARNING: ADC constraints: pin gpio_out[17] has no constraint.
USR-6010 WARNING: ADC constraints: pin gpio_out[16] has no constraint.
USR-6010 WARNING: ADC constraints: pin gpio_out[15] has no constraint.
USR-6010 WARNING: ADC constraints: pin gpio_out[14] has no constraint.
USR-6010 WARNING: ADC constraints: pin gpio_out[13] has no constraint.
USR-6010 WARNING: ADC constraints: pin gpio_out[12] has no constraint.
USR-6010 WARNING: ADC constraints: pin gpio_out[11] has no constraint.
USR-6010 WARNING: ADC constraints: pin gpio_out[10] has no constraint.
USR-6010 WARNING: ADC constraints: pin gpio_out[9] has no constraint.
USR-6010 WARNING: ADC constraints: pin gpio_out[8] has no constraint.
USR-6010 WARNING: ADC constraints: pin gpio_out[7] has no constraint.
USR-6010 WARNING: ADC constraints: pin gpio_out[6] has no constraint.
USR-6010 WARNING: ADC constraints: pin gpio_out[5] has no constraint.
USR-6010 WARNING: ADC constraints: pin gpio_out[4] has no constraint.
USR-6010 WARNING: ADC constraints: pin gpio_out[3] has no constraint.
USR-6010 WARNING: ADC constraints: pin gpio_out[2] has no constraint.
USR-6010 WARNING: ADC constraints: pin gpio_out[1] has no constraint.
USR-6010 WARNING: ADC constraints: pin gpio_out[0] has no constraint.
RUN-1002 : start command "optimize_rtl"
RUN-1001 : Open license file C:/Anlogic/TD4.5.12562/license/Anlogic.lic
SYN-1012 : SanityCheck: Model "CPLD_SOC_AHB_TOP"
SYN-1012 : SanityCheck: Model "M3WithAHB"
SYN-1012 : SanityCheck: Model "PLL"
SYN-1012 : SanityCheck: Model "OnePWM"
SYN-1043 : Mark PLL as IO macro for instance pll_inst
SYN-1011 : Flatten model CPLD_SOC_AHB_TOP
SYN-1011 : Flatten model M3WithAHB
SYN-1011 : Flatten model PLL
SYN-1011 : Flatten model OnePWM
SYN-1016 : Merged 49 instances.
SYN-1014 : Optimize round 1
SYN-1032 : 8835/823 useful/useless nets, 7971/720 useful/useless insts
SYN-1019 : Optimized 0 mux instances.
SYN-1021 : Optimized 8 onehot mux instances.
SYN-1020 : Optimized 496 distributor mux.
SYN-1016 : Merged 488 instances.
SYN-1015 : Optimize round 1, 4353 better
SYN-1014 : Optimize round 2
SYN-1032 : 7538/2841 useful/useless nets, 6674/512 useful/useless insts
SYN-1019 : Optimized 0 mux instances.
SYN-1015 : Optimize round 2, 552 better
SYN-1014 : Optimize round 3
SYN-1032 : 7538/0 useful/useless nets, 6674/0 useful/useless insts
SYN-1019 : Optimized 0 mux instances.
SYN-1015 : Optimize round 3, 0 better
RUN-1003 : finish command "optimize_rtl" in  2.633115s wall, 2.620817s user + 0.046800s system = 2.667617s CPU (101.3%)

RUN-1004 : used memory is 215 MB, reserved memory is 181 MB, peak memory is 292 MB
RUN-1002 : start command "report_area -file Quick_Start_rtl.area"
RUN-1001 : standard
***Report Model: CPLD_SOC_AHB_TOP***

IO Statistics
#IO                    98
  #input               33
  #output              65
  #inout                0

Gate Statistics
#Basic gates         4042
  #and                705
  #nand                 0
  #or                 512
  #nor                  0
  #xor                  0
  #xnor                 0
  #buf                  0
  #not                147
  #bufif1               0
  #MX21                 8
  #FADD                 0
  #DFF               2670
  #LATCH                0
#MACRO_ADD             32
#MACRO_EQ              84
#MACRO_MUX           2512

RUN-1001 : 
Report Hierarchy Area:
+---------------------------------------------------+
|Instance |Module           |gates  |seq    |macros |
+---------------------------------------------------+
|top      |CPLD_SOC_AHB_TOP |1372   |2670   |116    |
+---------------------------------------------------+

RUN-1002 : start command "read_sdc Quick_Start.sdc"
RUN-1002 : start command "get_nets clk100m"
RUN-1002 : start command "create_clock -name clk100m -period 10 -waveform 0 5 "
RUN-1102 : create_clock: clock name: clk100m, type: 0, period: 10000, rise: 0, fall: 5000.
RUN-1104 : Import SDC file Quick_Start.sdc finished, there are 2 nets kept by constraints.
RUN-1002 : start command "export_db Quick_Start_rtl.db"
RUN-1001 : Exported /
RUN-1001 : Exported libs
RUN-1001 : Exported entities
RUN-1001 : Exported ports
RUN-1001 : Exported pins
RUN-1001 : Exported instances
RUN-1001 : Exported nets
RUN-1001 : Exported buses
RUN-1001 : Exported models
RUN-1001 : Exported congestions
RUN-1001 : Exported violations
RUN-1001 : Exported timing constraints
RUN-1001 : Exported IO constraints
RUN-1001 : Exported Inst constraints
RUN-1001 : Exported flow parameters
RUN-1003 : finish command "export_db Quick_Start_rtl.db" in  1.089999s wall, 1.076407s user + 0.031200s system = 1.107607s CPU (101.6%)

RUN-1004 : used memory is 242 MB, reserved memory is 207 MB, peak memory is 292 MB
RUN-1002 : start command "set_param gate pack_effort high"
RUN-1002 : start command "optimize_gate -packarea Quick_Start_gate.area"
RUN-1001 : Open license file C:/Anlogic/TD4.5.12562/license/Anlogic.lic
SYN-2001 : Map 98 IOs to PADs
SYN-2501 : Processed 0 LOGIC_BUF instances.
SYN-2571 : Optimize after map_dsp, round 1
SYN-1032 : 7701/0 useful/useless nets, 6838/0 useful/useless insts
SYN-2571 : Optimize after map_dsp, round 1, 0 better
SYN-2501 : Optimize round 1
SYN-1032 : 10157/0 useful/useless nets, 9294/0 useful/useless insts
SYN-1016 : Merged 2 instances.
SYN-2501 : Optimize round 1, 1258 better
SYN-2501 : Optimize round 2
SYN-1032 : 10155/0 useful/useless nets, 9292/0 useful/useless insts
SYN-2501 : Optimize round 2, 0 better
SYN-2501 : Map 32 macro adder
SYN-1032 : 11003/0 useful/useless nets, 10140/0 useful/useless insts
RUN-1002 : start command "start_timer -prepack"
TMR-2505 : Start building timing graph for model CPLD_SOC_AHB_TOP.
TMR-2506 : Build timing graph completely. Port num: 6, tpin num: 41355, tnet num: 10994, tinst num: 10115, tnode num: 76786, tedge num: 78199.
TMR-2507 : Eliminate loop in the timing graph, delete 0 tedges.
TMR-2508 : Levelizing timing graph completed, there are 67 levels in total.
TMR-2501 : Timing graph initialized successfully.
RUN-1003 : finish command "start_timer -prepack" in  1.216529s wall, 1.154407s user + 0.046800s system = 1.201208s CPU (98.7%)

RUN-1004 : used memory is 360 MB, reserved memory is 323 MB, peak memory is 360 MB
TMR-2503 : Start to update net delay, extr mode = 2.
TMR-2504 : Update delay of 10994 nets completely.
TMR-2502 : Annotate delay completely, extr mode = 2.
TMR-3001 : Initiate 1 clocks from SDC.
TMR-3004 : Start mapping sdc constraints, there are 0 constraints in total.
TMR-3005 : Start mapping report constraints, there are 0 constraints in total.
TMR-3003 : Constraints initiated successfully.
TMR-3501 : Forward propagation: start to calculate arrival time...
TMR-3502 : Backward propagation: start to calculate required time...
TMR-3503 : Timing propagation completes.
SYN-3001 : Running gate level optimization.
SYN-2581 : Mapping with K=5, #lut = 3013 (4.11), #lev = 7 (3.92)
SYN-2551 : Post LUT mapping optimization.
SYN-2581 : Mapping with K=5, #lut = 3013 (4.11), #lev = 7 (3.92)
SYN-2581 : Mapping with K=5, #lut = 3013 (4.11), #lev = 7 (3.92)
SYN-3001 : Logic optimization runtime opt =   0.49 sec, map =   0.00 sec
SYN-3001 : Mapper mapped 6502 instances into 3013 LUTs, name keeping = 49%.
SYN-1001 : Packing model "CPLD_SOC_AHB_TOP" ...
SYN-4010 : Pack lib has 35 rtl pack models with 12 top pack blocks
SYN-1014 : Optimize round 1
SYN-1032 : 7482/0 useful/useless nets, 6619/0 useful/useless insts
SYN-1015 : Optimize round 1, 0 better
SYN-4002 : Packing 2654 DFF/LATCH to SEQ ...
SYN-4009 : Pack 16 carry chain into lslice
SYN-4007 : Packing 400 adder to BLE ...
SYN-4008 : Packed 400 adder and 0 SEQ to BLE.
SYN-4007 : Packing 0 gate4 to BLE ...
SYN-4008 : Packed 0 gate4 and 0 SEQ to BLE.
SYN-4012 : Packed 0 FxMUX
SYN-4007 : Packing 0 MUX to BLE ...
SYN-4008 : Packed 0 MUX and 0 SEQ to BLE.
SYN-4007 : Packing 3013 LUT to BLE ...
SYN-4008 : Packed 3013 LUT and 1296 SEQ to BLE.
SYN-4003 : Packing 1358 remaining SEQ's ...
SYN-4004 : #0: Packed 0 SEQ (1358 nodes)...
SYN-4004 : #1: Packed 508 SEQ (64505 nodes)...
SYN-4004 : #2: Packed 1235 SEQ (898516 nodes)...
SYN-4004 : #3: Packed 1358 SEQ (42723 nodes)...
SYN-4004 : #4: Packed 1358 SEQ (0 nodes)...
SYN-4005 : Packed 1358 SEQ with LUT/SLICE
SYN-4006 : 381 single LUT's are left
SYN-4006 : 1358 single SEQ's are left
SYN-4011 : Packing model "CPLD_SOC_AHB_TOP" (AL_USER_NORMAL) with 3013/3437 primitive instances ...
RUN-1002 : start command "report_area -file Quick_Start_gate.area"
RUN-1001 : standard
***Report Model: CPLD_SOC_AHB_TOP***

IO Statistics
#IO                    98
  #input               33
  #output              65
  #inout                0

Utilization Statistics
#lut                 3936   out of   4480   87.86%
#reg                 2654   out of   4480   59.24%
#le                  3936
  #lut only          1282   out of   3936   32.57%
  #reg only             0   out of   3936    0.00%
  #lut&reg           2654   out of   3936   67.43%
#dsp                    0   out of     15    0.00%
#bram                   0   out of     12    0.00%
  #bram9k               0
  #fifo9k               0
#bram32k                0   out of      6    0.00%
#mcu                    1   out of      1  100.00%
#pad                   98   out of    202   48.51%
  #ireg                 0
  #oreg                16
  #treg                 0
#pll                    1   out of      1  100.00%

RUN-1001 : 
Report Hierarchy Area:
+------------------------------------------------+
|Instance |Module           |le    |lut   |seq   |
+------------------------------------------------+
|top      |CPLD_SOC_AHB_TOP |3936  |3936  |2654  |
+------------------------------------------------+

RUN-1003 : finish command "optimize_gate -packarea Quick_Start_gate.area" in  13.050182s wall, 12.714082s user + 0.249602s system = 12.963683s CPU (99.3%)

RUN-1004 : used memory is 336 MB, reserved memory is 308 MB, peak memory is 421 MB
RUN-1002 : start command "legalize_phy_inst"
SYN-1011 : Flatten model CPLD_SOC_AHB_TOP
RUN-1002 : start command "read_sdc Quick_Start.sdc"
RUN-1002 : start command "get_nets clk100m"
RUN-1002 : start command "create_clock -name clk100m -period 10 -waveform 0 5 "
RUN-1102 : create_clock: clock name: clk100m, type: 0, period: 10000, rise: 0, fall: 5000.
RUN-1104 : Import SDC file Quick_Start.sdc finished, there are 3 nets kept by constraints.
RUN-1002 : start command "export_db Quick_Start_gate.db"
RUN-1001 : Exported /
RUN-1001 : Exported libs
RUN-1001 : Exported entities
RUN-1001 : Exported ports
RUN-1001 : Exported pins
RUN-1001 : Exported instances
RUN-1001 : Exported nets
RUN-1001 : Exported buses
RUN-1001 : Exported models
RUN-1001 : Exported congestions
RUN-1001 : Exported violations
RUN-1001 : Exported timing constraints
RUN-1001 : Exported IO constraints
RUN-1001 : Exported Inst constraints
RUN-1001 : Exported flow parameters
RUN-1003 : finish command "export_db Quick_Start_gate.db" in  2.246563s wall, 2.121614s user + 0.093601s system = 2.215214s CPU (98.6%)

RUN-1004 : used memory is 338 MB, reserved memory is 309 MB, peak memory is 421 MB
RUN-1002 : start command "config_chipwatcher test.cwc -dir ."
KIT-1004 : ChipWatcher: import watcher inst auto_chipwatcher_0 completed, there are 8 view nodes, 13 trigger nets, 58 data nets.
KIT-1004 : Chipwatcher code = 0000101101111000
GUI-1001 : Import test.cwc success!
RUN-1002 : start command "compile_watcher"
RUN-1002 : start command "read_verilog -no_sch -dir C:/Anlogic/TD4.5.12562/cw/ -file ./Quick_Start_watcherInst.v -lib cw"
HDL-1007 : analyze verilog file ./Quick_Start_watcherInst.v
HDL-1007 : analyze verilog file C:/Anlogic/TD4.5.12562/cw\cfg_int.v
HDL-1007 : analyze verilog file C:/Anlogic/TD4.5.12562/cw\cwc_top.v
HDL-1007 : analyze verilog file C:/Anlogic/TD4.5.12562/cw\detect_bus.v
HDL-1007 : analyze verilog file C:/Anlogic/TD4.5.12562/cw\detect_non_bus.v
HDL-1007 : analyze verilog file C:/Anlogic/TD4.5.12562/cw\emb_ctrl.v
HDL-1007 : analyze verilog file C:/Anlogic/TD4.5.12562/cw\register.v
HDL-1007 : analyze verilog file C:/Anlogic/TD4.5.12562/cw\tap.v
HDL-1007 : analyze verilog file C:/Anlogic/TD4.5.12562/cw\trigger.v
HDL-1007 : elaborate module CW_TOP_WRAPPER in ./Quick_Start_watcherInst.v(1)
HDL-1007 : elaborate module cwc_top(CTRL_REG_LEN=89,STOP_LEN=682,NON_BUS_NODE_NUM=0,BUS_NODE_NUM=13,BUS1_WIDTH=13) in C:/Anlogic/TD4.5.12562/cw\cwc_top.v(7)
HDL-1007 : elaborate module cfg_int(CTRL_REG_LEN=89) in C:/Anlogic/TD4.5.12562/cw\cfg_int.v(1)
HDL-1007 : elaborate module register(CTRL_REG_LEN=89) in C:/Anlogic/TD4.5.12562/cw\register.v(7)
HDL-1007 : elaborate module tap in C:/Anlogic/TD4.5.12562/cw\tap.v(7)
HDL-1007 : elaborate module trigger(CTRL_REG_LEN=89,NON_BUS_NODE_NUM=0,BUS_NODE_NUM=13,BUS1_WIDTH=13,STOP_LEN=682) in C:/Anlogic/TD4.5.12562/cw\trigger.v(7)
HDL-1007 : elaborate module detect_bus(BUS_WIDTH=13) in C:/Anlogic/TD4.5.12562/cw\detect_bus.v(18)
HDL-1007 : elaborate module emb_ctrl(STOP_LEN=682) in C:/Anlogic/TD4.5.12562/cw\emb_ctrl.v(7)
HDL-1200 : Current top model is CW_TOP_WRAPPER
HDL-1100 : Inferred 0 RAMs.
RUN-1002 : start command "force_keep -a auto_chipwatcher_0_logicbram"
RUN-1002 : start command "optimize_rtl -no_sch"
RUN-1001 : Open license file C:/Anlogic/TD4.5.12562/license/Anlogic.lic
SYN-1012 : SanityCheck: Model "CPLD_SOC_AHB_TOP"
SYN-1012 : SanityCheck: Model "CW_TOP_WRAPPER"
SYN-1012 : SanityCheck: Model "cwc_top(CTRL_REG_LEN=89,STOP_LEN=682,NON_BUS_NODE_NUM=0,BUS_NODE_NUM=13,BUS1_WIDTH=13)"
SYN-1012 : SanityCheck: Model "cfg_int(CTRL_REG_LEN=89)"
SYN-1012 : SanityCheck: Model "register(CTRL_REG_LEN=89)"
SYN-1012 : SanityCheck: Model "tap"
SYN-1012 : SanityCheck: Model "trigger(CTRL_REG_LEN=89,NON_BUS_NODE_NUM=0,BUS_NODE_NUM=13,BUS1_WIDTH=13,STOP_LEN=682)"
SYN-1012 : SanityCheck: Model "detect_bus(BUS_WIDTH=13)"
SYN-1012 : SanityCheck: Model "emb_ctrl(STOP_LEN=682)"
SYN-1011 : Flatten model CPLD_SOC_AHB_TOP
SYN-1011 : Flatten model CW_TOP_WRAPPER
SYN-1011 : Flatten model cwc_top(CTRL_REG_LEN=89,STOP_LEN=682,NON_BUS_NODE_NUM=0,BUS_NODE_NUM=13,BUS1_WIDTH=13)
SYN-1011 : Flatten model cfg_int(CTRL_REG_LEN=89)
SYN-1011 : Flatten model register(CTRL_REG_LEN=89)
SYN-1011 : Flatten model tap
SYN-1016 : Merged 2 instances.
SYN-1011 : Flatten model trigger(CTRL_REG_LEN=89,NON_BUS_NODE_NUM=0,BUS_NODE_NUM=13,BUS1_WIDTH=13,STOP_LEN=682)
SYN-1011 : Flatten model detect_bus(BUS_WIDTH=13)
SYN-1011 : Flatten model emb_ctrl(STOP_LEN=682)
SYN-1016 : Merged 7 instances.
SYN-1016 : Merged 2 instances.
SYN-1016 : Merged 4 instances.
SYN-1014 : Optimize round 1
SYN-1032 : 6271/177 useful/useless nets, 2600/118 useful/useless insts
SYN-1019 : Optimized 1 mux instances.
SYN-1015 : Optimize round 1, 406 better
SYN-1014 : Optimize round 2
SYN-1032 : 6087/184 useful/useless nets, 2416/3 useful/useless insts
SYN-1019 : Optimized 0 mux instances.
SYN-1015 : Optimize round 2, 5 better
SYN-1014 : Optimize round 3
SYN-1032 : 6087/0 useful/useless nets, 2416/0 useful/useless insts
SYN-1019 : Optimized 0 mux instances.
SYN-1015 : Optimize round 3, 0 better
RUN-1003 : finish command "optimize_rtl -no_sch" in  3.214413s wall, 3.244821s user + 0.000000s system = 3.244821s CPU (100.9%)

RUN-1004 : used memory is 340 MB, reserved memory is 310 MB, peak memory is 421 MB
RUN-1002 : start command "optimize_gate -no_sch"
RUN-1001 : Open license file C:/Anlogic/TD4.5.12562/license/Anlogic.lic
SYN-1016 : Merged 30 instances.
SYN-2001 : Map 0 IOs to PADs
SYN-2501 : Processed 0 LOGIC_BUF instances.
SYN-2512 : LOGIC BRAM "auto_chipwatcher_0_logicbram"
SYN-2571 : Optimize after map_dsp, round 1
SYN-1032 : 6122/0 useful/useless nets, 2454/0 useful/useless insts
SYN-1016 : Merged 7 instances.
SYN-2571 : Optimize after map_dsp, round 1, 7 better
SYN-2571 : Optimize after map_dsp, round 2
SYN-1032 : 6115/0 useful/useless nets, 2447/0 useful/useless insts
SYN-2571 : Optimize after map_dsp, round 2, 0 better
SYN-2501 : Optimize round 1
SYN-1032 : 6209/1 useful/useless nets, 2542/0 useful/useless insts
SYN-1016 : Merged 13 instances.
SYN-2501 : Optimize round 1, 20 better
SYN-2501 : Optimize round 2
SYN-1032 : 6196/0 useful/useless nets, 2529/0 useful/useless insts
SYN-2501 : Optimize round 2, 0 better
SYN-2501 : Map 10 macro adder
SYN-1032 : 6364/6 useful/useless nets, 2697/3 useful/useless insts
RUN-1002 : start command "start_timer -prepack"
TMR-2505 : Start building timing graph for model CPLD_SOC_AHB_TOP.
TMR-2506 : Build timing graph completely. Port num: 6, tpin num: 27293, tnet num: 6365, tinst num: 2692, tnode num: 35619, tedge num: 47105.
TMR-2507 : Eliminate loop in the timing graph, delete 0 tedges.
TMR-2508 : Levelizing timing graph completed, there are 59 levels in total.
TMR-2501 : Timing graph initialized successfully.
TMR-2503 : Start to update net delay, extr mode = 2.
TMR-2504 : Update delay of 6365 nets completely.
TMR-2502 : Annotate delay completely, extr mode = 2.
TMR-3001 : Initiate 1 clocks from SDC.
TMR-3004 : Start mapping sdc constraints, there are 0 constraints in total.
TMR-3005 : Start mapping report constraints, there are 0 constraints in total.
TMR-3003 : Constraints initiated successfully.
TMR-3501 : Forward propagation: start to calculate arrival time...
TMR-3502 : Backward propagation: start to calculate required time...
TMR-3503 : Timing propagation completes.
SYN-3001 : Running gate level optimization.
SYN-2581 : Mapping with K=5, #lut = 102 (3.75), #lev = 5 (2.26)
SYN-2551 : Post LUT mapping optimization.
SYN-2581 : Mapping with K=5, #lut = 102 (3.75), #lev = 5 (2.26)
SYN-2581 : Mapping with K=5, #lut = 102 (3.75), #lev = 5 (2.26)
SYN-3001 : Logic optimization runtime opt =   0.02 sec, map =   0.00 sec
SYN-3001 : Mapper mapped 208 instances into 102 LUTs, name keeping = 58%.
SYN-1001 : Packing model "CPLD_SOC_AHB_TOP" ...
SYN-4010 : Pack lib has 35 rtl pack models with 12 top pack blocks
SYN-1014 : Optimize round 1
SYN-1032 : 6252/0 useful/useless nets, 2585/0 useful/useless insts
SYN-1015 : Optimize round 1, 0 better
SYN-4002 : Packing 230 DFF/LATCH to SEQ ...
SYN-4009 : Pack 5 carry chain into lslice
SYN-4007 : Packing 82 adder to BLE ...
SYN-4008 : Packed 82 adder and 0 SEQ to BLE.
SYN-4007 : Packing 0 gate4 to BLE ...
SYN-4008 : Packed 0 gate4 and 0 SEQ to BLE.
SYN-4012 : Packed 0 FxMUX
SYN-4007 : Packing 0 MUX to BLE ...
SYN-4008 : Packed 0 MUX and 0 SEQ to BLE.
SYN-4007 : Packing 102 LUT to BLE ...
SYN-4008 : Packed 102 LUT and 55 SEQ to BLE.
SYN-4003 : Packing 175 remaining SEQ's ...
SYN-4004 : #0: Packed 0 SEQ (175 nodes)...
SYN-4004 : #1: Packed 37 SEQ (1994 nodes)...
SYN-4004 : #2: Packed 55 SEQ (10200 nodes)...
SYN-4004 : #3: Packed 70 SEQ (4987 nodes)...
SYN-4004 : #4: Packed 76 SEQ (5129 nodes)...
SYN-4004 : #5: Packed 77 SEQ (14764 nodes)...
SYN-4004 : #6: Packed 96 SEQ (19132 nodes)...
SYN-4004 : #7: Packed 113 SEQ (16638 nodes)...
SYN-4004 : #8: Packed 127 SEQ (7012 nodes)...
SYN-4004 : #9: Packed 130 SEQ (3937 nodes)...
SYN-4004 : #10: Packed 132 SEQ (3330 nodes)...
SYN-4005 : Packed 132 SEQ with LUT/SLICE
SYN-4006 : 0 single LUT's are left
SYN-4006 : 175 single SEQ's are left
SYN-4011 : Packing model "CPLD_SOC_AHB_TOP" (AL_USER_NORMAL) with 145/2298 primitive instances ...
RUN-1003 : finish command "optimize_gate -no_sch" in  2.857994s wall, 2.823618s user + 0.109201s system = 2.932819s CPU (102.6%)

RUN-1004 : used memory is 402 MB, reserved memory is 365 MB, peak memory is 421 MB
RUN-1002 : start command "legalize_phy_inst"
SYN-1011 : Flatten model CPLD_SOC_AHB_TOP
KIT-1004 : ChipWatcher: Clear obsolete physical data.
RUN-1003 : finish command "compile_watcher" in  6.420475s wall, 6.286840s user + 0.187201s system = 6.474042s CPU (100.8%)

RUN-1004 : used memory is 402 MB, reserved memory is 365 MB, peak memory is 421 MB
GUI-1001 : Compile ChipWatcher success!
RUN-1002 : start command "place"
RUN-1001 : Open license file C:/Anlogic/TD4.5.12562/license/Anlogic.lic
PHY-3001 : Placer runs in 2 thread(s).
SYN-4016 : Net jtck driven by BUFG (84 clock/control pins, 0 other pins).
SYN-4027 : Net clk100m is clkc1 of pll PLL/pll_inst.
SYN-4027 : Net clk25m is clkc2 of pll PLL/pll_inst.
SYN-4019 : Net clk_pad is refclk of pll PLL/pll_inst.
SYN-4025 : Tag rtl::Net clk100m as clock net
SYN-4025 : Tag rtl::Net clk25m as clock net
SYN-4025 : Tag rtl::Net clk_pad as clock net
SYN-4025 : Tag rtl::Net jtck as clock net
SYN-4026 : Tagged 4 rtl::Net as clock net
PHY-1001 : Populate physical database.
RUN-1001 : There are total 2233 instances
RUN-1001 : 1063 mslices, 1062 lslices, 98 pads, 4 brams, 0 dsps
RUN-1001 : There are total 6097 nets
RUN-1001 : 3121 nets have 2 pins
RUN-1001 : 2233 nets have [3 - 5] pins
RUN-1001 : 526 nets have [6 - 10] pins
RUN-1001 : 73 nets have [11 - 20] pins
RUN-1001 : 141 nets have [21 - 99] pins
RUN-1001 : 3 nets have 100+ pins
PHY-3001 : Initial placement ...
PHY-3001 : design contains 2231 instances, 2125 slices, 42 macros(386 instances)
PHY-3001 : Start timing update ...
RUN-1002 : start command "start_timer"
TMR-2505 : Start building timing graph for model CPLD_SOC_AHB_TOP.
TMR-2506 : Build timing graph completely. Port num: 6, tpin num: 26247, tnet num: 6095, tinst num: 2231, tnode num: 32159, tedge num: 44105.
TMR-2507 : Eliminate loop in the timing graph, delete 0 tedges.
TMR-2508 : Levelizing timing graph completed, there are 33 levels in total.
TMR-2501 : Timing graph initialized successfully.
TMR-2503 : Start to update net delay, extr mode = 2.
TMR-2504 : Update delay of 6095 nets completely.
TMR-2502 : Annotate delay completely, extr mode = 2.
TMR-3001 : Initiate 1 clocks from SDC.
TMR-3004 : Start mapping sdc constraints, there are 0 constraints in total.
TMR-3005 : Start mapping report constraints, there are 0 constraints in total.
TMR-3003 : Constraints initiated successfully.
TMR-3501 : Forward propagation: start to calculate arrival time...
TMR-3502 : Backward propagation: start to calculate required time...
TMR-3503 : Timing propagation completes.
PHY-3001 : End timing update;  1.200220s wall, 1.138807s user + 0.015600s system = 1.154407s CPU (96.2%)

PHY-3001 : Global placement ...
PHY-3001 : Initial: Len = 977098
PHY-3001 : Run with size of 3
PHY-3001 : Cell area utilization is 94%, beta_incr = 0.430804
PHY-3001 : :::0::: Try harder cell spreading with beta_ = 0
PHY-3002 : Step(1): len = 581550, overlap = 214
PHY-3002 : Step(2): len = 399733, overlap = 281.25
PHY-3002 : Step(3): len = 323332, overlap = 300.25
PHY-3002 : Step(4): len = 238284, overlap = 335.75
PHY-3002 : Step(5): len = 190018, overlap = 351.5
PHY-3002 : Step(6): len = 169638, overlap = 361.5
PHY-3002 : Step(7): len = 138995, overlap = 379.5
PHY-3002 : Step(8): len = 124261, overlap = 386
PHY-3002 : Step(9): len = 111547, overlap = 391.25
PHY-3001 : :::1::: Try harder cell spreading with beta_ = 1.37204e-06
PHY-3002 : Step(10): len = 108971, overlap = 391
PHY-3002 : Step(11): len = 107882, overlap = 389
PHY-3002 : Step(12): len = 110949, overlap = 378.75
PHY-3002 : Step(13): len = 109158, overlap = 374.5
PHY-3002 : Step(14): len = 110068, overlap = 358.75
PHY-3002 : Step(15): len = 114188, overlap = 350.5
PHY-3002 : Step(16): len = 114805, overlap = 347
PHY-3002 : Step(17): len = 115318, overlap = 343.5
PHY-3002 : Step(18): len = 117446, overlap = 332.5
PHY-3002 : Step(19): len = 118697, overlap = 321
PHY-3002 : Step(20): len = 118746, overlap = 309.5
PHY-3002 : Step(21): len = 119854, overlap = 298
PHY-3001 : :::2::: Try harder cell spreading with beta_ = 2.74408e-06
PHY-3002 : Step(22): len = 119689, overlap = 293.5
PHY-3002 : Step(23): len = 120733, overlap = 292.5
PHY-3001 : :::3::: Try harder cell spreading with beta_ = 4.99036e-06
PHY-3002 : Step(24): len = 123464, overlap = 289.25
PHY-3002 : Step(25): len = 135273, overlap = 274.25
PHY-3002 : Step(26): len = 137124, overlap = 267.25
PHY-3002 : Step(27): len = 136963, overlap = 264.5
PHY-3002 : Step(28): len = 137900, overlap = 256.5
PHY-3002 : Step(29): len = 138261, overlap = 254.25
PHY-3001 : :::4::: Try harder cell spreading with beta_ = 9.50034e-06
PHY-3002 : Step(30): len = 141025, overlap = 248.5
PHY-3002 : Step(31): len = 147174, overlap = 237.25
PHY-3002 : Step(32): len = 151338, overlap = 229.25
PHY-3002 : Step(33): len = 152253, overlap = 222.75
PHY-3002 : Step(34): len = 153218, overlap = 219
PHY-3002 : Step(35): len = 154222, overlap = 220.75
PHY-3001 : :::5::: Try harder cell spreading with beta_ = 1.86313e-05
PHY-3002 : Step(36): len = 156081, overlap = 222.25
PHY-3002 : Step(37): len = 161385, overlap = 213.5
PHY-3002 : Step(38): len = 165900, overlap = 212.25
PHY-3002 : Step(39): len = 166154, overlap = 211.75
PHY-3002 : Step(40): len = 165256, overlap = 212
PHY-3002 : Step(41): len = 165444, overlap = 210.75
PHY-3001 : :::6::: Try harder cell spreading with beta_ = 3.05731e-05
PHY-3002 : Step(42): len = 166405, overlap = 205.75
PHY-3002 : Step(43): len = 169409, overlap = 201
PHY-3002 : Step(44): len = 172058, overlap = 191.25
PHY-3002 : Step(45): len = 173309, overlap = 182.75
PHY-3002 : Step(46): len = 174099, overlap = 189.25
PHY-3002 : Step(47): len = 174704, overlap = 186.5
PHY-3002 : Step(48): len = 175961, overlap = 176.25
PHY-3001 : Legalization ...
PHY-3001 : End legalization;  0.010410s wall, 0.015600s user + 0.000000s system = 0.015600s CPU (149.9%)

PHY-3001 : Run with size of 3
PHY-3001 : Cell area utilization is 96%, beta_incr = 0.430804
PHY-3001 : Analyzing congestion ...
PHY-3001 : End congestion estimation;  1.259409s wall, 1.248008s user + 0.000000s system = 1.248008s CPU (99.1%)

PHY-3001 : Update density targets...
PHY-3001 : Update congestion history...
PHY-3001 : Update timing in global mode ...
TMR-2503 : Start to update net delay, extr mode = 5.
TMR-2504 : Update delay of 6095 nets completely.
TMR-2502 : Annotate delay completely, extr mode = 5.
TMR-3005 : Start mapping report constraints, there are 0 constraints in total.
TMR-3501 : Forward propagation: start to calculate arrival time...
TMR-3502 : Backward propagation: start to calculate required time...
TMR-3503 : Timing propagation completes.
PHY-3001 : End timing update;  0.691617s wall, 0.702005s user + 0.000000s system = 0.702005s CPU (101.5%)

PHY-3001 : :::0::: Try harder cell spreading with beta_ = 5.6733e-06
PHY-3002 : Step(49): len = 178526, overlap = 170
PHY-3002 : Step(50): len = 177876, overlap = 170.75
PHY-3002 : Step(51): len = 175271, overlap = 184.5
PHY-3002 : Step(52): len = 171840, overlap = 198
PHY-3002 : Step(53): len = 167762, overlap = 205
PHY-3002 : Step(54): len = 164270, overlap = 205.25
PHY-3002 : Step(55): len = 159860, overlap = 208.5
PHY-3002 : Step(56): len = 155634, overlap = 208.75
PHY-3002 : Step(57): len = 153182, overlap = 211
PHY-3002 : Step(58): len = 151199, overlap = 212
PHY-3002 : Step(59): len = 149344, overlap = 210.75
PHY-3001 : :::1::: Try harder cell spreading with beta_ = 1.13466e-05
PHY-3002 : Step(60): len = 152420, overlap = 205.25
PHY-3002 : Step(61): len = 160163, overlap = 199.75
PHY-3002 : Step(62): len = 160219, overlap = 197.25
PHY-3002 : Step(63): len = 160777, overlap = 193.75
PHY-3002 : Step(64): len = 163008, overlap = 187.25
PHY-3001 : :::2::: Try harder cell spreading with beta_ = 2.26932e-05
PHY-3002 : Step(65): len = 168395, overlap = 172.75
PHY-3002 : Step(66): len = 180336, overlap = 144.75
PHY-3002 : Step(67): len = 179906, overlap = 144
PHY-3002 : Step(68): len = 180178, overlap = 138.75
PHY-3002 : Step(69): len = 181168, overlap = 134.25
PHY-3001 : :::3::: Try harder cell spreading with beta_ = 4.53864e-05
PHY-3002 : Step(70): len = 187379, overlap = 128.25
PHY-3002 : Step(71): len = 196099, overlap = 121.75
PHY-3002 : Step(72): len = 196037, overlap = 117.25
PHY-3002 : Step(73): len = 196189, overlap = 113.25
PHY-3002 : Step(74): len = 197110, overlap = 117
PHY-3002 : Step(75): len = 197386, overlap = 118.75
PHY-3001 : :::4::: Try harder cell spreading with beta_ = 9.07727e-05
PHY-3002 : Step(76): len = 202526, overlap = 120
PHY-3002 : Step(77): len = 208082, overlap = 119
PHY-3002 : Step(78): len = 207154, overlap = 117
PHY-3002 : Step(79): len = 206913, overlap = 114.75
PHY-3002 : Step(80): len = 208740, overlap = 112
PHY-3001 : :::5::: Try harder cell spreading with beta_ = 0.000179772
PHY-3002 : Step(81): len = 214434, overlap = 114
PHY-3002 : Step(82): len = 217639, overlap = 112
PHY-3002 : Step(83): len = 220656, overlap = 114.5
PHY-3002 : Step(84): len = 221586, overlap = 117.5
PHY-3001 : Run with size of 1
PHY-3001 : Cell area utilization is 96%, beta_incr = 0.430804
PHY-3001 : Analyzing congestion ...
PHY-3001 : End congestion estimation;  1.082394s wall, 1.092007s user + 0.000000s system = 1.092007s CPU (100.9%)

PHY-3001 : Update density targets...
PHY-3001 : Update congestion history...
PHY-3001 : Update timing in global mode ...
TMR-2503 : Start to update net delay, extr mode = 5.
TMR-2504 : Update delay of 6095 nets completely.
TMR-2502 : Annotate delay completely, extr mode = 5.
TMR-3005 : Start mapping report constraints, there are 0 constraints in total.
TMR-3501 : Forward propagation: start to calculate arrival time...
TMR-3502 : Backward propagation: start to calculate required time...
TMR-3503 : Timing propagation completes.
PHY-3001 : End timing update;  0.698857s wall, 0.702005s user + 0.000000s system = 0.702005s CPU (100.5%)

PHY-3001 : :::0::: Try harder cell spreading with beta_ = 7.40605e-05
PHY-3002 : Step(85): len = 223093, overlap = 194
PHY-3002 : Step(86): len = 220126, overlap = 179.25
PHY-3002 : Step(87): len = 215694, overlap = 182.25
PHY-3002 : Step(88): len = 209848, overlap = 182.25
PHY-3002 : Step(89): len = 204229, overlap = 194.25
PHY-3002 : Step(90): len = 200159, overlap = 206.25
PHY-3002 : Step(91): len = 196080, overlap = 203.25
PHY-3002 : Step(92): len = 192519, overlap = 208
PHY-3002 : Step(93): len = 189661, overlap = 214.25
PHY-3002 : Step(94): len = 187173, overlap = 212.25
PHY-3001 : :::1::: Try harder cell spreading with beta_ = 0.000148121
PHY-3002 : Step(95): len = 195807, overlap = 201
PHY-3002 : Step(96): len = 201004, overlap = 188.5
PHY-3002 : Step(97): len = 201443, overlap = 184.25
PHY-3002 : Step(98): len = 201629, overlap = 179.25
PHY-3002 : Step(99): len = 202294, overlap = 181.75
PHY-3001 : :::2::: Try harder cell spreading with beta_ = 0.000295923
PHY-3002 : Step(100): len = 209028, overlap = 171.5
PHY-3002 : Step(101): len = 211879, overlap = 163.75
PHY-3002 : Step(102): len = 215619, overlap = 157.25
PHY-3002 : Step(103): len = 216888, overlap = 159.5
PHY-3002 : Step(104): len = 216761, overlap = 159.5
PHY-3002 : Step(105): len = 216573, overlap = 160.25
PHY-3001 : :::3::: Try harder cell spreading with beta_ = 0.000556033
PHY-3002 : Step(106): len = 220970, overlap = 159
PHY-3002 : Step(107): len = 222750, overlap = 156.25
PHY-3002 : Step(108): len = 225423, overlap = 151.75
PHY-3002 : Step(109): len = 226555, overlap = 149.25
PHY-3002 : Step(110): len = 226663, overlap = 151.75
PHY-3001 : :::4::: Try harder cell spreading with beta_ = 0.00100068
PHY-3002 : Step(111): len = 229074, overlap = 149
PHY-3002 : Step(112): len = 230170, overlap = 146.25
PHY-3002 : Step(113): len = 231199, overlap = 146.75
PHY-3001 : :::5::: Try harder cell spreading with beta_ = 0.00156117
PHY-3002 : Step(114): len = 232109, overlap = 145.5
PHY-3002 : Step(115): len = 233675, overlap = 147.5
PHY-3002 : Step(116): len = 234330, overlap = 147.5
PHY-3002 : Step(117): len = 235227, overlap = 144.25
PHY-3002 : Step(118): len = 236139, overlap = 141.25
PHY-3001 : Legalization ...
PHY-3001 : End legalization;  0.215621s wall, 0.202801s user + 0.078001s system = 0.280802s CPU (130.2%)

PHY-3001 : Run with size of 1
PHY-3001 : Cell area utilization is 95%, beta_incr = 0.430804
PHY-3001 : Analyzing congestion ...
PHY-3001 : End congestion estimation;  1.180450s wall, 1.170008s user + 0.000000s system = 1.170008s CPU (99.1%)

PHY-3001 : Update density targets...
PHY-3001 : Update congestion history...
PHY-3001 : Update timing in global mode ...
TMR-2503 : Start to update net delay, extr mode = 5.
TMR-2504 : Update delay of 6095 nets completely.
TMR-2502 : Annotate delay completely, extr mode = 5.
TMR-3005 : Start mapping report constraints, there are 0 constraints in total.
TMR-3501 : Forward propagation: start to calculate arrival time...
TMR-3502 : Backward propagation: start to calculate required time...
TMR-3503 : Timing propagation completes.
PHY-3001 : End timing update;  0.758447s wall, 0.764405s user + 0.000000s system = 0.764405s CPU (100.8%)

PHY-3001 : :::0::: Try harder cell spreading with beta_ = 0.000382509
PHY-3002 : Step(119): len = 249463, overlap = 142.75
PHY-3002 : Step(120): len = 246707, overlap = 135.25
PHY-3002 : Step(121): len = 240514, overlap = 133.75
PHY-3002 : Step(122): len = 237852, overlap = 134.25
PHY-3002 : Step(123): len = 235209, overlap = 141.25
PHY-3002 : Step(124): len = 233715, overlap = 140.75
PHY-3002 : Step(125): len = 232788, overlap = 141.75
PHY-3002 : Step(126): len = 231772, overlap = 142.75
PHY-3002 : Step(127): len = 231046, overlap = 143
PHY-3001 : :::1::: Try harder cell spreading with beta_ = 0.000741327
PHY-3002 : Step(128): len = 234619, overlap = 136.75
PHY-3002 : Step(129): len = 235293, overlap = 135.5
PHY-3002 : Step(130): len = 235916, overlap = 133.5
PHY-3001 : :::2::: Try harder cell spreading with beta_ = 0.00118888
PHY-3002 : Step(131): len = 237849, overlap = 129.75
PHY-3002 : Step(132): len = 239031, overlap = 126.75
PHY-3001 : :::3::: Try harder cell spreading with beta_ = 0.00165929
PHY-3002 : Step(133): len = 239893, overlap = 126.5
PHY-3002 : Step(134): len = 241253, overlap = 127
PHY-3002 : Step(135): len = 242052, overlap = 124
PHY-3002 : Step(136): len = 242573, overlap = 121
PHY-3002 : Step(137): len = 243035, overlap = 122.75
PHY-3001 : Legalization ...
PHY-3001 : End legalization;  0.253903s wall, 0.249602s user + 0.000000s system = 0.249602s CPU (98.3%)

PHY-3001 : Legalized: Len = 257605, Over = 0
PHY-3001 : Spreading special nets. 42 overflows in 750 tiles.
PHY-3001 : 76 instances has been re-located, deltaX = 108, deltaY = 58.
PHY-3001 : Final: Len = 260219, Over = 0
RUN-1003 : finish command "place" in  21.466385s wall, 29.780591s user + 1.123207s system = 30.903798s CPU (144.0%)

RUN-1004 : used memory is 415 MB, reserved memory is 377 MB, peak memory is 421 MB
RUN-1002 : start command "route"
RUN-1001 : Open license file C:/Anlogic/TD4.5.12562/license/Anlogic.lic
PHY-1001 : Pin swapping for better routability
PHY-1001 : Pin misalignment score is improved from 3011 to 2314
PHY-1001 : Pin misalignment score is improved from 2314 to 2271
PHY-1001 : Pin misalignment score is improved from 2271 to 2264
PHY-1001 : Pin misalignment score is improved from 2264 to 2260
PHY-1001 : Pin misalignment score is improved from 2260 to 2260
PHY-1001 : Pin local connectivity score is improved from 269 to 0
PHY-1001 : Pin misalignment score is improved from 2375 to 2307
PHY-1001 : Pin misalignment score is improved from 2307 to 2303
PHY-1001 : Pin misalignment score is improved from 2303 to 2303
PHY-1001 : Pin local connectivity score is improved from 42 to 0
PHY-1001 : End pin swap;  3.467768s wall, 3.463222s user + 0.015600s system = 3.478822s CPU (100.3%)

PHY-1001 : Route runs in 2 thread(s)
RUN-1001 : There are total 2233 instances
RUN-1001 : 1063 mslices, 1062 lslices, 98 pads, 4 brams, 0 dsps
RUN-1001 : There are total 6097 nets
RUN-1001 : 3121 nets have 2 pins
RUN-1001 : 2233 nets have [3 - 5] pins
RUN-1001 : 526 nets have [6 - 10] pins
RUN-1001 : 73 nets have [11 - 20] pins
RUN-1001 : 141 nets have [21 - 99] pins
RUN-1001 : 3 nets have 100+ pins
PHY-1001 : Start global routing ...
PHY-1001 : Generate routing grids ...
PHY-1001 : Initialize routing nets ...
PHY-1001 : Ripup & Reroute ...
PHY-1002 : len = 330584, over cnt = 1792(22%), over = 3529, worst = 10
PHY-1002 : len = 338808, over cnt = 1562(19%), over = 2499, worst = 4
PHY-1002 : len = 346368, over cnt = 1453(18%), over = 2027, worst = 4
PHY-1002 : len = 371816, over cnt = 1097(13%), over = 1193, worst = 3
PHY-1002 : len = 389328, over cnt = 891(11%), over = 917, worst = 3
PHY-1002 : len = 405520, over cnt = 782(9%), over = 793, worst = 2
RUN-1002 : start command "start_timer"
TMR-2505 : Start building timing graph for model CPLD_SOC_AHB_TOP.
TMR-2506 : Build timing graph completely. Port num: 6, tpin num: 26247, tnet num: 6095, tinst num: 2231, tnode num: 32159, tedge num: 44105.
TMR-2507 : Eliminate loop in the timing graph, delete 0 tedges.
TMR-2508 : Levelizing timing graph completed, there are 33 levels in total.
TMR-2501 : Timing graph initialized successfully.
PHY-1001 : Generate timing info.
TMR-2503 : Start to update net delay, extr mode = 5.
TMR-2504 : Update delay of 6095 nets completely.
TMR-2502 : Annotate delay completely, extr mode = 5.
TMR-3001 : Initiate 1 clocks from SDC.
TMR-3004 : Start mapping sdc constraints, there are 0 constraints in total.
TMR-3005 : Start mapping report constraints, there are 0 constraints in total.
TMR-3003 : Constraints initiated successfully.
TMR-3501 : Forward propagation: start to calculate arrival time...
TMR-3502 : Backward propagation: start to calculate required time...
TMR-3503 : Timing propagation completes.
PHY-1001 : Optimize timing.
PHY-1001 : 18 out of 6097 nets being processed.
TMR-2503 : Start to update net delay, extr mode = 5.
TMR-2504 : Update delay of 6095 nets completely.
TMR-2502 : Annotate delay completely, extr mode = 5.
TMR-3005 : Start mapping report constraints, there are 0 constraints in total.
TMR-3501 : Forward propagation: start to calculate arrival time...
TMR-3502 : Backward propagation: start to calculate required time...
TMR-3503 : Timing propagation completes.
PHY-1001 : End global routing;  5.203055s wall, 5.210433s user + 0.015600s system = 5.226033s CPU (100.4%)

PHY-1001 : Start detail routing ...
PHY-1001 : Generate detailed routing grids ...
PHY-1001 : Generate nets ...
PHY-1001 : net clk100m will be routed on clock mesh
PHY-1001 : net clk25m will be routed on clock mesh
PHY-1001 : net clk_pad will be routed on clock mesh
PHY-1001 : clock net jtck will be merged with clock jtck_leading
PHY-1001 : Detail Route ...
PHY-1001 : ===== Detail Route Phase 1 =====
PHY-1001 : Routed 0% nets.
PHY-1002 : len = 40760, over cnt = 0(0%), over = 0, worst = 0
PHY-1001 : End Routed; 0.212251s wall, 0.202801s user + 0.000000s system = 0.202801s CPU (95.5%)

PHY-1001 : ===== Detail Route Phase 2 =====
PHY-1001 : Routed 0% nets.
PHY-1002 : len = 41592, over cnt = 0(0%), over = 0, worst = 0
PHY-1001 : End Routed; 0.029789s wall, 0.031200s user + 0.000000s system = 0.031200s CPU (104.7%)

PHY-1001 : ===== Detail Route Phase 3 =====
PHY-1001 : Routed 45% nets.
PHY-1001 : Routed 52% nets.
PHY-1001 : Routed 62% nets.
PHY-1001 : Routed 73% nets.
PHY-1001 : Routed 92% nets.
PHY-1002 : len = 715872, over cnt = 2135(1%), over = 2216, worst = 3
PHY-1001 : End Routed; 26.178826s wall, 31.278201s user + 0.202801s system = 31.481002s CPU (120.3%)

PHY-1001 : ===== DR Iter 1 =====
PHY-1002 : len = 653632, over cnt = 1212(0%), over = 1220, worst = 2
PHY-1001 : End DR Iter 1; 14.453667s wall, 14.960496s user + 0.078001s system = 15.038496s CPU (104.0%)

PHY-1001 : ===== DR Iter 2 =====
PHY-1002 : len = 639968, over cnt = 546(0%), over = 546, worst = 1
PHY-1001 : End DR Iter 2; 7.815509s wall, 7.815650s user + 0.000000s system = 7.815650s CPU (100.0%)

PHY-1001 : ===== DR Iter 3 =====
PHY-1002 : len = 641392, over cnt = 241(0%), over = 241, worst = 1
PHY-1001 : End DR Iter 3; 3.541290s wall, 3.541223s user + 0.000000s system = 3.541223s CPU (100.0%)

PHY-1001 : ===== DR Iter 4 =====
PHY-1002 : len = 644448, over cnt = 87(0%), over = 87, worst = 1
PHY-1001 : End DR Iter 4; 2.047539s wall, 2.043613s user + 0.015600s system = 2.059213s CPU (100.6%)

PHY-1001 : ===== DR Iter 5 =====
PHY-1002 : len = 647704, over cnt = 30(0%), over = 30, worst = 1
PHY-1001 : End DR Iter 5; 0.670474s wall, 0.670804s user + 0.000000s system = 0.670804s CPU (100.0%)

PHY-1001 : ===== DR Iter 6 =====
PHY-1002 : len = 649352, over cnt = 13(0%), over = 13, worst = 1
PHY-1001 : End DR Iter 6; 1.047425s wall, 1.029607s user + 0.015600s system = 1.045207s CPU (99.8%)

PHY-1001 : ===== DR Iter 7 =====
PHY-1002 : len = 650264, over cnt = 6(0%), over = 6, worst = 1
PHY-1001 : End DR Iter 7; 1.672988s wall, 1.653611s user + 0.015600s system = 1.669211s CPU (99.8%)

PHY-1001 : ===== DR Iter 8 =====
PHY-1002 : len = 650664, over cnt = 3(0%), over = 3, worst = 1
PHY-1001 : End DR Iter 8; 1.398478s wall, 1.404009s user + 0.000000s system = 1.404009s CPU (100.4%)

PHY-1001 : ===== DR Iter 9 =====
PHY-1002 : len = 650664, over cnt = 3(0%), over = 3, worst = 1
PHY-1001 : End DR Iter 9; 0.869864s wall, 0.873606s user + 0.015600s system = 0.889206s CPU (102.2%)

PHY-1001 : ===== DR Iter 10 =====
PHY-1002 : len = 650664, over cnt = 3(0%), over = 3, worst = 1
PHY-1001 : End DR Iter 10; 0.869348s wall, 0.904806s user + 0.000000s system = 0.904806s CPU (104.1%)

PHY-1001 : LB ...
PHY-1001 : ===== LB Iter 1 =====
PHY-1002 : len = 650664, over cnt = 3(0%), over = 3, worst = 1
PHY-1001 : End LB Iter 9; 0.867163s wall, 0.904806s user + 0.000000s system = 0.904806s CPU (104.3%)

PHY-1001 : ===== LB Iter 2 =====
PHY-1002 : len = 650664, over cnt = 3(0%), over = 3, worst = 1
PHY-1001 : End LB Iter 10; 0.872663s wall, 1.029607s user + 0.046800s system = 1.076407s CPU (123.3%)

PHY-1001 : ===== LB Iter 3 =====
PHY-1002 : len = 650664, over cnt = 3(0%), over = 3, worst = 1
PHY-1001 : End LB Iter 11; 0.861627s wall, 0.982806s user + 0.031200s system = 1.014007s CPU (117.7%)

PHY-1001 : ===== LB Iter 4 =====
PHY-1002 : len = 650664, over cnt = 3(0%), over = 3, worst = 1
PHY-1001 : End LB Iter 12; 0.877871s wall, 0.982806s user + 0.031200s system = 1.014007s CPU (115.5%)

PHY-1001 : ===== LB Iter 5 =====
PHY-1002 : len = 650664, over cnt = 3(0%), over = 3, worst = 1
PHY-1001 : End LB Iter 13; 0.874593s wall, 1.060807s user + 0.015600s system = 1.076407s CPU (123.1%)

PHY-1001 : DC ...
PHY-1001 : ==== DC Iter 1 ====
PHY-1002 : len = 650776, over cnt = 0(0%), over = 0, worst = 0
PHY-1003 : Routed, final wirelength = 650776
PHY-1001 : End DC Iter 1; 0.256639s wall, 0.296402s user + 0.015600s system = 0.312002s CPU (121.6%)

PHY-1001 : 1 feed throughs used by 1 nets
PHY-1001 : Generate detailed routing grids ...
PHY-1001 : Generate nets ...
PHY-1001 : net clk100m will be routed on clock mesh
PHY-1001 : net clk25m will be routed on clock mesh
PHY-1001 : net clk_pad will be routed on clock mesh
PHY-1001 : clock net jtck will be merged with clock jtck_leading
PHY-1001 : eco open net = 0
PHY-1001 : End detail routing;  75.188309s wall, 81.385722s user + 0.655204s system = 82.040926s CPU (109.1%)

PHY-1001 : Routing violations:
PHY-1001 : End of Routing Violations.
RUN-1003 : finish command "route" in  83.991848s wall, 90.184178s user + 0.686404s system = 90.870582s CPU (108.2%)

RUN-1004 : used memory is 541 MB, reserved memory is 502 MB, peak memory is 575 MB
RUN-1002 : start command "report_area -io_info -file Quick_Start_phy.area"
RUN-1001 : standard
***Report Model: CPLD_SOC_AHB_TOP***

IO Statistics
#IO                    98
  #input               33
  #output              65
  #inout                0

Utilization Statistics
#lut                 4183   out of   4480   93.37%
#reg                 2884   out of   4480   64.38%
#le                  4226
  #lut only          1342   out of   4226   31.76%
  #reg only            43   out of   4226    1.02%
  #lut&reg           2841   out of   4226   67.23%
#dsp                    0   out of     15    0.00%
#bram                   0   out of     12    0.00%
  #bram9k               0
  #fifo9k               0
#bram32k                4   out of      6   66.67%
#mcu                    1   out of      1  100.00%
#pad                   98   out of    202   48.51%
  #ireg                 0
  #oreg                16
  #treg                 0
#pll                    1   out of      1  100.00%

RUN-1001 : 

RUN-1002 : start command "export_db Quick_Start_pr.db"
RUN-1001 : Exported /
RUN-1001 : Exported libs
RUN-1001 : Exported entities
RUN-1001 : Exported ports
RUN-1001 : Exported pins
RUN-1001 : Exported instances
RUN-1001 : Exported nets
RUN-1001 : Exported buses
RUN-1001 : Exported models
RUN-1001 : Exported congestions
RUN-1001 : Exported violations
RUN-1001 : Exported timing constraints
RUN-1001 : Exported IO constraints
RUN-1001 : Exported Inst constraints
RUN-1001 : Exported flow parameters
RUN-1001 : Exported ChipWatcher
RUN-1003 : finish command "export_db Quick_Start_pr.db" in  2.646558s wall, 2.589617s user + 0.078001s system = 2.667617s CPU (100.8%)

RUN-1004 : used memory is 541 MB, reserved memory is 502 MB, peak memory is 575 MB
RUN-1002 : start command "start_timer"
TMR-2505 : Start building timing graph for model CPLD_SOC_AHB_TOP.
TMR-2506 : Build timing graph completely. Port num: 6, tpin num: 26247, tnet num: 6095, tinst num: 2232, tnode num: 32159, tedge num: 44105.
TMR-2507 : Eliminate loop in the timing graph, delete 0 tedges.
TMR-2508 : Levelizing timing graph completed, there are 33 levels in total.
TMR-2501 : Timing graph initialized successfully.
RUN-1002 : start command "report_timing -mode FINAL -net_info -ep_num 3 -path_num 3 -file Quick_Start_phy.timing"
TMR-2503 : Start to update net delay, extr mode = 6.
PHY-1001 : Generate detailed routing grids ...
PHY-1001 : Generate nets ...
PHY-1001 : net clk100m will be routed on clock mesh
PHY-1001 : net clk25m will be routed on clock mesh
PHY-1001 : net clk_pad will be routed on clock mesh
PHY-1001 : clock net jtck will be merged with clock jtck_leading
PHY-1001 : eco open net = 0
TMR-2504 : Update delay of 6095 nets completely.
TMR-2502 : Annotate delay completely, extr mode = 6.
TMR-3001 : Initiate 1 clocks from SDC.
TMR-3004 : Start mapping sdc constraints, there are 0 constraints in total.
TMR-3005 : Start mapping report constraints, there are 0 constraints in total.
TMR-3003 : Constraints initiated successfully.
TMR-3501 : Forward propagation: start to calculate arrival time...
TMR-3502 : Backward propagation: start to calculate required time...
TMR-3503 : Timing propagation completes.
TMR-3506 : Start to generate timing report.
TMR-1502 : clock_nets size = 4, clk_num = 1.
TMR-5009 WARNING: There are(is) 1 clock net(s) without clock constraint(s).
TMR-3508 : Export timing summary.
TMR-3507 : Timing report generated successfully in Quick_Start_phy.timing, timing summary in Quick_Start_phy.tsm.
RUN-1003 : finish command "report_timing -mode FINAL -net_info -ep_num 3 -path_num 3 -file Quick_Start_phy.timing" in  3.792553s wall, 3.728424s user + 0.031200s system = 3.759624s CPU (99.1%)

RUN-1004 : used memory is 593 MB, reserved memory is 554 MB, peak memory is 593 MB
RUN-1002 : start command "bitgen -bit Quick_Start.bit -version 0X00 -128 ../AHB_SDK256_CC/Quick_Start.bin -g ucode:00000000110101000000101101111000 -f Quick_Start.btc"
BIT-1003 : Start to generate bitstream. 
BIT-1002 : Init instances with 2 threads.
BIT-1002 : Init instances completely, inst num: 2234
BIT-1002 : Init pips with 2 threads.
BIT-1002 : Init pips completely, net num: 6097, pip num: 58817
BIT-1003 : Multithreading accelaration with 2 threads.
BIT-1003 : Generate bitstream completely, there are 942 valid insts, and 164840 bits set as '1'.
BIT-1004 : Generate bits file Quick_Start.bit.
RUN-1003 : finish command "bitgen -bit Quick_Start.bit -version 0X00 -128 ../AHB_SDK256_CC/Quick_Start.bin -g ucode:00000000110101000000101101111000 -f Quick_Start.btc" in  10.875396s wall, 20.872934s user + 0.078001s system = 20.950934s CPU (192.6%)

RUN-1004 : used memory is 618 MB, reserved memory is 578 MB, peak memory is 626 MB
RUN-1002 : start command "download -bit Quick_Start.bit -mode program_spi -v -spd 6 -sec 64 -cable 0"
PRG-2014 : Chip validation success: EF2L45B
RUN-1002 : start command "bit_to_vec -chip EF2L45B -m program_spi -bit Quick_Start.bit"
RUN-1003 : finish command "bit_to_vec -chip EF2L45B -m program_spi -bit Quick_Start.bit" in  1.404744s wall, 1.248008s user + 0.140401s system = 1.388409s CPU (98.8%)

RUN-1004 : used memory is 723 MB, reserved memory is 683 MB, peak memory is 726 MB
RUN-1002 : start command "program_spief -cable 0 -spd 6"
RUN-1003 : finish command "program_spief -cable 0 -spd 6" in  27.080993s wall, 3.026419s user + 0.327602s system = 3.354021s CPU (12.4%)

RUN-1004 : used memory is 725 MB, reserved memory is 685 MB, peak memory is 727 MB
RUN-1002 : start command "bit_to_vec -chip EF2L45B -m verify_spi -bit Quick_Start.bit"
RUN-1002 : start command "program -cable 0 -spd 4"
RUN-1003 : finish command "program -cable 0 -spd 4" in  6.709594s wall, 0.327602s user + 0.078001s system = 0.405603s CPU (6.0%)

RUN-1004 : used memory is 700 MB, reserved memory is 660 MB, peak memory is 727 MB
RUN-1002 : start command "program -cable 0 -spd 1"
RUN-1003 : finish command "download -bit Quick_Start.bit -mode program_spi -v -spd 6 -sec 64 -cable 0" in  35.960469s wall, 5.085633s user + 0.577204s system = 5.662836s CPU (15.7%)

RUN-1004 : used memory is 690 MB, reserved memory is 650 MB, peak memory is 727 MB
GUI-1001 : Download success!
GUI-1001 : User opens chip watcher ...
RUN-1002 : start command "download -bit Quick_Start.bit -mode jtag -spd 4 -cable 0"
PRG-2014 : Chip validation success: EF2L45B
RUN-1002 : start command "bit_to_vec -chip EF2L45B -m jtag -bit Quick_Start.bit"
PRG-3000 : BIT2VEC::JtagBitstream: completed! line_num = 810, frame_num = 765
RUN-1002 : start command "program -cable 0 -spd 4 -p"
RUN-1003 : finish command "program -cable 0 -spd 4 -p" in  6.663762s wall, 0.702005s user + 0.312002s system = 1.014007s CPU (15.2%)

RUN-1004 : used memory is 694 MB, reserved memory is 653 MB, peak memory is 727 MB
RUN-1003 : finish command "download -bit Quick_Start.bit -mode jtag -spd 4 -cable 0" in  8.174131s wall, 1.684811s user + 0.374402s system = 2.059213s CPU (25.2%)

RUN-1004 : used memory is 683 MB, reserved memory is 643 MB, peak memory is 727 MB
GUI-1001 : Download success!
KIT-1004 : ChipWatcher: write ctrl reg value: 000000000000000000000000000000000000000000000000000000000000000000000000000000000000000000000000
KIT-1004 : ChipWatcher: write ctrl reg value: 101000000000000000000000000000000000000000000000000000000000000000100000100000000000000010000000
KIT-1004 : ChipWatcher: the value of status register = 110000001110110110
RUN-1002 : start command "rdbk_bram32 -bram 0X0004 -cable 0"
RUN-1002 : start command "program -spd 1 -cable 0"
RUN-1002 : start command "program -spd 1 -cable 0"
RUN-1002 : start command "program -spd 1 -cable 0"
RUN-1002 : start command "program -spd 1 -cable 0"
KIT-1001 : Read back data from BRAM32 0X0004 successfully.
RUN-1002 : start command "rdbk_bram32 -bram 0X0008 -cable 0"
RUN-1002 : start command "program -spd 1 -cable 0"
RUN-1002 : start command "program -spd 1 -cable 0"
RUN-1002 : start command "program -spd 1 -cable 0"
RUN-1002 : start command "program -spd 1 -cable 0"
KIT-1001 : Read back data from BRAM32 0X0008 successfully.
RUN-1002 : start command "rdbk_bram32 -bram 0X000C -cable 0"
RUN-1002 : start command "program -spd 1 -cable 0"
RUN-1002 : start command "program -spd 1 -cable 0"
RUN-1002 : start command "program -spd 1 -cable 0"
RUN-1002 : start command "program -spd 1 -cable 0"
KIT-1001 : Read back data from BRAM32 0X000C successfully.
RUN-1002 : start command "rdbk_bram32 -bram 0X0010 -cable 0"
RUN-1002 : start command "program -spd 1 -cable 0"
RUN-1002 : start command "program -spd 1 -cable 0"
RUN-1002 : start command "program -spd 1 -cable 0"
RUN-1002 : start command "program -spd 1 -cable 0"
KIT-1001 : Read back data from BRAM32 0X0010 successfully.
SYN-2541 : Attrs-to-init for 4 logic bram(s)
SYN-2541 : Reading sub[0] auto_chipwatcher_0_logicbram_1024x58_sub_000000_000
SYN-2541 : Reading sub[1] auto_chipwatcher_0_logicbram_1024x58_sub_000000_016
SYN-2541 : Reading sub[2] auto_chipwatcher_0_logicbram_1024x58_sub_000000_032
SYN-2541 : Reading sub[3] auto_chipwatcher_0_logicbram_1024x58_sub_000000_048
KIT-1004 : ChipWatcher: write ctrl reg value: 101000000000000000000000000000000000000000000000000000000000000000100000100000000000000000000000
KIT-1004 : ChipWatcher: write ctrl reg value: 000000000000000000000000000000000000000000000000000000000000000000000000000000000000000000000000
KIT-1004 : ChipWatcher: write ctrl reg value: 101000000000000000000000000000000000000000000000000000000000000000100000100000000000000010000000
KIT-1004 : ChipWatcher: write ctrl reg value: 101000000000000000000000000000000000000000000000000000000000000000100000100000000000000010000000
KIT-1004 : ChipWatcher: the value of status register = 110000001101000011
RUN-1002 : start command "rdbk_bram32 -bram 0X0004 -cable 0"
RUN-1002 : start command "program -spd 1 -cable 0"
RUN-1002 : start command "program -spd 1 -cable 0"
RUN-1002 : start command "program -spd 1 -cable 0"
RUN-1002 : start command "program -spd 1 -cable 0"
KIT-1001 : Read back data from BRAM32 0X0004 successfully.
RUN-1002 : start command "rdbk_bram32 -bram 0X0008 -cable 0"
RUN-1002 : start command "program -spd 1 -cable 0"
RUN-1002 : start command "program -spd 1 -cable 0"
RUN-1002 : start command "program -spd 1 -cable 0"
RUN-1002 : start command "program -spd 1 -cable 0"
KIT-1001 : Read back data from BRAM32 0X0008 successfully.
RUN-1002 : start command "rdbk_bram32 -bram 0X000C -cable 0"
RUN-1002 : start command "program -spd 1 -cable 0"
RUN-1002 : start command "program -spd 1 -cable 0"
RUN-1002 : start command "program -spd 1 -cable 0"
RUN-1002 : start command "program -spd 1 -cable 0"
KIT-1001 : Read back data from BRAM32 0X000C successfully.
RUN-1002 : start command "rdbk_bram32 -bram 0X0010 -cable 0"
RUN-1002 : start command "program -spd 1 -cable 0"
RUN-1002 : start command "program -spd 1 -cable 0"
RUN-1002 : start command "program -spd 1 -cable 0"
RUN-1002 : start command "program -spd 1 -cable 0"
KIT-1001 : Read back data from BRAM32 0X0010 successfully.
SYN-2541 : Attrs-to-init for 4 logic bram(s)
SYN-2541 : Reading sub[0] auto_chipwatcher_0_logicbram_1024x58_sub_000000_000
SYN-2541 : Reading sub[1] auto_chipwatcher_0_logicbram_1024x58_sub_000000_016
SYN-2541 : Reading sub[2] auto_chipwatcher_0_logicbram_1024x58_sub_000000_032
SYN-2541 : Reading sub[3] auto_chipwatcher_0_logicbram_1024x58_sub_000000_048
KIT-1004 : ChipWatcher: write ctrl reg value: 101000000000000000000000000000000000000000000000000000000000000000100000100000000000000000000000
KIT-1004 : ChipWatcher: write ctrl reg value: 000000000000000000000000000000000000000000000000000000000000000000000000000000000000000000000000
KIT-1004 : ChipWatcher: write ctrl reg value: 101000000000000000000000000000000000000000000000000000000000000000100000100000000000000010000000
KIT-1004 : ChipWatcher: write ctrl reg value: 101000000000000000000000000000000000000000000000000000000000000000100000100000000000000010000000
KIT-1004 : ChipWatcher: the value of status register = 110000000101101011
RUN-1002 : start command "rdbk_bram32 -bram 0X0004 -cable 0"
RUN-1002 : start command "program -spd 1 -cable 0"
RUN-1002 : start command "program -spd 1 -cable 0"
RUN-1002 : start command "program -spd 1 -cable 0"
RUN-1002 : start command "program -spd 1 -cable 0"
KIT-1001 : Read back data from BRAM32 0X0004 successfully.
RUN-1002 : start command "rdbk_bram32 -bram 0X0008 -cable 0"
RUN-1002 : start command "program -spd 1 -cable 0"
RUN-1002 : start command "program -spd 1 -cable 0"
RUN-1002 : start command "program -spd 1 -cable 0"
RUN-1002 : start command "program -spd 1 -cable 0"
KIT-1001 : Read back data from BRAM32 0X0008 successfully.
RUN-1002 : start command "rdbk_bram32 -bram 0X000C -cable 0"
RUN-1002 : start command "program -spd 1 -cable 0"
RUN-1002 : start command "program -spd 1 -cable 0"
RUN-1002 : start command "program -spd 1 -cable 0"
RUN-1002 : start command "program -spd 1 -cable 0"
KIT-1001 : Read back data from BRAM32 0X000C successfully.
RUN-1002 : start command "rdbk_bram32 -bram 0X0010 -cable 0"
RUN-1002 : start command "program -spd 1 -cable 0"
RUN-1002 : start command "program -spd 1 -cable 0"
RUN-1002 : start command "program -spd 1 -cable 0"
RUN-1002 : start command "program -spd 1 -cable 0"
KIT-1001 : Read back data from BRAM32 0X0010 successfully.
SYN-2541 : Attrs-to-init for 4 logic bram(s)
SYN-2541 : Reading sub[0] auto_chipwatcher_0_logicbram_1024x58_sub_000000_000
SYN-2541 : Reading sub[1] auto_chipwatcher_0_logicbram_1024x58_sub_000000_016
SYN-2541 : Reading sub[2] auto_chipwatcher_0_logicbram_1024x58_sub_000000_032
SYN-2541 : Reading sub[3] auto_chipwatcher_0_logicbram_1024x58_sub_000000_048
KIT-1004 : ChipWatcher: write ctrl reg value: 101000000000000000000000000000000000000000000000000000000000000000100000100000000000000000000000
KIT-1004 : ChipWatcher: write ctrl reg value: 000000000000000000000000000000000000000000000000000000000000000000000000000000000000000000000000
KIT-1004 : ChipWatcher: write ctrl reg value: 101000000000000000000000000000000000000000000000000000000000000000100000100000000000000010000000
KIT-1004 : ChipWatcher: write ctrl reg value: 101000000000000000000000000000000000000000000000000000000000000000100000100000000000000010000000
KIT-1004 : ChipWatcher: the value of status register = 110000001001111001
RUN-1002 : start command "rdbk_bram32 -bram 0X0004 -cable 0"
RUN-1002 : start command "program -spd 1 -cable 0"
RUN-1002 : start command "program -spd 1 -cable 0"
RUN-1002 : start command "program -spd 1 -cable 0"
RUN-1002 : start command "program -spd 1 -cable 0"
KIT-1001 : Read back data from BRAM32 0X0004 successfully.
RUN-1002 : start command "rdbk_bram32 -bram 0X0008 -cable 0"
RUN-1002 : start command "program -spd 1 -cable 0"
RUN-1002 : start command "program -spd 1 -cable 0"
RUN-1002 : start command "program -spd 1 -cable 0"
RUN-1002 : start command "program -spd 1 -cable 0"
KIT-1001 : Read back data from BRAM32 0X0008 successfully.
RUN-1002 : start command "rdbk_bram32 -bram 0X000C -cable 0"
RUN-1002 : start command "program -spd 1 -cable 0"
RUN-1002 : start command "program -spd 1 -cable 0"
RUN-1002 : start command "program -spd 1 -cable 0"
RUN-1002 : start command "program -spd 1 -cable 0"
KIT-1001 : Read back data from BRAM32 0X000C successfully.
RUN-1002 : start command "rdbk_bram32 -bram 0X0010 -cable 0"
RUN-1002 : start command "program -spd 1 -cable 0"
RUN-1002 : start command "program -spd 1 -cable 0"
RUN-1002 : start command "program -spd 1 -cable 0"
RUN-1002 : start command "program -spd 1 -cable 0"
KIT-1001 : Read back data from BRAM32 0X0010 successfully.
SYN-2541 : Attrs-to-init for 4 logic bram(s)
SYN-2541 : Reading sub[0] auto_chipwatcher_0_logicbram_1024x58_sub_000000_000
SYN-2541 : Reading sub[1] auto_chipwatcher_0_logicbram_1024x58_sub_000000_016
SYN-2541 : Reading sub[2] auto_chipwatcher_0_logicbram_1024x58_sub_000000_032
SYN-2541 : Reading sub[3] auto_chipwatcher_0_logicbram_1024x58_sub_000000_048
KIT-1004 : ChipWatcher: write ctrl reg value: 101000000000000000000000000000000000000000000000000000000000000000100000100000000000000000000000
KIT-1004 : ChipWatcher: write ctrl reg value: 000000000000000000000000000000000000000000000000000000000000000000000000000000000000000000000000
KIT-1004 : ChipWatcher: write ctrl reg value: 101000000000000000000000000000000000000000000000000000000000000000100000100000000000000010000000
KIT-1004 : ChipWatcher: write ctrl reg value: 101000000000000000000000000000000000000000000000000000000000000000100000100000000000000010000000
KIT-1004 : ChipWatcher: the value of status register = 110000001101011110
RUN-1002 : start command "rdbk_bram32 -bram 0X0004 -cable 0"
RUN-1002 : start command "program -spd 1 -cable 0"
RUN-1002 : start command "program -spd 1 -cable 0"
RUN-1002 : start command "program -spd 1 -cable 0"
RUN-1002 : start command "program -spd 1 -cable 0"
KIT-1001 : Read back data from BRAM32 0X0004 successfully.
RUN-1002 : start command "rdbk_bram32 -bram 0X0008 -cable 0"
RUN-1002 : start command "program -spd 1 -cable 0"
RUN-1002 : start command "program -spd 1 -cable 0"
RUN-1002 : start command "program -spd 1 -cable 0"
RUN-1002 : start command "program -spd 1 -cable 0"
KIT-1001 : Read back data from BRAM32 0X0008 successfully.
RUN-1002 : start command "rdbk_bram32 -bram 0X000C -cable 0"
RUN-1002 : start command "program -spd 1 -cable 0"
RUN-1002 : start command "program -spd 1 -cable 0"
RUN-1002 : start command "program -spd 1 -cable 0"
RUN-1002 : start command "program -spd 1 -cable 0"
KIT-1001 : Read back data from BRAM32 0X000C successfully.
RUN-1002 : start command "rdbk_bram32 -bram 0X0010 -cable 0"
RUN-1002 : start command "program -spd 1 -cable 0"
RUN-1002 : start command "program -spd 1 -cable 0"
RUN-1002 : start command "program -spd 1 -cable 0"
RUN-1002 : start command "program -spd 1 -cable 0"
KIT-1001 : Read back data from BRAM32 0X0010 successfully.
SYN-2541 : Attrs-to-init for 4 logic bram(s)
SYN-2541 : Reading sub[0] auto_chipwatcher_0_logicbram_1024x58_sub_000000_000
SYN-2541 : Reading sub[1] auto_chipwatcher_0_logicbram_1024x58_sub_000000_016
SYN-2541 : Reading sub[2] auto_chipwatcher_0_logicbram_1024x58_sub_000000_032
SYN-2541 : Reading sub[3] auto_chipwatcher_0_logicbram_1024x58_sub_000000_048
KIT-1004 : ChipWatcher: write ctrl reg value: 101000000000000000000000000000000000000000000000000000000000000000100000100000000000000000000000
KIT-1004 : ChipWatcher: write ctrl reg value: 000000000000000000000000000000000000000000000000000000000000000000000000000000000000000000000000
KIT-1004 : ChipWatcher: write ctrl reg value: 101000000000000000000000000000000000000000000000000000000000000000100000100000000000000010000000
KIT-1004 : ChipWatcher: write ctrl reg value: 101000000000000000000000000000000000000000000000000000000000000000100000100000000000000010000000
KIT-1004 : ChipWatcher: the value of status register = 110000000011011000
RUN-1002 : start command "rdbk_bram32 -bram 0X0004 -cable 0"
RUN-1002 : start command "program -spd 1 -cable 0"
RUN-1002 : start command "program -spd 1 -cable 0"
RUN-1002 : start command "program -spd 1 -cable 0"
RUN-1002 : start command "program -spd 1 -cable 0"
KIT-1001 : Read back data from BRAM32 0X0004 successfully.
RUN-1002 : start command "rdbk_bram32 -bram 0X0008 -cable 0"
RUN-1002 : start command "program -spd 1 -cable 0"
RUN-1002 : start command "program -spd 1 -cable 0"
RUN-1002 : start command "program -spd 1 -cable 0"
RUN-1002 : start command "program -spd 1 -cable 0"
KIT-1001 : Read back data from BRAM32 0X0008 successfully.
RUN-1002 : start command "rdbk_bram32 -bram 0X000C -cable 0"
RUN-1002 : start command "program -spd 1 -cable 0"
RUN-1002 : start command "program -spd 1 -cable 0"
RUN-1002 : start command "program -spd 1 -cable 0"
RUN-1002 : start command "program -spd 1 -cable 0"
KIT-1001 : Read back data from BRAM32 0X000C successfully.
RUN-1002 : start command "rdbk_bram32 -bram 0X0010 -cable 0"
RUN-1002 : start command "program -spd 1 -cable 0"
RUN-1002 : start command "program -spd 1 -cable 0"
RUN-1002 : start command "program -spd 1 -cable 0"
RUN-1002 : start command "program -spd 1 -cable 0"
KIT-1001 : Read back data from BRAM32 0X0010 successfully.
SYN-2541 : Attrs-to-init for 4 logic bram(s)
SYN-2541 : Reading sub[0] auto_chipwatcher_0_logicbram_1024x58_sub_000000_000
SYN-2541 : Reading sub[1] auto_chipwatcher_0_logicbram_1024x58_sub_000000_016
SYN-2541 : Reading sub[2] auto_chipwatcher_0_logicbram_1024x58_sub_000000_032
SYN-2541 : Reading sub[3] auto_chipwatcher_0_logicbram_1024x58_sub_000000_048
KIT-1004 : ChipWatcher: write ctrl reg value: 101000000000000000000000000000000000000000000000000000000000000000100000100000000000000000000000
KIT-1004 : ChipWatcher: write ctrl reg value: 000000000000000000000000000000000000000000000000000000000000000000000000000000000000000000000000
KIT-1004 : ChipWatcher: write ctrl reg value: 101000000000000000000000000000000000000000000000000000000000000000100000100000000000000010000000
KIT-1004 : ChipWatcher: write ctrl reg value: 101000000000000000000000000000000000000000000000000000000000000000100000100000000000000010000000
KIT-1004 : ChipWatcher: write ctrl reg value: 101000000000000000000000000000000000000000000000000000000000000000100000100000000000000110000000
KIT-1004 : ChipWatcher: the value of status register = 010000001010100110
KIT-1004 : ChipWatcher: write ctrl reg value: 000000000000000000000000000000000000000000000000000000000000000000000000000000000000000000000000
KIT-1004 : ChipWatcher: write ctrl reg value: 101000000000000000000000000000000000000000000000000000000000000000100000100000000000000010000000
KIT-1004 : ChipWatcher: write ctrl reg value: 101000000000000000000000000000000000000000000000000000000000000000100000100000000000000010000000
KIT-1004 : ChipWatcher: the value of status register = 110000001110100101
RUN-1002 : start command "rdbk_bram32 -bram 0X0004 -cable 0"
RUN-1002 : start command "program -spd 1 -cable 0"
RUN-1002 : start command "program -spd 1 -cable 0"
RUN-1002 : start command "program -spd 1 -cable 0"
RUN-1002 : start command "program -spd 1 -cable 0"
KIT-1001 : Read back data from BRAM32 0X0004 successfully.
RUN-1002 : start command "rdbk_bram32 -bram 0X0008 -cable 0"
RUN-1002 : start command "program -spd 1 -cable 0"
RUN-1002 : start command "program -spd 1 -cable 0"
RUN-1002 : start command "program -spd 1 -cable 0"
RUN-1002 : start command "program -spd 1 -cable 0"
KIT-1001 : Read back data from BRAM32 0X0008 successfully.
RUN-1002 : start command "rdbk_bram32 -bram 0X000C -cable 0"
RUN-1002 : start command "program -spd 1 -cable 0"
RUN-1002 : start command "program -spd 1 -cable 0"
RUN-1002 : start command "program -spd 1 -cable 0"
RUN-1002 : start command "program -spd 1 -cable 0"
KIT-1001 : Read back data from BRAM32 0X000C successfully.
RUN-1002 : start command "rdbk_bram32 -bram 0X0010 -cable 0"
RUN-1002 : start command "program -spd 1 -cable 0"
RUN-1002 : start command "program -spd 1 -cable 0"
RUN-1002 : start command "program -spd 1 -cable 0"
RUN-1002 : start command "program -spd 1 -cable 0"
KIT-1001 : Read back data from BRAM32 0X0010 successfully.
SYN-2541 : Attrs-to-init for 4 logic bram(s)
SYN-2541 : Reading sub[0] auto_chipwatcher_0_logicbram_1024x58_sub_000000_000
SYN-2541 : Reading sub[1] auto_chipwatcher_0_logicbram_1024x58_sub_000000_016
SYN-2541 : Reading sub[2] auto_chipwatcher_0_logicbram_1024x58_sub_000000_032
SYN-2541 : Reading sub[3] auto_chipwatcher_0_logicbram_1024x58_sub_000000_048
KIT-1004 : ChipWatcher: write ctrl reg value: 101000000000000000000000000000000000000000000000000000000000000000100000100000000000000000000000
KIT-1004 : ChipWatcher: write ctrl reg value: 000000000000000000000000000000000000000000000000000000000000000000000000000000000000000000000000
KIT-1004 : ChipWatcher: write ctrl reg value: 101000000000000000000000000000000000000000000000000000000000000000100000100000000000000010000000
KIT-1004 : ChipWatcher: write ctrl reg value: 101000000000000000000000000000000000000000000000000000000000000000100000100000000000000010000000
KIT-1004 : ChipWatcher: the value of status register = 110000001111010100
RUN-1002 : start command "rdbk_bram32 -bram 0X0004 -cable 0"
RUN-1002 : start command "program -spd 1 -cable 0"
RUN-1002 : start command "program -spd 1 -cable 0"
RUN-1002 : start command "program -spd 1 -cable 0"
RUN-1002 : start command "program -spd 1 -cable 0"
KIT-1001 : Read back data from BRAM32 0X0004 successfully.
RUN-1002 : start command "rdbk_bram32 -bram 0X0008 -cable 0"
RUN-1002 : start command "program -spd 1 -cable 0"
RUN-1002 : start command "program -spd 1 -cable 0"
RUN-1002 : start command "program -spd 1 -cable 0"
RUN-1002 : start command "program -spd 1 -cable 0"
KIT-1001 : Read back data from BRAM32 0X0008 successfully.
RUN-1002 : start command "rdbk_bram32 -bram 0X000C -cable 0"
RUN-1002 : start command "program -spd 1 -cable 0"
RUN-1002 : start command "program -spd 1 -cable 0"
RUN-1002 : start command "program -spd 1 -cable 0"
RUN-1002 : start command "program -spd 1 -cable 0"
KIT-1001 : Read back data from BRAM32 0X000C successfully.
RUN-1002 : start command "rdbk_bram32 -bram 0X0010 -cable 0"
RUN-1002 : start command "program -spd 1 -cable 0"
RUN-1002 : start command "program -spd 1 -cable 0"
RUN-1002 : start command "program -spd 1 -cable 0"
RUN-1002 : start command "program -spd 1 -cable 0"
KIT-1001 : Read back data from BRAM32 0X0010 successfully.
SYN-2541 : Attrs-to-init for 4 logic bram(s)
SYN-2541 : Reading sub[0] auto_chipwatcher_0_logicbram_1024x58_sub_000000_000
SYN-2541 : Reading sub[1] auto_chipwatcher_0_logicbram_1024x58_sub_000000_016
SYN-2541 : Reading sub[2] auto_chipwatcher_0_logicbram_1024x58_sub_000000_032
SYN-2541 : Reading sub[3] auto_chipwatcher_0_logicbram_1024x58_sub_000000_048
KIT-1004 : ChipWatcher: write ctrl reg value: 101000000000000000000000000000000000000000000000000000000000000000100000100000000000000000000000
KIT-1004 : ChipWatcher: write ctrl reg value: 000000000000000000000000000000000000000000000000000000000000000000000000000000000000000000000000
KIT-1004 : ChipWatcher: write ctrl reg value: 101000000000000000000000000000000000000000000000000000000000000000100000100000000000000010000000
KIT-1004 : ChipWatcher: write ctrl reg value: 101000000000000000000000000000000000000000000000000000000000000000100000100000000000000010000000
KIT-1004 : ChipWatcher: the value of status register = 010000000101000111
KIT-1004 : ChipWatcher: the value of status register = 110000001001000110
RUN-1002 : start command "rdbk_bram32 -bram 0X0004 -cable 0"
RUN-1002 : start command "program -spd 1 -cable 0"
RUN-1002 : start command "program -spd 1 -cable 0"
RUN-1002 : start command "program -spd 1 -cable 0"
RUN-1002 : start command "program -spd 1 -cable 0"
KIT-1001 : Read back data from BRAM32 0X0004 successfully.
RUN-1002 : start command "rdbk_bram32 -bram 0X0008 -cable 0"
RUN-1002 : start command "program -spd 1 -cable 0"
RUN-1002 : start command "program -spd 1 -cable 0"
RUN-1002 : start command "program -spd 1 -cable 0"
RUN-1002 : start command "program -spd 1 -cable 0"
KIT-1001 : Read back data from BRAM32 0X0008 successfully.
RUN-1002 : start command "rdbk_bram32 -bram 0X000C -cable 0"
RUN-1002 : start command "program -spd 1 -cable 0"
RUN-1002 : start command "program -spd 1 -cable 0"
RUN-1002 : start command "program -spd 1 -cable 0"
RUN-1002 : start command "program -spd 1 -cable 0"
KIT-1001 : Read back data from BRAM32 0X000C successfully.
RUN-1002 : start command "rdbk_bram32 -bram 0X0010 -cable 0"
RUN-1002 : start command "program -spd 1 -cable 0"
RUN-1002 : start command "program -spd 1 -cable 0"
RUN-1002 : start command "program -spd 1 -cable 0"
RUN-1002 : start command "program -spd 1 -cable 0"
KIT-1001 : Read back data from BRAM32 0X0010 successfully.
SYN-2541 : Attrs-to-init for 4 logic bram(s)
SYN-2541 : Reading sub[0] auto_chipwatcher_0_logicbram_1024x58_sub_000000_000
SYN-2541 : Reading sub[1] auto_chipwatcher_0_logicbram_1024x58_sub_000000_016
SYN-2541 : Reading sub[2] auto_chipwatcher_0_logicbram_1024x58_sub_000000_032
SYN-2541 : Reading sub[3] auto_chipwatcher_0_logicbram_1024x58_sub_000000_048
KIT-1004 : ChipWatcher: write ctrl reg value: 101000000000000000000000000000000000000000000000000000000000000000100000100000000000000000000000
KIT-1004 : ChipWatcher: write ctrl reg value: 000000000000000000000000000000000000000000000000000000000000000000000000000000000000000000000000
KIT-1004 : ChipWatcher: write ctrl reg value: 101000000000000000000000000000000000000000000000000000000000000000100000100000000000000010000000
KIT-1004 : ChipWatcher: write ctrl reg value: 101000000000000000000000000000000000000000000000000000000000000000100000100000000000000010000000
KIT-1004 : ChipWatcher: the value of status register = 010000000100101100
KIT-1004 : ChipWatcher: the value of status register = 110000000011001111
RUN-1002 : start command "rdbk_bram32 -bram 0X0004 -cable 0"
RUN-1002 : start command "program -spd 1 -cable 0"
RUN-1002 : start command "program -spd 1 -cable 0"
RUN-1002 : start command "program -spd 1 -cable 0"
RUN-1002 : start command "program -spd 1 -cable 0"
KIT-1001 : Read back data from BRAM32 0X0004 successfully.
RUN-1002 : start command "rdbk_bram32 -bram 0X0008 -cable 0"
RUN-1002 : start command "program -spd 1 -cable 0"
RUN-1002 : start command "program -spd 1 -cable 0"
RUN-1002 : start command "program -spd 1 -cable 0"
RUN-1002 : start command "program -spd 1 -cable 0"
KIT-1001 : Read back data from BRAM32 0X0008 successfully.
RUN-1002 : start command "rdbk_bram32 -bram 0X000C -cable 0"
RUN-1002 : start command "program -spd 1 -cable 0"
RUN-1002 : start command "program -spd 1 -cable 0"
RUN-1002 : start command "program -spd 1 -cable 0"
RUN-1002 : start command "program -spd 1 -cable 0"
KIT-1001 : Read back data from BRAM32 0X000C successfully.
RUN-1002 : start command "rdbk_bram32 -bram 0X0010 -cable 0"
RUN-1002 : start command "program -spd 1 -cable 0"
RUN-1002 : start command "program -spd 1 -cable 0"
RUN-1002 : start command "program -spd 1 -cable 0"
RUN-1002 : start command "program -spd 1 -cable 0"
KIT-1001 : Read back data from BRAM32 0X0010 successfully.
SYN-2541 : Attrs-to-init for 4 logic bram(s)
SYN-2541 : Reading sub[0] auto_chipwatcher_0_logicbram_1024x58_sub_000000_000
SYN-2541 : Reading sub[1] auto_chipwatcher_0_logicbram_1024x58_sub_000000_016
SYN-2541 : Reading sub[2] auto_chipwatcher_0_logicbram_1024x58_sub_000000_032
SYN-2541 : Reading sub[3] auto_chipwatcher_0_logicbram_1024x58_sub_000000_048
KIT-1004 : ChipWatcher: write ctrl reg value: 101000000000000000000000000000000000000000000000000000000000000000100000100000000000000000000000
KIT-1004 : ChipWatcher: write ctrl reg value: 000000000000000000000000000000000000000000000000000000000000000000000000000000000000000000000000
KIT-1004 : ChipWatcher: write ctrl reg value: 101000000000000000000000000000000000000000000000000000000000000000100000100000000000000010000000
KIT-1004 : ChipWatcher: write ctrl reg value: 101000000000000000000000000000000000000000000000000000000000000000100000100000000000000010000000
KIT-1004 : ChipWatcher: the value of status register = 110000000001010101
RUN-1002 : start command "rdbk_bram32 -bram 0X0004 -cable 0"
RUN-1002 : start command "program -spd 1 -cable 0"
RUN-1002 : start command "program -spd 1 -cable 0"
RUN-1002 : start command "program -spd 1 -cable 0"
RUN-1002 : start command "program -spd 1 -cable 0"
KIT-1001 : Read back data from BRAM32 0X0004 successfully.
RUN-1002 : start command "rdbk_bram32 -bram 0X0008 -cable 0"
RUN-1002 : start command "program -spd 1 -cable 0"
RUN-1002 : start command "program -spd 1 -cable 0"
RUN-1002 : start command "program -spd 1 -cable 0"
RUN-1002 : start command "program -spd 1 -cable 0"
KIT-1001 : Read back data from BRAM32 0X0008 successfully.
RUN-1002 : start command "rdbk_bram32 -bram 0X000C -cable 0"
RUN-1002 : start command "program -spd 1 -cable 0"
RUN-1002 : start command "program -spd 1 -cable 0"
RUN-1002 : start command "program -spd 1 -cable 0"
RUN-1002 : start command "program -spd 1 -cable 0"
KIT-1001 : Read back data from BRAM32 0X000C successfully.
RUN-1002 : start command "rdbk_bram32 -bram 0X0010 -cable 0"
RUN-1002 : start command "program -spd 1 -cable 0"
RUN-1002 : start command "program -spd 1 -cable 0"
RUN-1002 : start command "program -spd 1 -cable 0"
RUN-1002 : start command "program -spd 1 -cable 0"
KIT-1001 : Read back data from BRAM32 0X0010 successfully.
SYN-2541 : Attrs-to-init for 4 logic bram(s)
SYN-2541 : Reading sub[0] auto_chipwatcher_0_logicbram_1024x58_sub_000000_000
SYN-2541 : Reading sub[1] auto_chipwatcher_0_logicbram_1024x58_sub_000000_016
SYN-2541 : Reading sub[2] auto_chipwatcher_0_logicbram_1024x58_sub_000000_032
SYN-2541 : Reading sub[3] auto_chipwatcher_0_logicbram_1024x58_sub_000000_048
KIT-1004 : ChipWatcher: write ctrl reg value: 101000000000000000000000000000000000000000000000000000000000000000100000100000000000000000000000
KIT-1004 : ChipWatcher: write ctrl reg value: 000000000000000000000000000000000000000000000000000000000000000000000000000000000000000000000000
KIT-1004 : ChipWatcher: write ctrl reg value: 101000000000000000000000000000000000000000000000000000000000000000100000100000000000000010000000
KIT-1004 : ChipWatcher: write ctrl reg value: 101000000000000000000000000000000000000000000000000000000000000000100000100000000000000010000000
KIT-1004 : ChipWatcher: the value of status register = 110000001001000010
RUN-1002 : start command "rdbk_bram32 -bram 0X0004 -cable 0"
RUN-1002 : start command "program -spd 1 -cable 0"
RUN-1002 : start command "program -spd 1 -cable 0"
RUN-1002 : start command "program -spd 1 -cable 0"
RUN-1002 : start command "program -spd 1 -cable 0"
KIT-1001 : Read back data from BRAM32 0X0004 successfully.
RUN-1002 : start command "rdbk_bram32 -bram 0X0008 -cable 0"
RUN-1002 : start command "program -spd 1 -cable 0"
RUN-1002 : start command "program -spd 1 -cable 0"
RUN-1002 : start command "program -spd 1 -cable 0"
RUN-1002 : start command "program -spd 1 -cable 0"
KIT-1001 : Read back data from BRAM32 0X0008 successfully.
RUN-1002 : start command "rdbk_bram32 -bram 0X000C -cable 0"
RUN-1002 : start command "program -spd 1 -cable 0"
RUN-1002 : start command "program -spd 1 -cable 0"
RUN-1002 : start command "program -spd 1 -cable 0"
RUN-1002 : start command "program -spd 1 -cable 0"
KIT-1001 : Read back data from BRAM32 0X000C successfully.
RUN-1002 : start command "rdbk_bram32 -bram 0X0010 -cable 0"
RUN-1002 : start command "program -spd 1 -cable 0"
RUN-1002 : start command "program -spd 1 -cable 0"
RUN-1002 : start command "program -spd 1 -cable 0"
RUN-1002 : start command "program -spd 1 -cable 0"
KIT-1001 : Read back data from BRAM32 0X0010 successfully.
SYN-2541 : Attrs-to-init for 4 logic bram(s)
SYN-2541 : Reading sub[0] auto_chipwatcher_0_logicbram_1024x58_sub_000000_000
SYN-2541 : Reading sub[1] auto_chipwatcher_0_logicbram_1024x58_sub_000000_016
SYN-2541 : Reading sub[2] auto_chipwatcher_0_logicbram_1024x58_sub_000000_032
SYN-2541 : Reading sub[3] auto_chipwatcher_0_logicbram_1024x58_sub_000000_048
KIT-1004 : ChipWatcher: write ctrl reg value: 101000000000000000000000000000000000000000000000000000000000000000100000100000000000000000000000
KIT-1004 : ChipWatcher: write ctrl reg value: 000000000000000000000000000000000000000000000000000000000000000000000000000000000000000000000000
KIT-1004 : ChipWatcher: write ctrl reg value: 101000000000000000000000000000000000000000000000000000000000000000100000100000000000000010000000
KIT-1004 : ChipWatcher: write ctrl reg value: 101000000000000000000000000000000000000000000000000000000000000000100000100000000000000010000000
KIT-1004 : ChipWatcher: the value of status register = 110000001111001100
RUN-1002 : start command "rdbk_bram32 -bram 0X0004 -cable 0"
RUN-1002 : start command "program -spd 1 -cable 0"
RUN-1002 : start command "program -spd 1 -cable 0"
RUN-1002 : start command "program -spd 1 -cable 0"
RUN-1002 : start command "program -spd 1 -cable 0"
KIT-1001 : Read back data from BRAM32 0X0004 successfully.
RUN-1002 : start command "rdbk_bram32 -bram 0X0008 -cable 0"
RUN-1002 : start command "program -spd 1 -cable 0"
RUN-1002 : start command "program -spd 1 -cable 0"
RUN-1002 : start command "program -spd 1 -cable 0"
RUN-1002 : start command "program -spd 1 -cable 0"
KIT-1001 : Read back data from BRAM32 0X0008 successfully.
RUN-1002 : start command "rdbk_bram32 -bram 0X000C -cable 0"
RUN-1002 : start command "program -spd 1 -cable 0"
RUN-1002 : start command "program -spd 1 -cable 0"
RUN-1002 : start command "program -spd 1 -cable 0"
RUN-1002 : start command "program -spd 1 -cable 0"
KIT-1001 : Read back data from BRAM32 0X000C successfully.
RUN-1002 : start command "rdbk_bram32 -bram 0X0010 -cable 0"
RUN-1002 : start command "program -spd 1 -cable 0"
RUN-1002 : start command "program -spd 1 -cable 0"
RUN-1002 : start command "program -spd 1 -cable 0"
RUN-1002 : start command "program -spd 1 -cable 0"
KIT-1001 : Read back data from BRAM32 0X0010 successfully.
SYN-2541 : Attrs-to-init for 4 logic bram(s)
SYN-2541 : Reading sub[0] auto_chipwatcher_0_logicbram_1024x58_sub_000000_000
SYN-2541 : Reading sub[1] auto_chipwatcher_0_logicbram_1024x58_sub_000000_016
SYN-2541 : Reading sub[2] auto_chipwatcher_0_logicbram_1024x58_sub_000000_032
SYN-2541 : Reading sub[3] auto_chipwatcher_0_logicbram_1024x58_sub_000000_048
KIT-1004 : ChipWatcher: write ctrl reg value: 101000000000000000000000000000000000000000000000000000000000000000100000100000000000000000000000
KIT-1004 : ChipWatcher: write ctrl reg value: 000000000000000000000000000000000000000000000000000000000000000000000000000000000000000000000000
KIT-1004 : ChipWatcher: write ctrl reg value: 101000000000000000000000000000000000000000000000000000000000000000100000100000000000000010000000
KIT-1004 : ChipWatcher: write ctrl reg value: 101000000000000000000000000000000000000000000000000000000000000000100000100000000000000010000000
KIT-1004 : ChipWatcher: the value of status register = 110000000100111010
RUN-1002 : start command "rdbk_bram32 -bram 0X0004 -cable 0"
RUN-1002 : start command "program -spd 1 -cable 0"
RUN-1002 : start command "program -spd 1 -cable 0"
RUN-1002 : start command "program -spd 1 -cable 0"
RUN-1002 : start command "program -spd 1 -cable 0"
KIT-1001 : Read back data from BRAM32 0X0004 successfully.
RUN-1002 : start command "rdbk_bram32 -bram 0X0008 -cable 0"
RUN-1002 : start command "program -spd 1 -cable 0"
RUN-1002 : start command "program -spd 1 -cable 0"
RUN-1002 : start command "program -spd 1 -cable 0"
RUN-1002 : start command "program -spd 1 -cable 0"
KIT-1001 : Read back data from BRAM32 0X0008 successfully.
RUN-1002 : start command "rdbk_bram32 -bram 0X000C -cable 0"
RUN-1002 : start command "program -spd 1 -cable 0"
RUN-1002 : start command "program -spd 1 -cable 0"
RUN-1002 : start command "program -spd 1 -cable 0"
RUN-1002 : start command "program -spd 1 -cable 0"
KIT-1001 : Read back data from BRAM32 0X000C successfully.
RUN-1002 : start command "rdbk_bram32 -bram 0X0010 -cable 0"
RUN-1002 : start command "program -spd 1 -cable 0"
RUN-1002 : start command "program -spd 1 -cable 0"
RUN-1002 : start command "program -spd 1 -cable 0"
RUN-1002 : start command "program -spd 1 -cable 0"
KIT-1001 : Read back data from BRAM32 0X0010 successfully.
SYN-2541 : Attrs-to-init for 4 logic bram(s)
SYN-2541 : Reading sub[0] auto_chipwatcher_0_logicbram_1024x58_sub_000000_000
SYN-2541 : Reading sub[1] auto_chipwatcher_0_logicbram_1024x58_sub_000000_016
SYN-2541 : Reading sub[2] auto_chipwatcher_0_logicbram_1024x58_sub_000000_032
SYN-2541 : Reading sub[3] auto_chipwatcher_0_logicbram_1024x58_sub_000000_048
KIT-1004 : ChipWatcher: write ctrl reg value: 101000000000000000000000000000000000000000000000000000000000000000100000100000000000000000000000
KIT-1004 : ChipWatcher: write ctrl reg value: 000000000000000000000000000000000000000000000000000000000000000000000000000000000000000000000000
KIT-1004 : ChipWatcher: write ctrl reg value: 101000000000000000000000000000000000000000000000000000000000000000100000100000000000000010000000
KIT-1004 : ChipWatcher: write ctrl reg value: 101000000000000000000000000000000000000000000000000000000000000000100000100000000000000010000000
KIT-1004 : ChipWatcher: write ctrl reg value: 101000000000000000000000000000000000000000000000000000000000000000100000100000000000000110000000
KIT-1004 : ChipWatcher: the value of status register = 110000000110100000
RUN-1002 : start command "rdbk_bram32 -bram 0X0004 -cable 0"
RUN-1002 : start command "program -spd 1 -cable 0"
RUN-1002 : start command "program -spd 1 -cable 0"
RUN-1002 : start command "program -spd 1 -cable 0"
RUN-1002 : start command "program -spd 1 -cable 0"
KIT-1001 : Read back data from BRAM32 0X0004 successfully.
RUN-1002 : start command "rdbk_bram32 -bram 0X0008 -cable 0"
RUN-1002 : start command "program -spd 1 -cable 0"
RUN-1002 : start command "program -spd 1 -cable 0"
RUN-1002 : start command "program -spd 1 -cable 0"
RUN-1002 : start command "program -spd 1 -cable 0"
KIT-1001 : Read back data from BRAM32 0X0008 successfully.
RUN-1002 : start command "rdbk_bram32 -bram 0X000C -cable 0"
RUN-1002 : start command "program -spd 1 -cable 0"
RUN-1002 : start command "program -spd 1 -cable 0"
RUN-1002 : start command "program -spd 1 -cable 0"
RUN-1002 : start command "program -spd 1 -cable 0"
KIT-1001 : Read back data from BRAM32 0X000C successfully.
RUN-1002 : start command "rdbk_bram32 -bram 0X0010 -cable 0"
RUN-1002 : start command "program -spd 1 -cable 0"
RUN-1002 : start command "program -spd 1 -cable 0"
RUN-1002 : start command "program -spd 1 -cable 0"
RUN-1002 : start command "program -spd 1 -cable 0"
KIT-1001 : Read back data from BRAM32 0X0010 successfully.
SYN-2541 : Attrs-to-init for 4 logic bram(s)
SYN-2541 : Reading sub[0] auto_chipwatcher_0_logicbram_1024x58_sub_000000_000
SYN-2541 : Reading sub[1] auto_chipwatcher_0_logicbram_1024x58_sub_000000_016
SYN-2541 : Reading sub[2] auto_chipwatcher_0_logicbram_1024x58_sub_000000_032
SYN-2541 : Reading sub[3] auto_chipwatcher_0_logicbram_1024x58_sub_000000_048
KIT-1004 : ChipWatcher: write ctrl reg value: 101000000000000000000000000000000000000000000000000000000000000000100000100000000000000000000000
KIT-1004 : ChipWatcher: write ctrl reg value: 000000000000000000000000000000000000000000000000000000000000000000000000000000000000000000000000
KIT-1004 : ChipWatcher: write ctrl reg value: 101000000000000000000000000000000000000000000000000000000000000000100000100000000000000010000000
KIT-1004 : ChipWatcher: the value of status register = 110000000001010101
RUN-1002 : start command "rdbk_bram32 -bram 0X0004 -cable 0"
RUN-1002 : start command "program -spd 1 -cable 0"
RUN-1002 : start command "program -spd 1 -cable 0"
RUN-1002 : start command "program -spd 1 -cable 0"
RUN-1002 : start command "program -spd 1 -cable 0"
KIT-1001 : Read back data from BRAM32 0X0004 successfully.
RUN-1002 : start command "rdbk_bram32 -bram 0X0008 -cable 0"
RUN-1002 : start command "program -spd 1 -cable 0"
RUN-1002 : start command "program -spd 1 -cable 0"
RUN-1002 : start command "program -spd 1 -cable 0"
RUN-1002 : start command "program -spd 1 -cable 0"
KIT-1001 : Read back data from BRAM32 0X0008 successfully.
RUN-1002 : start command "rdbk_bram32 -bram 0X000C -cable 0"
RUN-1002 : start command "program -spd 1 -cable 0"
RUN-1002 : start command "program -spd 1 -cable 0"
RUN-1002 : start command "program -spd 1 -cable 0"
RUN-1002 : start command "program -spd 1 -cable 0"
KIT-1001 : Read back data from BRAM32 0X000C successfully.
RUN-1002 : start command "rdbk_bram32 -bram 0X0010 -cable 0"
RUN-1002 : start command "program -spd 1 -cable 0"
RUN-1002 : start command "program -spd 1 -cable 0"
RUN-1002 : start command "program -spd 1 -cable 0"
RUN-1002 : start command "program -spd 1 -cable 0"
KIT-1001 : Read back data from BRAM32 0X0010 successfully.
SYN-2541 : Attrs-to-init for 4 logic bram(s)
SYN-2541 : Reading sub[0] auto_chipwatcher_0_logicbram_1024x58_sub_000000_000
SYN-2541 : Reading sub[1] auto_chipwatcher_0_logicbram_1024x58_sub_000000_016
SYN-2541 : Reading sub[2] auto_chipwatcher_0_logicbram_1024x58_sub_000000_032
SYN-2541 : Reading sub[3] auto_chipwatcher_0_logicbram_1024x58_sub_000000_048
KIT-1004 : ChipWatcher: write ctrl reg value: 101000000000000000000000000000000000000000000000000000000000000000100000100000000000000000000000
KIT-1004 : ChipWatcher: write ctrl reg value: 000000000000000000000000000000000000000000000000000000000000000000000000000000000000000000000000
KIT-1004 : ChipWatcher: write ctrl reg value: 101000000000000000000000000000000000000000000000000000000000000000100000100000000000000010000000
KIT-1004 : ChipWatcher: the value of status register = 110000001000110011
RUN-1002 : start command "rdbk_bram32 -bram 0X0004 -cable 0"
RUN-1002 : start command "program -spd 1 -cable 0"
RUN-1002 : start command "program -spd 1 -cable 0"
RUN-1002 : start command "program -spd 1 -cable 0"
RUN-1002 : start command "program -spd 1 -cable 0"
KIT-1001 : Read back data from BRAM32 0X0004 successfully.
RUN-1002 : start command "rdbk_bram32 -bram 0X0008 -cable 0"
RUN-1002 : start command "program -spd 1 -cable 0"
RUN-1002 : start command "program -spd 1 -cable 0"
RUN-1002 : start command "program -spd 1 -cable 0"
RUN-1002 : start command "program -spd 1 -cable 0"
KIT-1001 : Read back data from BRAM32 0X0008 successfully.
RUN-1002 : start command "rdbk_bram32 -bram 0X000C -cable 0"
RUN-1002 : start command "program -spd 1 -cable 0"
RUN-1002 : start command "program -spd 1 -cable 0"
RUN-1002 : start command "program -spd 1 -cable 0"
RUN-1002 : start command "program -spd 1 -cable 0"
KIT-1001 : Read back data from BRAM32 0X000C successfully.
RUN-1002 : start command "rdbk_bram32 -bram 0X0010 -cable 0"
RUN-1002 : start command "program -spd 1 -cable 0"
RUN-1002 : start command "program -spd 1 -cable 0"
RUN-1002 : start command "program -spd 1 -cable 0"
RUN-1002 : start command "program -spd 1 -cable 0"
KIT-1001 : Read back data from BRAM32 0X0010 successfully.
SYN-2541 : Attrs-to-init for 4 logic bram(s)
SYN-2541 : Reading sub[0] auto_chipwatcher_0_logicbram_1024x58_sub_000000_000
SYN-2541 : Reading sub[1] auto_chipwatcher_0_logicbram_1024x58_sub_000000_016
SYN-2541 : Reading sub[2] auto_chipwatcher_0_logicbram_1024x58_sub_000000_032
SYN-2541 : Reading sub[3] auto_chipwatcher_0_logicbram_1024x58_sub_000000_048
KIT-1004 : ChipWatcher: write ctrl reg value: 101000000000000000000000000000000000000000000000000000000000000000100000100000000000000000000000
GUI-1001 : User closes chip watcher ...
