============================================================
   Tang Dynasty, V4.5.12562
   Copyright:   Shanghai Anlogic Infotech Co., Ltd.
                2011 - 2021
   Executable = C:/Anlogic/TD4.5.12562/bin/td.exe
   Built at =   11:23:57 Jun  4 2019
   Run by =     Administrator
   Run Date =   Thu Aug 22 10:42:33 2019

   Run on =     PC-20190811NNTS
============================================================
RUN-1002 : start command "import_device ef2_4.db -package EF2L45BG256B -basic"
ARC-1001 : Device Initialization.
ARC-1001 : -------------------------------------------------
ARC-1001 :       OPTION       |      IO       |   SETTING   
ARC-1001 : -------------------------------------------------
ARC-1001 :        done        |      C13      |    gpio    
ARC-1001 :        initn       |      A13      |    gpio    
ARC-1001 :      programn      |      B10      |  dedicated  
ARC-1001 :   tdi/tms/tck/tdo  |  A6/B8/A7/C6  |  dedicated  
ARC-1001 : -------------------------------------------------
ARC-1004 : Device setting, marked 5 dedicate IOs in total.
RUN-1002 : start command "read_verilog -file al_ip/PLL.v"
HDL-1007 : analyze verilog file al_ip/PLL.v
HDL-1007 : elaborate module PLL in al_ip/PLL.v(25)
HDL-1007 : elaborate module EF2_PHY_PLL(FIN="25.000",FBCLK_DIV=40,CLKC0_DIV=5,CLKC1_DIV=10,CLKC2_DIV=40,CLKC3_DIV=125,CLKC0_ENABLE="ENABLE",CLKC1_ENABLE="ENABLE",CLKC2_ENABLE="ENABLE",CLKC3_ENABLE="ENABLE",FEEDBK_MODE="NOCOMP",STDBY_ENABLE="DISABLE",CLKC0_CPHASE=4,CLKC1_CPHASE=9,CLKC2_CPHASE=39,CLKC3_CPHASE=124,GMC_GAIN=6,ICP_CURRENT=3,KVCO=6,LPF_RESISTOR=2,SYNC_ENABLE="DISABLE",INTPI=3,HIGH_SPEED_EN="ENABLE",OFFSET_MODE="EXT",CLKC0_DUTY=0.5,CLKC1_DUTY=0.5,CLKC0_DUTY_INT=3,CLKC1_DUTY_INT=5) in C:/Anlogic/TD4.5.12562/arch/ef2_macro.v(2693)
HDL-1200 : Current top model is PLL
HDL-1100 : Inferred 0 RAMs.
RUN-1002 : start command "optimize_rtl"
RUN-1001 : Open license file C:/Anlogic/TD4.5.12562/license/Anlogic.lic
SYN-1012 : SanityCheck: Model "PLL"
SYN-1011 : Flatten model PLL
SYN-1014 : Optimize round 1
SYN-1032 : 8/0 useful/useless nets, 2/0 useful/useless insts
SYN-1019 : Optimized 0 mux instances.
SYN-1015 : Optimize round 1, 0 better
RUN-1002 : start command "map_macro -nopad"
SYN-2501 : Processed 0 LOGIC_BUF instances.
SYN-2571 : Optimize after map_dsp, round 1
SYN-1032 : 8/1 useful/useless nets, 3/1 useful/useless insts
SYN-2571 : Optimize after map_dsp, round 1, 0 better
SYN-2501 : Optimize round 1
SYN-1032 : 8/1 useful/useless nets, 3/1 useful/useless insts
SYN-2501 : Optimize round 1, 0 better
SYN-1032 : 8/1 useful/useless nets, 3/1 useful/useless insts
RUN-1002 : start command "write_verilog al_ip/PLL_sim.v"
HDL-1201 : write out verilog file al_ip/PLL_sim.v
