============================================================
   Tang Dynasty, V4.5.12562
   Copyright:   Shanghai Anlogic Infotech Co., Ltd.
                2011 - 2021
   Executable = F:/software/Anlogic/bin/td.exe
   Built at =   11:23:57 Jun  4 2019
   Run by =     Administrator
   Run Date =   Wed Nov 27 10:58:19 2019

   Run on =     YOS-20190906WGX
============================================================
RUN-1002 : start command "open_project Quick_Start.al"
HDL-1007 : analyze verilog file CPLD_SOC_AHB_TOP.v
HDL-5007 WARNING: 'pnumcnt0' is already implicitly declared on line 61 in CPLD_SOC_AHB_TOP.v(118)
HDL-5007 WARNING: 'pwm_state_read' is already implicitly declared on line 78 in CPLD_SOC_AHB_TOP.v(119)
HDL-1007 : analyze verilog file al_ip/PLL.v
HDL-1007 : analyze verilog file al_ip/M3WithAHB.v
HDL-1007 : analyze verilog file src/AHB.v
HDL-1007 : analyze verilog file src/OnePWM.v
RUN-1002 : start command "import_device ef2_4.db -package EF2L45LG144B"
ARC-1001 : Device Initialization.
ARC-1001 : ---------------------------------------------------------
ARC-1001 :       OPTION       |          IO           |   SETTING   
ARC-1001 : ---------------------------------------------------------
ARC-1001 :        done        |         P109          |    gpio    
ARC-1001 :        initn       |         P110          |    gpio    
ARC-1001 :      programn      |         P119          |  dedicated  
ARC-1001 :   tdi/tms/tck/tdo  |  P136/P130/P131/P137  |  dedicated  
ARC-1001 : ---------------------------------------------------------
ARC-1004 : Device setting, marked 5 dedicate IOs in total.
RUN-1002 : start command "import_db Quick_Start_pr.db"
RUN-1001 : Importing database generated by Tang Dynasty, V4.5.12562.
RUN-1001 : Database version number 46115.
RUN-1001 : Import timing constraints
RUN-1001 : Import IO constraints
RUN-1001 : Import Inst constraints
RUN-1001 : Import flow parameters
RUN-1003 : finish command "import_db Quick_Start_pr.db" in  1.812868s wall, 1.716011s user + 0.078001s system = 1.794012s CPU (99.0%)

RUN-1004 : used memory is 268 MB, reserved memory is 247 MB, peak memory is 268 MB
RUN-1002 : start command "download -bit Quick_Start.bit -mode program_spi -v -spd 6 -sec 64 -cable 0"
PRG-2014 : Chip validation success: EF2L45B
RUN-1002 : start command "bit_to_vec -chip EF2L45B -m program_spi -bit Quick_Start.bit"
RUN-1002 : start command "program_spief -cable 0 -spd 6"
RUN-1003 : finish command "program_spief -cable 0 -spd 6" in  6.972905s wall, 0.780005s user + 0.078001s system = 0.858005s CPU (12.3%)

RUN-1004 : used memory is 418 MB, reserved memory is 388 MB, peak memory is 420 MB
RUN-1002 : start command "bit_to_vec -chip EF2L45B -m verify_spi -bit Quick_Start.bit"
RUN-1002 : start command "program -cable 0 -spd 4"
RUN-1003 : finish command "program -cable 0 -spd 4" in  2.068546s wall, 0.078001s user + 0.000000s system = 0.078001s CPU (3.8%)

RUN-1004 : used memory is 363 MB, reserved memory is 334 MB, peak memory is 420 MB
RUN-1002 : start command "program -cable 0 -spd 1"
RUN-1003 : finish command "download -bit Quick_Start.bit -mode program_spi -v -spd 6 -sec 64 -cable 0" in  10.217712s wall, 1.762811s user + 0.109201s system = 1.872012s CPU (18.3%)

RUN-1004 : used memory is 348 MB, reserved memory is 321 MB, peak memory is 420 MB
GUI-1001 : Download success!
