============================================================
   Tang Dynasty, V4.5.12562
   Copyright:   Shanghai Anlogic Infotech Co., Ltd.
                2011 - 2021
   Executable = C:/Anlogic/TD4.5.12562/bin/td.exe
   Built at =   11:23:57 Jun  4 2019
   Run by =     Administrator
   Run Date =   Fri Sep 20 17:47:02 2019

   Run on =     PC-20190811NNTS
============================================================
RUN-1002 : start command "open_project Quick_Start.al"
HDL-1007 : analyze verilog file CPLD_SOC_AHB_TOP.v
HDL-5007 WARNING: redeclaration of ansi port 'gpio_out' is not allowed in CPLD_SOC_AHB_TOP.v(27)
HDL-5007 WARNING: 'pnumcnt0' is already implicitly declared on line 35 in CPLD_SOC_AHB_TOP.v(89)
HDL-5007 WARNING: 'pwm_state_read' is already implicitly declared on line 52 in CPLD_SOC_AHB_TOP.v(90)
HDL-1007 : analyze verilog file al_ip/PLL.v
HDL-1007 : analyze verilog file al_ip/M3WithAHB.v
HDL-1007 : analyze verilog file src/AHB.v
HDL-1007 : analyze verilog file src/OnePWM.v
RUN-1002 : start command "import_device ef2_4.db -package EF2L45BG256B"
ARC-1001 : Device Initialization.
ARC-1001 : -------------------------------------------------
ARC-1001 :       OPTION       |      IO       |   SETTING   
ARC-1001 : -------------------------------------------------
ARC-1001 :        done        |      C13      |    gpio    
ARC-1001 :        initn       |      A13      |    gpio    
ARC-1001 :      programn      |      B10      |  dedicated  
ARC-1001 :   tdi/tms/tck/tdo  |  A6/B8/A7/C6  |  dedicated  
ARC-1001 : -------------------------------------------------
ARC-1004 : Device setting, marked 5 dedicate IOs in total.
RUN-1002 : start command "import_db Quick_Start_pr.db"
RUN-1001 : Importing database generated by Tang Dynasty, V4.5.12562.
RUN-1001 : Database version number 46115.
RUN-1001 : Import timing constraints
RUN-1001 : Import IO constraints
RUN-1001 : Import Inst constraints
RUN-1001 : Import flow parameters
RUN-1003 : finish command "import_db Quick_Start_pr.db" in  4.648934s wall, 3.603623s user + 0.343202s system = 3.946825s CPU (84.9%)

RUN-1004 : used memory is 260 MB, reserved memory is 239 MB, peak memory is 260 MB
HDL-1007 : analyze verilog file CPLD_SOC_AHB_TOP.v
HDL-5007 WARNING: redeclaration of ansi port 'gpio_out' is not allowed in CPLD_SOC_AHB_TOP.v(27)
HDL-5007 WARNING: 'pnumcnt0' is already implicitly declared on line 35 in CPLD_SOC_AHB_TOP.v(89)
HDL-5007 WARNING: 'pwm_state_read' is already implicitly declared on line 52 in CPLD_SOC_AHB_TOP.v(90)
HDL-1007 : analyze verilog file al_ip/PLL.v
HDL-1007 : analyze verilog file al_ip/M3WithAHB.v
HDL-1007 : analyze verilog file src/AHB.v
HDL-1007 : analyze verilog file src/OnePWM.v
HDL-1007 : analyze verilog file CPLD_SOC_AHB_TOP.v
HDL-5007 WARNING: redeclaration of ansi port 'gpio_out' is not allowed in CPLD_SOC_AHB_TOP.v(27)
HDL-5007 WARNING: 'pnumcnt0' is already implicitly declared on line 35 in CPLD_SOC_AHB_TOP.v(89)
HDL-5007 WARNING: 'pwm_state_read' is already implicitly declared on line 52 in CPLD_SOC_AHB_TOP.v(90)
HDL-1007 : analyze verilog file al_ip/PLL.v
HDL-1007 : analyze verilog file al_ip/M3WithAHB.v
HDL-1007 : analyze verilog file src/AHB.v
HDL-1007 : analyze verilog file src/OnePWM.v
RUN-1002 : start command "elaborate -top CPLD_SOC_AHB_TOP"
HDL-1007 : elaborate module CPLD_SOC_AHB_TOP in CPLD_SOC_AHB_TOP.v(1)
HDL-1007 : elaborate module PLL in al_ip/PLL.v(25)
HDL-1007 : elaborate module EF2_PHY_PLL(FIN="25.000",FBCLK_DIV=40,CLKC0_DIV=5,CLKC1_DIV=10,CLKC2_DIV=40,CLKC3_DIV=125,CLKC0_ENABLE="ENABLE",CLKC1_ENABLE="ENABLE",CLKC2_ENABLE="ENABLE",CLKC3_ENABLE="ENABLE",FEEDBK_MODE="NOCOMP",STDBY_ENABLE="DISABLE",CLKC0_CPHASE=4,CLKC1_CPHASE=9,CLKC2_CPHASE=39,CLKC3_CPHASE=124,GMC_GAIN=6,ICP_CURRENT=3,KVCO=6,LPF_RESISTOR=2,SYNC_ENABLE="DISABLE",INTPI=3,HIGH_SPEED_EN="ENABLE",OFFSET_MODE="EXT",CLKC0_DUTY=0.5,CLKC1_DUTY=0.5,CLKC0_DUTY_INT=3,CLKC1_DUTY_INT=5) in C:/Anlogic/TD4.5.12562/arch/ef2_macro.v(2693)
HDL-1007 : elaborate module AHB in src/AHB.v(1)
HDL-5007 WARNING: port 'i2s_mst_clk' is not connected on this instance in al_ip/M3WithAHB.v(62)
HDL-5007 WARNING: port 'sleep_out' remains unconnected for this instance in al_ip/M3WithAHB.v(62)
HDL-1007 : elaborate module M3WithAHB in al_ip/M3WithAHB.v(14)
HDL-1007 : elaborate module EF2_PHY_MCU(GPIO_L0="ENABLE",GPIO_L1="ENABLE",GPIO_L3="ENABLE",GPIO_L4="ENABLE") in C:/Anlogic/TD4.5.12562/arch/ef2_macro.v(780)
HDL-5007 WARNING: input port 'i2s_mst_clk' is not connected on this instance in al_ip/M3WithAHB.v(46)
HDL-1007 : elaborate module OnePWM in src/OnePWM.v(1)
HDL-1200 : Current top model is CPLD_SOC_AHB_TOP
HDL-1100 : Inferred 0 RAMs.
RUN-1002 : start command "read_adc EF2L45BG256B.adc"
RUN-1002 : start command "set_pin_assignment clkin  LOCATION = J1;  "
RUN-1002 : start command "set_pin_assignment rst_n  LOCATION = G15;  "
RUN-1002 : start command "set_pin_assignment rs232_tx  LOCATION = J15;  "
RUN-1002 : start command "set_pin_assignment rs232_rx  LOCATION = K15;  "
RUN-1002 : start command "set_pin_assignment led_out[0]  LOCATION = C15;"
RUN-1002 : start command "set_pin_assignment led_out[1]  LOCATION = D16;"
RUN-1002 : start command "set_pin_assignment switch   LOCATION = K1;   "
RUN-1002 : start command "set_pin_assignment pwm[0]  LOCATION = D9;   "
RUN-1002 : start command "set_pin_assignment pwm[1]  LOCATION = E8;   "
RUN-1002 : start command "set_pin_assignment pwm[2]  LOCATION = F8;   "
RUN-1002 : start command "set_pin_assignment pwm[3]  LOCATION = F7;   "
RUN-1002 : start command "set_pin_assignment pwm[4]  LOCATION = D14;  "
RUN-1002 : start command "set_pin_assignment pwm[5]  LOCATION = E10;  "
RUN-1002 : start command "set_pin_assignment pwm[6]  LOCATION = B14;  "
RUN-1002 : start command "set_pin_assignment pwm[7]  LOCATION = A14;  "
RUN-1002 : start command "set_pin_assignment pwm[8]  LOCATION = B12;  "
RUN-1002 : start command "set_pin_assignment pwm[9]  LOCATION = B11;  "
RUN-1002 : start command "set_pin_assignment pwm[10]  LOCATION = C9;   "
RUN-1002 : start command "set_pin_assignment pwm[11]  LOCATION = A8;   "
RUN-1002 : start command "set_pin_assignment pwm[12]  LOCATION = C8;   "
RUN-1002 : start command "set_pin_assignment pwm[13]  LOCATION = B6;   "
RUN-1002 : start command "set_pin_assignment pwm[14]  LOCATION = A5;   "
RUN-1002 : start command "set_pin_assignment pwm[15]  LOCATION = A4;   "
USR-6010 WARNING: ADC constraints: pin dir[15] has no constraint.
USR-6010 WARNING: ADC constraints: pin dir[14] has no constraint.
USR-6010 WARNING: ADC constraints: pin dir[13] has no constraint.
USR-6010 WARNING: ADC constraints: pin dir[12] has no constraint.
USR-6010 WARNING: ADC constraints: pin dir[11] has no constraint.
USR-6010 WARNING: ADC constraints: pin dir[10] has no constraint.
USR-6010 WARNING: ADC constraints: pin dir[9] has no constraint.
USR-6010 WARNING: ADC constraints: pin dir[8] has no constraint.
USR-6010 WARNING: ADC constraints: pin dir[7] has no constraint.
USR-6010 WARNING: ADC constraints: pin dir[6] has no constraint.
USR-6010 WARNING: ADC constraints: pin dir[5] has no constraint.
USR-6010 WARNING: ADC constraints: pin dir[4] has no constraint.
USR-6010 WARNING: ADC constraints: pin dir[3] has no constraint.
USR-6010 WARNING: ADC constraints: pin dir[2] has no constraint.
USR-6010 WARNING: ADC constraints: pin dir[1] has no constraint.
USR-6010 WARNING: ADC constraints: pin dir[0] has no constraint.
USR-6010 WARNING: ADC constraints: pin gpio_in[31] has no constraint.
USR-6010 WARNING: ADC constraints: pin gpio_in[30] has no constraint.
USR-6010 WARNING: ADC constraints: pin gpio_in[29] has no constraint.
USR-6010 WARNING: ADC constraints: pin gpio_in[28] has no constraint.
USR-6010 WARNING: ADC constraints: pin gpio_in[27] has no constraint.
USR-6010 WARNING: ADC constraints: pin gpio_in[26] has no constraint.
USR-6010 WARNING: ADC constraints: pin gpio_in[25] has no constraint.
USR-6010 WARNING: ADC constraints: pin gpio_in[24] has no constraint.
USR-6010 WARNING: ADC constraints: pin gpio_in[23] has no constraint.
USR-6010 WARNING: ADC constraints: pin gpio_in[22] has no constraint.
USR-6010 WARNING: ADC constraints: pin gpio_in[21] has no constraint.
USR-6010 WARNING: ADC constraints: pin gpio_in[20] has no constraint.
USR-6010 WARNING: ADC constraints: pin gpio_in[19] has no constraint.
USR-6010 WARNING: ADC constraints: pin gpio_in[18] has no constraint.
USR-6010 WARNING: ADC constraints: pin gpio_in[17] has no constraint.
USR-6010 WARNING: ADC constraints: pin gpio_in[16] has no constraint.
USR-6010 WARNING: ADC constraints: pin gpio_in[15] has no constraint.
USR-6010 WARNING: ADC constraints: pin gpio_in[14] has no constraint.
USR-6010 WARNING: ADC constraints: pin gpio_in[13] has no constraint.
USR-6010 WARNING: ADC constraints: pin gpio_in[12] has no constraint.
USR-6010 WARNING: ADC constraints: pin gpio_in[11] has no constraint.
USR-6010 WARNING: ADC constraints: pin gpio_in[10] has no constraint.
USR-6010 WARNING: ADC constraints: pin gpio_in[9] has no constraint.
USR-6010 WARNING: ADC constraints: pin gpio_in[8] has no constraint.
USR-6010 WARNING: ADC constraints: pin gpio_in[7] has no constraint.
USR-6010 WARNING: ADC constraints: pin gpio_in[6] has no constraint.
USR-6010 WARNING: ADC constraints: pin gpio_in[5] has no constraint.
USR-6010 WARNING: ADC constraints: pin gpio_in[4] has no constraint.
USR-6010 WARNING: ADC constraints: pin gpio_in[3] has no constraint.
USR-6010 WARNING: ADC constraints: pin gpio_in[2] has no constraint.
USR-6010 WARNING: ADC constraints: pin gpio_in[1] has no constraint.
USR-6010 WARNING: ADC constraints: pin gpio_in[0] has no constraint.
USR-6010 WARNING: ADC constraints: pin gpio_out[31] has no constraint.
USR-6010 WARNING: ADC constraints: pin gpio_out[30] has no constraint.
USR-6010 WARNING: ADC constraints: pin gpio_out[29] has no constraint.
USR-6010 WARNING: ADC constraints: pin gpio_out[28] has no constraint.
USR-6010 WARNING: ADC constraints: pin gpio_out[27] has no constraint.
USR-6010 WARNING: ADC constraints: pin gpio_out[26] has no constraint.
USR-6010 WARNING: ADC constraints: pin gpio_out[25] has no constraint.
USR-6010 WARNING: ADC constraints: pin gpio_out[24] has no constraint.
USR-6010 WARNING: ADC constraints: pin gpio_out[23] has no constraint.
USR-6010 WARNING: ADC constraints: pin gpio_out[22] has no constraint.
USR-6010 WARNING: ADC constraints: pin gpio_out[21] has no constraint.
USR-6010 WARNING: ADC constraints: pin gpio_out[20] has no constraint.
USR-6010 WARNING: ADC constraints: pin gpio_out[19] has no constraint.
USR-6010 WARNING: ADC constraints: pin gpio_out[18] has no constraint.
USR-6010 WARNING: ADC constraints: pin gpio_out[17] has no constraint.
USR-6010 WARNING: ADC constraints: pin gpio_out[16] has no constraint.
USR-6010 WARNING: ADC constraints: pin gpio_out[15] has no constraint.
USR-6010 WARNING: ADC constraints: pin gpio_out[14] has no constraint.
USR-6010 WARNING: ADC constraints: pin gpio_out[13] has no constraint.
USR-6010 WARNING: ADC constraints: pin gpio_out[12] has no constraint.
USR-6010 WARNING: ADC constraints: pin gpio_out[11] has no constraint.
USR-6010 WARNING: ADC constraints: pin gpio_out[10] has no constraint.
USR-6010 WARNING: ADC constraints: pin gpio_out[9] has no constraint.
USR-6010 WARNING: ADC constraints: pin gpio_out[8] has no constraint.
USR-6010 WARNING: ADC constraints: pin gpio_out[7] has no constraint.
USR-6010 WARNING: ADC constraints: pin gpio_out[6] has no constraint.
USR-6010 WARNING: ADC constraints: pin gpio_out[5] has no constraint.
USR-6010 WARNING: ADC constraints: pin gpio_out[4] has no constraint.
USR-6010 WARNING: ADC constraints: pin gpio_out[3] has no constraint.
USR-6010 WARNING: ADC constraints: pin gpio_out[2] has no constraint.
USR-6010 WARNING: ADC constraints: pin gpio_out[1] has no constraint.
USR-6010 WARNING: ADC constraints: pin gpio_out[0] has no constraint.
RUN-1002 : start command "optimize_rtl"
RUN-1001 : Open license file C:/Anlogic/TD4.5.12562/license/Anlogic.lic
SYN-1012 : SanityCheck: Model "CPLD_SOC_AHB_TOP"
SYN-1012 : SanityCheck: Model "OnePWM"
SYN-1012 : SanityCheck: Model "AHB"
SYN-1012 : SanityCheck: Model "M3WithAHB"
SYN-1012 : SanityCheck: Model "PLL"
SYN-1043 : Mark PLL as IO macro for instance pll_inst
SYN-5013 WARNING: Undriven net: model "CPLD_SOC_AHB_TOP" / net "led_out[0]" in CPLD_SOC_AHB_TOP.v(11)
SYN-5014 WARNING: the net's pin: pin "led_out[0]" in CPLD_SOC_AHB_TOP.v(11)
SYN-5013 WARNING: Undriven net: model "CPLD_SOC_AHB_TOP" / net "led_out[1]" in CPLD_SOC_AHB_TOP.v(11)
SYN-5014 WARNING: the net's pin: pin "led_out[1]" in CPLD_SOC_AHB_TOP.v(11)
SYN-5013 WARNING: Undriven net: model "CPLD_SOC_AHB_TOP" / net "rs232_tx" in CPLD_SOC_AHB_TOP.v(10)
SYN-5014 WARNING: the net's pin: pin "rs232_tx" in CPLD_SOC_AHB_TOP.v(10)
SYN-5025 WARNING: Using 0 for all undriven pins and nets
SYN-1011 : Flatten model CPLD_SOC_AHB_TOP
SYN-1011 : Flatten model OnePWM
SYN-1011 : Flatten model AHB
SYN-1011 : Flatten model M3WithAHB
SYN-1016 : Merged 1 instances.
SYN-1011 : Flatten model PLL
SYN-1016 : Merged 49 instances.
SYN-1014 : Optimize round 1
SYN-1032 : 10339/263 useful/useless nets, 9472/160 useful/useless insts
SYN-1019 : Optimized 0 mux instances.
SYN-1021 : Optimized 8 onehot mux instances.
SYN-1020 : Optimized 480 distributor mux.
SYN-1016 : Merged 488 instances.
SYN-1015 : Optimize round 1, 3297 better
SYN-1014 : Optimize round 2
SYN-1032 : 8994/2969 useful/useless nets, 8127/512 useful/useless insts
SYN-1019 : Optimized 0 mux instances.
SYN-1015 : Optimize round 2, 552 better
SYN-1014 : Optimize round 3
SYN-1032 : 8994/0 useful/useless nets, 8127/0 useful/useless insts
SYN-1019 : Optimized 0 mux instances.
SYN-1015 : Optimize round 3, 0 better
RUN-1003 : finish command "optimize_rtl" in  3.417164s wall, 3.494422s user + 0.062400s system = 3.556823s CPU (104.1%)

RUN-1004 : used memory is 232 MB, reserved memory is 198 MB, peak memory is 298 MB
RUN-1002 : start command "report_area -file Quick_Start_rtl.area"
RUN-1001 : standard
***Report Model: CPLD_SOC_AHB_TOP***

IO Statistics
#IO                   103
  #input               36
  #output              67
  #inout                0

Gate Statistics
#Basic gates         4327
  #and                699
  #nand                 0
  #or                 506
  #nor                  0
  #xor                  0
  #xnor                 0
  #buf                  0
  #not                140
  #bufif1               0
  #MX21                88
  #FADD                 0
  #DFF               2894
  #LATCH                0
#MACRO_ADD             32
#MACRO_EQ              84
#MACRO_MUX           2736

RUN-1001 : 
Report Hierarchy Area:
+---------------------------------------------------+
|Instance |Module           |gates  |seq    |macros |
+---------------------------------------------------+
|top      |CPLD_SOC_AHB_TOP |1433   |2894   |116    |
+---------------------------------------------------+

RUN-1002 : start command "read_sdc Quick_Start.sdc"
RUN-1002 : start command "get_nets clk100m"
RUN-1002 : start command "create_clock -name clk100m -period 10 -waveform 0 5 "
RUN-1102 : create_clock: clock name: clk100m, type: 0, period: 10000, rise: 0, fall: 5000.
RUN-1104 : Import SDC file Quick_Start.sdc finished, there are 2 nets kept by constraints.
RUN-1002 : start command "export_db Quick_Start_rtl.db"
RUN-1001 : Exported /
RUN-1001 : Exported libs
RUN-1001 : Exported entities
RUN-1001 : Exported ports
RUN-1001 : Exported pins
RUN-1001 : Exported instances
RUN-1001 : Exported nets
RUN-1001 : Exported buses
RUN-1001 : Exported models
RUN-1001 : Exported congestions
RUN-1001 : Exported violations
RUN-1001 : Exported timing constraints
RUN-1001 : Exported IO constraints
RUN-1001 : Exported Inst constraints
RUN-1001 : Exported flow parameters
RUN-1003 : finish command "export_db Quick_Start_rtl.db" in  1.472126s wall, 1.435209s user + 0.046800s system = 1.482009s CPU (100.7%)

RUN-1004 : used memory is 268 MB, reserved memory is 233 MB, peak memory is 298 MB
RUN-1002 : start command "set_param gate pack_effort high"
RUN-1002 : start command "optimize_gate -packarea Quick_Start_gate.area"
RUN-1001 : Open license file C:/Anlogic/TD4.5.12562/license/Anlogic.lic
SYN-2001 : Map 103 IOs to PADs
SYN-2501 : Processed 0 LOGIC_BUF instances.
SYN-2571 : Optimize after map_dsp, round 1
SYN-1032 : 9128/2 useful/useless nets, 8264/0 useful/useless insts
SYN-2571 : Optimize after map_dsp, round 1, 0 better
SYN-2501 : Optimize round 1
SYN-1032 : 11600/0 useful/useless nets, 10736/0 useful/useless insts
SYN-1016 : Merged 2 instances.
SYN-2501 : Optimize round 1, 1242 better
SYN-2501 : Optimize round 2
SYN-1032 : 11598/0 useful/useless nets, 10734/0 useful/useless insts
SYN-2501 : Optimize round 2, 0 better
SYN-2501 : Map 32 macro adder
SYN-1032 : 12446/0 useful/useless nets, 11582/0 useful/useless insts
RUN-1002 : start command "start_timer -prepack"
TMR-2505 : Start building timing graph for model CPLD_SOC_AHB_TOP.
TMR-2506 : Build timing graph completely. Port num: 10, tpin num: 45571, tnet num: 12437, tinst num: 11557, tnode num: 86074, tedge num: 87005.
TMR-2507 : Eliminate loop in the timing graph, delete 0 tedges.
TMR-2508 : Levelizing timing graph completed, there are 67 levels in total.
TMR-2501 : Timing graph initialized successfully.
RUN-1003 : finish command "start_timer -prepack" in  1.416927s wall, 1.326008s user + 0.124801s system = 1.450809s CPU (102.4%)

RUN-1004 : used memory is 399 MB, reserved memory is 363 MB, peak memory is 399 MB
TMR-2503 : Start to update net delay, extr mode = 2.
TMR-2504 : Update delay of 12437 nets completely.
TMR-2502 : Annotate delay completely, extr mode = 2.
TMR-3001 : Initiate 1 clocks from SDC.
TMR-3004 : Start mapping sdc constraints, there are 0 constraints in total.
TMR-3005 : Start mapping report constraints, there are 0 constraints in total.
TMR-3003 : Constraints initiated successfully.
TMR-3501 : Forward propagation: start to calculate arrival time...
TMR-3502 : Backward propagation: start to calculate required time...
TMR-3503 : Timing propagation completes.
SYN-3001 : Running gate level optimization.
SYN-2581 : Mapping with K=5, #lut = 3132 (4.12), #lev = 7 (4.01)
SYN-2551 : Post LUT mapping optimization.
SYN-2581 : Mapping with K=5, #lut = 3132 (4.12), #lev = 7 (4.01)
SYN-2581 : Mapping with K=5, #lut = 3132 (4.12), #lev = 7 (4.01)
SYN-3001 : Logic optimization runtime opt =   0.51 sec, map =   0.00 sec
SYN-3001 : Mapper mapped 6755 instances into 3132 LUTs, name keeping = 51%.
SYN-1001 : Packing model "CPLD_SOC_AHB_TOP" ...
SYN-4010 : Pack lib has 35 rtl pack models with 12 top pack blocks
SYN-1014 : Optimize round 1
SYN-1032 : 8791/0 useful/useless nets, 7927/0 useful/useless insts
SYN-1015 : Optimize round 1, 0 better
SYN-4002 : Packing 2894 DFF/LATCH to SEQ ...
SYN-4009 : Pack 16 carry chain into lslice
SYN-4007 : Packing 400 adder to BLE ...
SYN-4008 : Packed 400 adder and 0 SEQ to BLE.
SYN-4007 : Packing 0 gate4 to BLE ...
SYN-4008 : Packed 0 gate4 and 0 SEQ to BLE.
SYN-4012 : Packed 0 FxMUX
SYN-4007 : Packing 0 MUX to BLE ...
SYN-4008 : Packed 0 MUX and 0 SEQ to BLE.
SYN-4007 : Packing 3132 LUT to BLE ...
SYN-4008 : Packed 3132 LUT and 1456 SEQ to BLE.
SYN-4003 : Packing 1438 remaining SEQ's ...
SYN-4004 : #0: Packed 0 SEQ (1438 nodes)...
SYN-4004 : #1: Packed 470 SEQ (74942 nodes)...
SYN-4004 : #2: Packed 1209 SEQ (1139050 nodes)...
SYN-4004 : #3: Packed 1438 SEQ (146192 nodes)...
SYN-4004 : #4: Packed 1438 SEQ (0 nodes)...
SYN-4005 : Packed 1438 SEQ with LUT/SLICE
SYN-4006 : 258 single LUT's are left
SYN-4006 : 1438 single SEQ's are left
SYN-4011 : Packing model "CPLD_SOC_AHB_TOP" (AL_USER_NORMAL) with 3132/4505 primitive instances ...
RUN-1002 : start command "report_area -file Quick_Start_gate.area"
RUN-1001 : standard
***Report Model: CPLD_SOC_AHB_TOP***

IO Statistics
#IO                   103
  #input               36
  #output              67
  #inout                0

Utilization Statistics
#lut                 4050   out of   4480   90.40%
#reg                 2894   out of   4480   64.60%
#le                  4050
  #lut only          1156   out of   4050   28.54%
  #reg only             0   out of   4050    0.00%
  #lut&reg           2894   out of   4050   71.46%
#dsp                    0   out of     15    0.00%
#bram                   0   out of     12    0.00%
  #bram9k               0
  #fifo9k               0
#bram32k                0   out of      6    0.00%
#mcu                    1   out of      1  100.00%
#pad                  103   out of    202   50.99%
  #ireg                 0
  #oreg                 0
  #treg                 0
#pll                    1   out of      1  100.00%

RUN-1001 : 
Report Hierarchy Area:
+------------------------------------------------+
|Instance |Module           |le    |lut   |seq   |
+------------------------------------------------+
|top      |CPLD_SOC_AHB_TOP |4050  |4050  |2894  |
+------------------------------------------------+

RUN-1003 : finish command "optimize_gate -packarea Quick_Start_gate.area" in  15.661222s wall, 15.397299s user + 0.343202s system = 15.740501s CPU (100.5%)

RUN-1004 : used memory is 352 MB, reserved memory is 325 MB, peak memory is 467 MB
RUN-1002 : start command "legalize_phy_inst"
SYN-1011 : Flatten model CPLD_SOC_AHB_TOP
RUN-1002 : start command "read_sdc Quick_Start.sdc"
RUN-1002 : start command "get_nets clk100m"
RUN-1002 : start command "create_clock -name clk100m -period 10 -waveform 0 5 "
RUN-1102 : create_clock: clock name: clk100m, type: 0, period: 10000, rise: 0, fall: 5000.
RUN-1104 : Import SDC file Quick_Start.sdc finished, there are 3 nets kept by constraints.
RUN-1002 : start command "export_db Quick_Start_gate.db"
RUN-1001 : Exported /
RUN-1001 : Exported libs
RUN-1001 : Exported entities
RUN-1001 : Exported ports
RUN-1001 : Exported pins
RUN-1001 : Exported instances
RUN-1001 : Exported nets
RUN-1001 : Exported buses
RUN-1001 : Exported models
RUN-1001 : Exported congestions
RUN-1001 : Exported violations
RUN-1001 : Exported timing constraints
RUN-1001 : Exported IO constraints
RUN-1001 : Exported Inst constraints
RUN-1001 : Exported flow parameters
RUN-1003 : finish command "export_db Quick_Start_gate.db" in  2.761251s wall, 2.667617s user + 0.093601s system = 2.761218s CPU (100.0%)

RUN-1004 : used memory is 355 MB, reserved memory is 328 MB, peak memory is 467 MB
RUN-1002 : start command "place"
RUN-1001 : Open license file C:/Anlogic/TD4.5.12562/license/Anlogic.lic
PHY-3001 : Placer runs in 2 thread(s).
SYN-5018 WARNING: Rename 'KEEP' net from 'dir_pad[0]' to 'PWM0/dir'.
SYN-5018 WARNING: Rename 'KEEP' net from 'pwm_pad[0]' to 'PWM0/pwm'.
SYN-5018 WARNING: Rename 'KEEP' net from 'dir_pad[1]' to 'PWM1/dir'.
SYN-5018 WARNING: Rename 'KEEP' net from 'pwm_pad[1]' to 'PWM1/pwm'.
SYN-5018 WARNING: Rename 'KEEP' net from 'dir_pad[2]' to 'PWM2/dir'.
SYN-5018 WARNING: Rename 'KEEP' net from 'pwm_pad[2]' to 'PWM2/pwm'.
SYN-5018 WARNING: Rename 'KEEP' net from 'dir_pad[3]' to 'PWM3/dir'.
SYN-5018 WARNING: Rename 'KEEP' net from 'pwm_pad[3]' to 'PWM3/pwm'.
SYN-5018 WARNING: Rename 'KEEP' net from 'dir_pad[4]' to 'PWM4/dir'.
SYN-5018 WARNING: Rename 'KEEP' net from 'pwm_pad[4]' to 'PWM4/pwm'.
SYN-5018 WARNING: Rename 'KEEP' net from 'dir_pad[5]' to 'PWM5/dir'.
SYN-5018 WARNING: Rename 'KEEP' net from 'pwm_pad[5]' to 'PWM5/pwm'.
SYN-5018 WARNING: Rename 'KEEP' net from 'dir_pad[6]' to 'PWM6/dir'.
SYN-5018 WARNING: Rename 'KEEP' net from 'pwm_pad[6]' to 'PWM6/pwm'.
SYN-5018 WARNING: Rename 'KEEP' net from 'dir_pad[7]' to 'PWM7/dir'.
SYN-5018 WARNING: Rename 'KEEP' net from 'pwm_pad[7]' to 'PWM7/pwm'.
SYN-5018 WARNING: Rename 'KEEP' net from 'dir_pad[8]' to 'PWM8/dir'.
SYN-5018 WARNING: Rename 'KEEP' net from 'pwm_pad[8]' to 'PWM8/pwm'.
SYN-5018 WARNING: Rename 'KEEP' net from 'dir_pad[9]' to 'PWM9/dir'.
SYN-5018 WARNING: Rename 'KEEP' net from 'pwm_pad[9]' to 'PWM9/pwm'.
SYN-5018 WARNING: Rename 'KEEP' net from 'dir_pad[10]' to 'PWMA/dir'.
SYN-5018 WARNING: Rename 'KEEP' net from 'pwm_pad[10]' to 'PWMA/pwm'.
SYN-5018 WARNING: Rename 'KEEP' net from 'dir_pad[11]' to 'PWMB/dir'.
SYN-5018 WARNING: Rename 'KEEP' net from 'pwm_pad[11]' to 'PWMB/pwm'.
SYN-5018 WARNING: Rename 'KEEP' net from 'dir_pad[12]' to 'PWMC/dir'.
SYN-5018 WARNING: Rename 'KEEP' net from 'pwm_pad[12]' to 'PWMC/pwm'.
SYN-5018 WARNING: Rename 'KEEP' net from 'dir_pad[13]' to 'PWMD/dir'.
SYN-5018 WARNING: Rename 'KEEP' net from 'pwm_pad[13]' to 'PWMD/pwm'.
SYN-5018 WARNING: Rename 'KEEP' net from 'dir_pad[14]' to 'PWME/dir'.
SYN-5018 WARNING: Rename 'KEEP' net from 'pwm_pad[14]' to 'PWME/pwm'.
SYN-5018 WARNING: Rename 'KEEP' net from 'dir_pad[15]' to 'PWMF/dir'.
SYN-5018 WARNING: Rename 'KEEP' net from 'pwm_pad[15]' to 'PWMF/pwm'.
SYN-4027 : Net clk100m is clkc1 of pll U_PLL/pll_inst.
SYN-4027 : Net clk25m is clkc2 of pll U_PLL/pll_inst.
SYN-4019 : Net clkin_pad is refclk of pll U_PLL/pll_inst.
SYN-4025 : Tag rtl::Net clk100m as clock net
SYN-4025 : Tag rtl::Net clk25m as clock net
SYN-4025 : Tag rtl::Net clkin_pad as clock net
SYN-4026 : Tagged 3 rtl::Net as clock net
PHY-1001 : Populate physical database.
RUN-1001 : There are total 2137 instances
RUN-1001 : 1014 mslices, 1015 lslices, 103 pads, 0 brams, 0 dsps
RUN-1001 : There are total 5862 nets
RUN-1001 : 3046 nets have 2 pins
RUN-1001 : 2168 nets have [3 - 5] pins
RUN-1001 : 446 nets have [6 - 10] pins
RUN-1001 : 70 nets have [11 - 20] pins
RUN-1001 : 127 nets have [21 - 99] pins
RUN-1001 : 5 nets have 100+ pins
PHY-3001 : Initial placement ...
PHY-3001 : design contains 2135 instances, 2029 slices, 32 macros(320 instances)
PHY-3001 : Start timing update ...
RUN-1002 : start command "start_timer"
TMR-2505 : Start building timing graph for model CPLD_SOC_AHB_TOP.
TMR-2506 : Build timing graph completely. Port num: 10, tpin num: 25378, tnet num: 5860, tinst num: 2135, tnode num: 31041, tedge num: 42583.
TMR-2507 : Eliminate loop in the timing graph, delete 0 tedges.
TMR-2508 : Levelizing timing graph completed, there are 33 levels in total.
TMR-2501 : Timing graph initialized successfully.
TMR-2503 : Start to update net delay, extr mode = 2.
TMR-2504 : Update delay of 5860 nets completely.
TMR-2502 : Annotate delay completely, extr mode = 2.
TMR-3001 : Initiate 1 clocks from SDC.
TMR-3004 : Start mapping sdc constraints, there are 0 constraints in total.
TMR-3005 : Start mapping report constraints, there are 0 constraints in total.
TMR-3003 : Constraints initiated successfully.
TMR-3501 : Forward propagation: start to calculate arrival time...
TMR-3502 : Backward propagation: start to calculate required time...
TMR-3503 : Timing propagation completes.
PHY-3001 : End timing update;  1.288299s wall, 1.263608s user + 0.078001s system = 1.341609s CPU (104.1%)

PHY-3001 : Global placement ...
PHY-3001 : Initial: Len = 936677
PHY-3001 : Run with size of 3
PHY-3001 : Cell area utilization is 90%, beta_incr = 0.456518
PHY-3001 : :::0::: Try harder cell spreading with beta_ = 0
PHY-3002 : Step(1): len = 537907, overlap = 186.75
PHY-3002 : Step(2): len = 362203, overlap = 251.25
PHY-3002 : Step(3): len = 277323, overlap = 284.5
PHY-3002 : Step(4): len = 220404, overlap = 303.5
PHY-3002 : Step(5): len = 178922, overlap = 318.5
PHY-3002 : Step(6): len = 147480, overlap = 341.25
PHY-3002 : Step(7): len = 116952, overlap = 359.5
PHY-3002 : Step(8): len = 100884, overlap = 369.75
PHY-3002 : Step(9): len = 81352.9, overlap = 385
PHY-3001 : :::1::: Try harder cell spreading with beta_ = 8.74948e-07
PHY-3002 : Step(10): len = 79342, overlap = 383.75
PHY-3002 : Step(11): len = 80318.8, overlap = 379.75
PHY-3002 : Step(12): len = 89145.5, overlap = 358.75
PHY-3002 : Step(13): len = 85723.3, overlap = 353.75
PHY-3002 : Step(14): len = 85948, overlap = 350.75
PHY-3002 : Step(15): len = 87313.6, overlap = 347.25
PHY-3002 : Step(16): len = 91965, overlap = 344
PHY-3002 : Step(17): len = 95315.4, overlap = 340.75
PHY-3002 : Step(18): len = 95085.5, overlap = 339.5
PHY-3002 : Step(19): len = 94695.8, overlap = 338.25
PHY-3001 : :::2::: Try harder cell spreading with beta_ = 1.7499e-06
PHY-3002 : Step(20): len = 98057.2, overlap = 333.25
PHY-3002 : Step(21): len = 100165, overlap = 328.75
PHY-3002 : Step(22): len = 99626.9, overlap = 325.75
PHY-3002 : Step(23): len = 102655, overlap = 323.25
PHY-3002 : Step(24): len = 106579, overlap = 320.5
PHY-3001 : :::3::: Try harder cell spreading with beta_ = 3.49979e-06
PHY-3002 : Step(25): len = 106366, overlap = 314.25
PHY-3002 : Step(26): len = 115660, overlap = 290.75
PHY-3002 : Step(27): len = 124793, overlap = 249.5
PHY-3002 : Step(28): len = 123627, overlap = 243.25
PHY-3002 : Step(29): len = 123948, overlap = 243.25
PHY-3002 : Step(30): len = 124305, overlap = 242.75
PHY-3001 : :::4::: Try harder cell spreading with beta_ = 6.99958e-06
PHY-3002 : Step(31): len = 128460, overlap = 239.25
PHY-3002 : Step(32): len = 132864, overlap = 237
PHY-3002 : Step(33): len = 132306, overlap = 232.75
PHY-3002 : Step(34): len = 133940, overlap = 228
PHY-3002 : Step(35): len = 137088, overlap = 223.5
PHY-3001 : :::5::: Try harder cell spreading with beta_ = 1.39992e-05
PHY-3002 : Step(36): len = 141443, overlap = 220.25
PHY-3002 : Step(37): len = 154395, overlap = 188
PHY-3002 : Step(38): len = 151510, overlap = 181
PHY-3002 : Step(39): len = 152025, overlap = 175.5
PHY-3002 : Step(40): len = 152326, overlap = 172.25
PHY-3001 : :::6::: Try harder cell spreading with beta_ = 2.66609e-05
PHY-3002 : Step(41): len = 161162, overlap = 161
PHY-3002 : Step(42): len = 170594, overlap = 154
PHY-3002 : Step(43): len = 167754, overlap = 150.75
PHY-3002 : Step(44): len = 166472, overlap = 148.5
PHY-3002 : Step(45): len = 165671, overlap = 148.75
PHY-3001 : :::7::: Try harder cell spreading with beta_ = 5.08843e-05
PHY-3002 : Step(46): len = 171735, overlap = 141.25
PHY-3002 : Step(47): len = 178322, overlap = 132
PHY-3002 : Step(48): len = 176536, overlap = 132.5
PHY-3002 : Step(49): len = 175847, overlap = 133
PHY-3002 : Step(50): len = 175814, overlap = 133.75
PHY-3001 : :::8::: Try harder cell spreading with beta_ = 0.000101769
PHY-3002 : Step(51): len = 181508, overlap = 130.75
PHY-3002 : Step(52): len = 185304, overlap = 125.75
PHY-3002 : Step(53): len = 185052, overlap = 125
PHY-3001 : Legalization ...
PHY-3001 : End legalization;  0.003345s wall, 0.015600s user + 0.000000s system = 0.015600s CPU (466.3%)

PHY-3001 : Run with size of 3
PHY-3001 : Cell area utilization is 92%, beta_incr = 0.456518
PHY-3001 : Analyzing congestion ...
PHY-3001 : End congestion estimation;  1.304274s wall, 1.263608s user + 0.046800s system = 1.310408s CPU (100.5%)

PHY-3001 : Update density targets...
PHY-3001 : Update congestion history...
PHY-3001 : Update timing in global mode ...
TMR-2503 : Start to update net delay, extr mode = 5.
TMR-2504 : Update delay of 5860 nets completely.
TMR-2502 : Annotate delay completely, extr mode = 5.
TMR-3005 : Start mapping report constraints, there are 0 constraints in total.
TMR-3501 : Forward propagation: start to calculate arrival time...
TMR-3502 : Backward propagation: start to calculate required time...
TMR-3503 : Timing propagation completes.
PHY-3001 : End timing update;  0.753302s wall, 0.764405s user + 0.000000s system = 0.764405s CPU (101.5%)

PHY-3001 : :::0::: Try harder cell spreading with beta_ = 1.48397e-05
PHY-3002 : Step(54): len = 182902, overlap = 134.75
PHY-3002 : Step(55): len = 179616, overlap = 130
PHY-3002 : Step(56): len = 176362, overlap = 140.5
PHY-3002 : Step(57): len = 172889, overlap = 148
PHY-3002 : Step(58): len = 169901, overlap = 160.75
PHY-3002 : Step(59): len = 166308, overlap = 170
PHY-3002 : Step(60): len = 162921, overlap = 176
PHY-3002 : Step(61): len = 160318, overlap = 185.25
PHY-3002 : Step(62): len = 159089, overlap = 183.25
PHY-3001 : :::1::: Try harder cell spreading with beta_ = 2.92533e-05
PHY-3002 : Step(63): len = 168730, overlap = 162.25
PHY-3002 : Step(64): len = 175963, overlap = 152
PHY-3002 : Step(65): len = 175484, overlap = 147.75
PHY-3002 : Step(66): len = 175832, overlap = 146
PHY-3002 : Step(67): len = 176354, overlap = 140.5
PHY-3001 : :::2::: Try harder cell spreading with beta_ = 5.67193e-05
PHY-3002 : Step(68): len = 184299, overlap = 125
PHY-3002 : Step(69): len = 189468, overlap = 118
PHY-3002 : Step(70): len = 190533, overlap = 117.5
PHY-3002 : Step(71): len = 191999, overlap = 119.75
PHY-3002 : Step(72): len = 193027, overlap = 120.25
PHY-3001 : :::3::: Try harder cell spreading with beta_ = 0.000113439
PHY-3002 : Step(73): len = 198835, overlap = 115.25
PHY-3002 : Step(74): len = 202248, overlap = 115.75
PHY-3002 : Step(75): len = 203725, overlap = 118.75
PHY-3002 : Step(76): len = 204657, overlap = 120.5
PHY-3002 : Step(77): len = 204652, overlap = 124.75
PHY-3001 : :::4::: Try harder cell spreading with beta_ = 0.000226877
PHY-3002 : Step(78): len = 210030, overlap = 120.5
PHY-3002 : Step(79): len = 212820, overlap = 117
PHY-3002 : Step(80): len = 214998, overlap = 116
PHY-3001 : Run with size of 1
PHY-3001 : Cell area utilization is 92%, beta_incr = 0.456518
PHY-3001 : Analyzing congestion ...
PHY-3001 : End congestion estimation;  1.315396s wall, 1.372809s user + 0.000000s system = 1.372809s CPU (104.4%)

PHY-3001 : Update density targets...
PHY-3001 : Update congestion history...
PHY-3001 : Update timing in global mode ...
TMR-2503 : Start to update net delay, extr mode = 5.
TMR-2504 : Update delay of 5860 nets completely.
TMR-2502 : Annotate delay completely, extr mode = 5.
TMR-3005 : Start mapping report constraints, there are 0 constraints in total.
TMR-3501 : Forward propagation: start to calculate arrival time...
TMR-3502 : Backward propagation: start to calculate required time...
TMR-3503 : Timing propagation completes.
PHY-3001 : End timing update;  0.744631s wall, 0.733205s user + 0.015600s system = 0.748805s CPU (100.6%)

PHY-3001 : :::0::: Try harder cell spreading with beta_ = 7.58196e-05
PHY-3002 : Step(81): len = 216487, overlap = 191
PHY-3002 : Step(82): len = 214748, overlap = 170
PHY-3002 : Step(83): len = 210581, overlap = 162
PHY-3002 : Step(84): len = 203199, overlap = 169
PHY-3002 : Step(85): len = 195547, overlap = 185
PHY-3002 : Step(86): len = 189680, overlap = 189.75
PHY-3002 : Step(87): len = 184687, overlap = 192.75
PHY-3002 : Step(88): len = 180819, overlap = 198.5
PHY-3002 : Step(89): len = 177701, overlap = 201
PHY-3002 : Step(90): len = 175869, overlap = 209.25
PHY-3002 : Step(91): len = 174380, overlap = 211.25
PHY-3001 : :::1::: Try harder cell spreading with beta_ = 0.000151639
PHY-3002 : Step(92): len = 182209, overlap = 196
PHY-3002 : Step(93): len = 186547, overlap = 185.5
PHY-3002 : Step(94): len = 189713, overlap = 178.25
PHY-3002 : Step(95): len = 190326, overlap = 175.25
PHY-3002 : Step(96): len = 190806, overlap = 176.5
PHY-3002 : Step(97): len = 191470, overlap = 178
PHY-3001 : :::2::: Try harder cell spreading with beta_ = 0.000284251
PHY-3002 : Step(98): len = 197982, overlap = 168.75
PHY-3002 : Step(99): len = 201338, overlap = 156.5
PHY-3002 : Step(100): len = 205279, overlap = 157.75
PHY-3002 : Step(101): len = 207440, overlap = 153.5
PHY-3002 : Step(102): len = 208081, overlap = 153.75
PHY-3002 : Step(103): len = 208992, overlap = 151.25
PHY-3001 : :::3::: Try harder cell spreading with beta_ = 0.000549196
PHY-3002 : Step(104): len = 213407, overlap = 147.5
PHY-3002 : Step(105): len = 214860, overlap = 145
PHY-3002 : Step(106): len = 218851, overlap = 142.25
PHY-3002 : Step(107): len = 219770, overlap = 137.5
PHY-3002 : Step(108): len = 220160, overlap = 139
PHY-3001 : :::4::: Try harder cell spreading with beta_ = 0.00102313
PHY-3002 : Step(109): len = 223461, overlap = 134.5
PHY-3002 : Step(110): len = 224635, overlap = 131.75
PHY-3002 : Step(111): len = 226786, overlap = 130.75
PHY-3002 : Step(112): len = 227655, overlap = 130.25
PHY-3002 : Step(113): len = 228419, overlap = 126.75
PHY-3001 : :::5::: Try harder cell spreading with beta_ = 0.00167459
PHY-3002 : Step(114): len = 230073, overlap = 126.25
PHY-3002 : Step(115): len = 231365, overlap = 125.75
PHY-3002 : Step(116): len = 232743, overlap = 123.25
PHY-3002 : Step(117): len = 233191, overlap = 124.25
PHY-3001 : :::6::: Try harder cell spreading with beta_ = 0.00269626
PHY-3002 : Step(118): len = 234186, overlap = 122.5
PHY-3002 : Step(119): len = 235213, overlap = 124.5
PHY-3002 : Step(120): len = 236220, overlap = 126
PHY-3002 : Step(121): len = 236576, overlap = 124.25
PHY-3002 : Step(122): len = 237293, overlap = 125.25
PHY-3001 : Legalization ...
PHY-3001 : End legalization;  0.359250s wall, 0.218401s user + 0.218401s system = 0.436803s CPU (121.6%)

PHY-3001 : Run with size of 1
PHY-3001 : Cell area utilization is 92%, beta_incr = 0.456518
PHY-3001 : Analyzing congestion ...
PHY-3001 : End congestion estimation;  1.182913s wall, 1.138807s user + 0.000000s system = 1.138807s CPU (96.3%)

PHY-3001 : Update density targets...
PHY-3001 : Update congestion history...
PHY-3001 : Update timing in global mode ...
TMR-2503 : Start to update net delay, extr mode = 5.
TMR-2504 : Update delay of 5860 nets completely.
TMR-2502 : Annotate delay completely, extr mode = 5.
TMR-3005 : Start mapping report constraints, there are 0 constraints in total.
TMR-3501 : Forward propagation: start to calculate arrival time...
TMR-3502 : Backward propagation: start to calculate required time...
TMR-3503 : Timing propagation completes.
PHY-3001 : End timing update;  0.755165s wall, 0.764405s user + 0.031200s system = 0.795605s CPU (105.4%)

PHY-3001 : :::0::: Try harder cell spreading with beta_ = 0.000362356
PHY-3002 : Step(123): len = 239251, overlap = 114.25
PHY-3002 : Step(124): len = 234963, overlap = 113.25
PHY-3002 : Step(125): len = 228971, overlap = 123.75
PHY-3002 : Step(126): len = 225424, overlap = 128
PHY-3002 : Step(127): len = 222893, overlap = 132
PHY-3002 : Step(128): len = 220760, overlap = 136.75
PHY-3002 : Step(129): len = 219881, overlap = 137
PHY-3002 : Step(130): len = 219080, overlap = 139.5
PHY-3001 : :::1::: Try harder cell spreading with beta_ = 0.000718143
PHY-3002 : Step(131): len = 222699, overlap = 133
PHY-3002 : Step(132): len = 223356, overlap = 131.5
PHY-3002 : Step(133): len = 225284, overlap = 128
PHY-3001 : :::2::: Try harder cell spreading with beta_ = 0.00127008
PHY-3002 : Step(134): len = 227735, overlap = 126.5
PHY-3002 : Step(135): len = 228840, overlap = 122.75
PHY-3002 : Step(136): len = 229778, overlap = 122.75
PHY-3002 : Step(137): len = 230825, overlap = 121.5
PHY-3002 : Step(138): len = 231495, overlap = 120.75
PHY-3001 : :::3::: Try harder cell spreading with beta_ = 0.00198118
PHY-3002 : Step(139): len = 232806, overlap = 119.25
PHY-3002 : Step(140): len = 233824, overlap = 114
PHY-3001 : Legalization ...
PHY-3001 : End legalization;  0.201159s wall, 0.202801s user + 0.000000s system = 0.202801s CPU (100.8%)

PHY-3001 : Legalized: Len = 245489, Over = 0
PHY-3001 : Final: Len = 245489, Over = 0
RUN-1003 : finish command "place" in  25.557810s wall, 32.604209s user + 1.778411s system = 34.382620s CPU (134.5%)

RUN-1004 : used memory is 430 MB, reserved memory is 392 MB, peak memory is 467 MB
RUN-1002 : start command "route"
RUN-1001 : Open license file C:/Anlogic/TD4.5.12562/license/Anlogic.lic
PHY-1001 : Pin swapping for better routability
PHY-1001 : Pin misalignment score is improved from 2885 to 2187
PHY-1001 : Pin misalignment score is improved from 2187 to 2166
PHY-1001 : Pin misalignment score is improved from 2166 to 2163
PHY-1001 : Pin misalignment score is improved from 2163 to 2161
PHY-1001 : Pin misalignment score is improved from 2161 to 2161
PHY-1001 : Pin local connectivity score is improved from 207 to 0
PHY-1001 : Pin misalignment score is improved from 2250 to 2183
PHY-1001 : Pin misalignment score is improved from 2183 to 2167
PHY-1001 : Pin misalignment score is improved from 2167 to 2167
PHY-1001 : Pin local connectivity score is improved from 69 to 0
PHY-1001 : End pin swap;  3.415761s wall, 3.385222s user + 0.000000s system = 3.385222s CPU (99.1%)

PHY-1001 : Route runs in 2 thread(s)
RUN-1001 : There are total 2137 instances
RUN-1001 : 1014 mslices, 1015 lslices, 103 pads, 0 brams, 0 dsps
RUN-1001 : There are total 5862 nets
RUN-1001 : 3046 nets have 2 pins
RUN-1001 : 2168 nets have [3 - 5] pins
RUN-1001 : 446 nets have [6 - 10] pins
RUN-1001 : 70 nets have [11 - 20] pins
RUN-1001 : 127 nets have [21 - 99] pins
RUN-1001 : 5 nets have 100+ pins
PHY-1001 : Start global routing ...
PHY-1001 : Generate routing grids ...
PHY-1001 : Initialize routing nets ...
PHY-1001 : Ripup & Reroute ...
PHY-1002 : len = 313928, over cnt = 1730(21%), over = 3451, worst = 9
PHY-1002 : len = 323144, over cnt = 1484(18%), over = 2401, worst = 5
PHY-1002 : len = 331040, over cnt = 1413(17%), over = 1962, worst = 4
PHY-1002 : len = 355432, over cnt = 1051(13%), over = 1170, worst = 3
PHY-1002 : len = 372608, over cnt = 885(11%), over = 921, worst = 2
PHY-1002 : len = 391240, over cnt = 778(9%), over = 794, worst = 2
RUN-1002 : start command "start_timer"
TMR-2505 : Start building timing graph for model CPLD_SOC_AHB_TOP.
TMR-2506 : Build timing graph completely. Port num: 10, tpin num: 25378, tnet num: 5860, tinst num: 2135, tnode num: 31041, tedge num: 42583.
TMR-2507 : Eliminate loop in the timing graph, delete 0 tedges.
TMR-2508 : Levelizing timing graph completed, there are 33 levels in total.
TMR-2501 : Timing graph initialized successfully.
PHY-1001 : Generate timing info.
TMR-2503 : Start to update net delay, extr mode = 5.
TMR-2504 : Update delay of 5860 nets completely.
TMR-2502 : Annotate delay completely, extr mode = 5.
TMR-3001 : Initiate 1 clocks from SDC.
TMR-3004 : Start mapping sdc constraints, there are 0 constraints in total.
TMR-3005 : Start mapping report constraints, there are 0 constraints in total.
TMR-3003 : Constraints initiated successfully.
TMR-3501 : Forward propagation: start to calculate arrival time...
TMR-3502 : Backward propagation: start to calculate required time...
TMR-3503 : Timing propagation completes.
PHY-1001 : Optimize timing.
PHY-1001 : 79 out of 5862 nets being processed.
TMR-2503 : Start to update net delay, extr mode = 5.
TMR-2504 : Update delay of 5860 nets completely.
TMR-2502 : Annotate delay completely, extr mode = 5.
TMR-3005 : Start mapping report constraints, there are 0 constraints in total.
TMR-3501 : Forward propagation: start to calculate arrival time...
TMR-3502 : Backward propagation: start to calculate required time...
TMR-3503 : Timing propagation completes.
PHY-1001 : End global routing;  5.641013s wall, 5.600436s user + 0.031200s system = 5.631636s CPU (99.8%)

PHY-1001 : Start detail routing ...
PHY-1001 : Generate detailed routing grids ...
PHY-1001 : Generate nets ...
PHY-1001 : net clk100m will be routed on clock mesh
PHY-1001 : net clk25m will be routed on clock mesh
PHY-1001 : net clkin_pad will be routed on clock mesh
PHY-1001 : Detail Route ...
PHY-1001 : ===== Detail Route Phase 1 =====
PHY-1001 : Routed 0% nets.
PHY-1002 : len = 34072, over cnt = 0(0%), over = 0, worst = 0
PHY-1001 : End Routed; 0.129819s wall, 0.124801s user + 0.000000s system = 0.124801s CPU (96.1%)

PHY-1001 : ===== Detail Route Phase 2 =====
PHY-1001 : Routed 1% nets.
PHY-1002 : len = 63192, over cnt = 10(0%), over = 10, worst = 1
PHY-1001 : End Routed; 0.860942s wall, 0.842405s user + 0.000000s system = 0.842405s CPU (97.8%)

PHY-1001 : ===== DR Iter 1 =====
PHY-1002 : len = 62920, over cnt = 1(0%), over = 1, worst = 1
PHY-1001 : End DR Iter 1; 0.085941s wall, 0.109201s user + 0.000000s system = 0.109201s CPU (127.1%)

PHY-1001 : ===== DR Iter 2 =====
PHY-1002 : len = 62920, over cnt = 1(0%), over = 1, worst = 1
PHY-1001 : End DR Iter 2; 0.007325s wall, 0.000000s user + 0.000000s system = 0.000000s CPU (n/a%)

PHY-1001 : ===== DR Iter 3 =====
PHY-1002 : len = 62920, over cnt = 1(0%), over = 1, worst = 1
PHY-1001 : End DR Iter 3; 0.008431s wall, 0.000000s user + 0.000000s system = 0.000000s CPU (n/a%)

PHY-1001 : ===== DR Iter 4 =====
PHY-1002 : len = 62920, over cnt = 1(0%), over = 1, worst = 1
PHY-1001 : End DR Iter 4; 0.010002s wall, 0.000000s user + 0.000000s system = 0.000000s CPU (n/a%)

PHY-1001 : ===== DR Iter 5 =====
PHY-1002 : len = 62904, over cnt = 0(0%), over = 0, worst = 0
PHY-1001 : End DR Iter 5; 0.009345s wall, 0.000000s user + 0.000000s system = 0.000000s CPU (n/a%)

PHY-1001 : ===== Detail Route Phase 3 =====
PHY-1001 : Routed 46% nets.
PHY-1001 : Routed 52% nets.
PHY-1001 : Routed 62% nets.
PHY-1001 : Routed 74% nets.
PHY-1001 : Routed 93% nets.
PHY-1002 : len = 699928, over cnt = 2145(1%), over = 2247, worst = 3
PHY-1001 : End Routed; 27.925027s wall, 32.089406s user + 0.234002s system = 32.323407s CPU (115.8%)

PHY-1001 : ===== DR Iter 1 =====
PHY-1002 : len = 628072, over cnt = 1224(0%), over = 1229, worst = 2
PHY-1001 : End DR Iter 1; 20.375211s wall, 20.311330s user + 0.000000s system = 20.311330s CPU (99.7%)

PHY-1001 : ===== DR Iter 2 =====
PHY-1002 : len = 615352, over cnt = 584(0%), over = 584, worst = 1
PHY-1001 : End DR Iter 2; 8.393447s wall, 8.361654s user + 0.000000s system = 8.361654s CPU (99.6%)

PHY-1001 : ===== DR Iter 3 =====
PHY-1002 : len = 616160, over cnt = 254(0%), over = 254, worst = 1
PHY-1001 : End DR Iter 3; 5.007819s wall, 5.023232s user + 0.000000s system = 5.023232s CPU (100.3%)

PHY-1001 : ===== DR Iter 4 =====
PHY-1002 : len = 620808, over cnt = 101(0%), over = 101, worst = 1
PHY-1001 : End DR Iter 4; 1.885286s wall, 1.903212s user + 0.000000s system = 1.903212s CPU (101.0%)

PHY-1001 : ===== DR Iter 5 =====
PHY-1002 : len = 623856, over cnt = 50(0%), over = 50, worst = 1
PHY-1001 : End DR Iter 5; 1.303121s wall, 1.294808s user + 0.000000s system = 1.294808s CPU (99.4%)

PHY-1001 : ===== DR Iter 6 =====
PHY-1002 : len = 627120, over cnt = 21(0%), over = 21, worst = 1
PHY-1001 : End DR Iter 6; 2.262962s wall, 2.262014s user + 0.000000s system = 2.262014s CPU (100.0%)

PHY-1001 : ===== DR Iter 7 =====
PHY-1002 : len = 628720, over cnt = 9(0%), over = 9, worst = 1
PHY-1001 : End DR Iter 7; 3.125997s wall, 3.120020s user + 0.015600s system = 3.135620s CPU (100.3%)

PHY-1001 : ===== DR Iter 8 =====
PHY-1002 : len = 628856, over cnt = 8(0%), over = 8, worst = 1
PHY-1001 : End DR Iter 8; 2.881757s wall, 2.839218s user + 0.000000s system = 2.839218s CPU (98.5%)

PHY-1001 : ===== DR Iter 9 =====
PHY-1002 : len = 628856, over cnt = 8(0%), over = 8, worst = 1
PHY-1001 : End DR Iter 9; 2.827668s wall, 2.839218s user + 0.000000s system = 2.839218s CPU (100.4%)

PHY-1001 : ===== DR Iter 10 =====
PHY-1002 : len = 628856, over cnt = 8(0%), over = 8, worst = 1
PHY-1001 : End DR Iter 10; 2.802033s wall, 2.792418s user + 0.000000s system = 2.792418s CPU (99.7%)

PHY-1001 : LB ...
PHY-1001 : ===== LB Iter 1 =====
PHY-1002 : len = 628856, over cnt = 8(0%), over = 8, worst = 1
PHY-1001 : End LB Iter 9; 2.839224s wall, 2.823618s user + 0.015600s system = 2.839218s CPU (100.0%)

PHY-1001 : ===== LB Iter 2 =====
PHY-1002 : len = 628856, over cnt = 8(0%), over = 8, worst = 1
PHY-1001 : End LB Iter 10; 2.845142s wall, 2.870418s user + 0.000000s system = 2.870418s CPU (100.9%)

PHY-1001 : ===== LB Iter 3 =====
PHY-1002 : len = 628856, over cnt = 8(0%), over = 8, worst = 1
PHY-1001 : End LB Iter 11; 2.875392s wall, 2.823618s user + 0.000000s system = 2.823618s CPU (98.2%)

PHY-1001 : ===== LB Iter 4 =====
PHY-1002 : len = 628856, over cnt = 8(0%), over = 8, worst = 1
PHY-1001 : End LB Iter 12; 2.884629s wall, 2.886019s user + 0.000000s system = 2.886019s CPU (100.0%)

PHY-1001 : ===== LB Iter 5 =====
PHY-1002 : len = 628856, over cnt = 8(0%), over = 8, worst = 1
PHY-1001 : End LB Iter 13; 2.932244s wall, 2.886019s user + 0.000000s system = 2.886019s CPU (98.4%)

PHY-1001 : DC ...
PHY-1001 : ==== DC Iter 1 ====
PHY-1002 : len = 629176, over cnt = 4(0%), over = 4, worst = 1
PHY-1001 : End DC Iter 2; 3.616059s wall, 3.510022s user + 0.000000s system = 3.510022s CPU (97.1%)

PHY-1001 : ==== DC Iter 2 ====
PHY-1002 : len = 629216, over cnt = 6(0%), over = 6, worst = 1
PHY-1001 : End DC Iter 3; 5.352840s wall, 5.257234s user + 0.000000s system = 5.257234s CPU (98.2%)

PHY-1001 : ==== DC Iter 3 ====
PHY-1002 : len = 629496, over cnt = 0(0%), over = 0, worst = 0
PHY-1003 : Routed, final wirelength = 629496
PHY-1001 : End DC Iter 3; 0.310493s wall, 0.312002s user + 0.000000s system = 0.312002s CPU (100.5%)

PHY-1001 : 6 feed throughs used by 6 nets
PHY-1001 : Generate detailed routing grids ...
PHY-1001 : Generate nets ...
PHY-1001 : net clk100m will be routed on clock mesh
PHY-1001 : net clk25m will be routed on clock mesh
PHY-1001 : net clkin_pad will be routed on clock mesh
PHY-1001 : eco open net = 0
PHY-1001 : End detail routing;  114.021548s wall, 117.499953s user + 0.436803s system = 117.936756s CPU (103.4%)

PHY-1001 : Routing violations:
PHY-1001 : End of Routing Violations.
RUN-1003 : finish command "route" in  123.217076s wall, 126.626012s user + 0.483603s system = 127.109615s CPU (103.2%)

RUN-1004 : used memory is 557 MB, reserved memory is 518 MB, peak memory is 591 MB
RUN-1002 : start command "report_area -io_info -file Quick_Start_phy.area"
RUN-1001 : standard
***Report Model: CPLD_SOC_AHB_TOP***

IO Statistics
#IO                   103
  #input               36
  #output              67
  #inout                0

Utilization Statistics
#lut                 4053   out of   4480   90.47%
#reg                 2894   out of   4480   64.60%
#le                  4053
  #lut only          1159   out of   4053   28.60%
  #reg only             0   out of   4053    0.00%
  #lut&reg           2894   out of   4053   71.40%
#dsp                    0   out of     15    0.00%
#bram                   0   out of     12    0.00%
  #bram9k               0
  #fifo9k               0
#bram32k                0   out of      6    0.00%
#mcu                    1   out of      1  100.00%
#pad                  103   out of    202   50.99%
  #ireg                 0
  #oreg                 0
  #treg                 0
#pll                    1   out of      1  100.00%

RUN-1001 : 

RUN-1002 : start command "export_db Quick_Start_pr.db"
RUN-1001 : Exported /
RUN-1001 : Exported libs
RUN-1001 : Exported entities
RUN-1001 : Exported ports
RUN-1001 : Exported pins
RUN-1001 : Exported instances
RUN-1001 : Exported nets
RUN-1001 : Exported buses
RUN-1001 : Exported models
RUN-1001 : Exported congestions
RUN-1001 : Exported violations
RUN-1001 : Exported timing constraints
RUN-1001 : Exported IO constraints
RUN-1001 : Exported Inst constraints
RUN-1001 : Exported flow parameters
RUN-1003 : finish command "export_db Quick_Start_pr.db" in  2.963571s wall, 2.776818s user + 0.124801s system = 2.901619s CPU (97.9%)

RUN-1004 : used memory is 557 MB, reserved memory is 518 MB, peak memory is 591 MB
RUN-1002 : start command "start_timer"
TMR-2505 : Start building timing graph for model CPLD_SOC_AHB_TOP.
TMR-2506 : Build timing graph completely. Port num: 10, tpin num: 25378, tnet num: 5860, tinst num: 2140, tnode num: 31041, tedge num: 42583.
TMR-2507 : Eliminate loop in the timing graph, delete 0 tedges.
TMR-2508 : Levelizing timing graph completed, there are 33 levels in total.
TMR-2501 : Timing graph initialized successfully.
RUN-1002 : start command "report_timing -mode FINAL -net_info -ep_num 3 -path_num 3 -file Quick_Start_phy.timing"
TMR-2503 : Start to update net delay, extr mode = 6.
PHY-1001 : Generate detailed routing grids ...
PHY-1001 : Generate nets ...
PHY-1001 : net clk100m will be routed on clock mesh
PHY-1001 : net clk25m will be routed on clock mesh
PHY-1001 : net clkin_pad will be routed on clock mesh
PHY-1001 : eco open net = 0
TMR-2504 : Update delay of 5860 nets completely.
TMR-2502 : Annotate delay completely, extr mode = 6.
TMR-3001 : Initiate 1 clocks from SDC.
TMR-3004 : Start mapping sdc constraints, there are 0 constraints in total.
TMR-3005 : Start mapping report constraints, there are 0 constraints in total.
TMR-3003 : Constraints initiated successfully.
TMR-3501 : Forward propagation: start to calculate arrival time...
TMR-3502 : Backward propagation: start to calculate required time...
TMR-3503 : Timing propagation completes.
TMR-3506 : Start to generate timing report.
TMR-1502 : clock_nets size = 3, clk_num = 1.
TMR-3508 : Export timing summary.
TMR-3507 : Timing report generated successfully in Quick_Start_phy.timing, timing summary in Quick_Start_phy.tsm.
RUN-1003 : finish command "report_timing -mode FINAL -net_info -ep_num 3 -path_num 3 -file Quick_Start_phy.timing" in  4.016540s wall, 3.900025s user + 0.078001s system = 3.978026s CPU (99.0%)

RUN-1004 : used memory is 606 MB, reserved memory is 567 MB, peak memory is 606 MB
RUN-1002 : start command "bitgen -bit Quick_Start.bit -version 0X00 -128 ../AHB_SDK256_CC/Quick_Start.bin -g ucode:00000000000000000000000000000000 -f Quick_Start.btc"
BIT-1003 : Start to generate bitstream. 
BIT-1002 : Init instances with 2 threads.
BIT-1002 : Init instances completely, inst num: 2142
BIT-1002 : Init pips with 2 threads.
BIT-1002 : Init pips completely, net num: 5862, pip num: 56377
BIT-1003 : Multithreading accelaration with 2 threads.
BIT-1003 : Generate bitstream completely, there are 938 valid insts, and 159202 bits set as '1'.
BIT-1004 : Generate bits file Quick_Start.bit.
RUN-1003 : finish command "bitgen -bit Quick_Start.bit -version 0X00 -128 ../AHB_SDK256_CC/Quick_Start.bin -g ucode:00000000000000000000000000000000 -f Quick_Start.btc" in  14.718162s wall, 27.066174s user + 0.015600s system = 27.081774s CPU (184.0%)

RUN-1004 : used memory is 629 MB, reserved memory is 590 MB, peak memory is 638 MB
RUN-1002 : start command "download -bit Quick_Start.bit -mode program_spi -v -spd 6 -sec 64 -cable 0"
PRG-2014 : Chip validation success: EF2L45B
RUN-1002 : start command "bit_to_vec -chip EF2L45B -m program_spi -bit Quick_Start.bit"
RUN-1003 : finish command "bit_to_vec -chip EF2L45B -m program_spi -bit Quick_Start.bit" in  1.400165s wall, 1.279208s user + 0.109201s system = 1.388409s CPU (99.2%)

RUN-1004 : used memory is 735 MB, reserved memory is 696 MB, peak memory is 738 MB
RUN-1002 : start command "program_spief -cable 0 -spd 6"
RUN-1003 : finish command "program_spief -cable 0 -spd 6" in  26.619828s wall, 2.340015s user + 0.436803s system = 2.776818s CPU (10.4%)

RUN-1004 : used memory is 735 MB, reserved memory is 698 MB, peak memory is 739 MB
RUN-1002 : start command "bit_to_vec -chip EF2L45B -m verify_spi -bit Quick_Start.bit"
RUN-1002 : start command "program -cable 0 -spd 4"
RUN-1003 : finish command "program -cable 0 -spd 4" in  6.835174s wall, 0.343202s user + 0.062400s system = 0.405603s CPU (5.9%)

RUN-1004 : used memory is 713 MB, reserved memory is 675 MB, peak memory is 739 MB
RUN-1002 : start command "program -cable 0 -spd 1"
RUN-1003 : finish command "download -bit Quick_Start.bit -mode program_spi -v -spd 6 -sec 64 -cable 0" in  35.637143s wall, 4.477229s user + 0.670804s system = 5.148033s CPU (14.4%)

RUN-1004 : used memory is 703 MB, reserved memory is 665 MB, peak memory is 739 MB
GUI-1001 : Download success!
