============================================================
   Tang Dynasty, V4.5.12562
   Copyright:   Shanghai Anlogic Infotech Co., Ltd.
                2011 - 2021
   Executable = C:/Anlogic/TD4.5.12562/bin/td.exe
   Built at =   11:23:57 Jun  4 2019
   Run by =     Administrator
   Run Date =   Fri Nov  8 16:40:25 2019

   Run on =     PC-20190811NNTS
============================================================
RUN-1002 : start command "open_project Quick_Start.al"
HDL-1007 : analyze verilog file CPLD_SOC_AHB_TOP.v
HDL-5007 WARNING: redeclaration of ansi port 'gpio_out' is not allowed in CPLD_SOC_AHB_TOP.v(25)
HDL-5007 WARNING: 'pnumcnt0' is already implicitly declared on line 33 in CPLD_SOC_AHB_TOP.v(90)
HDL-5007 WARNING: 'pwm_state_read' is already implicitly declared on line 50 in CPLD_SOC_AHB_TOP.v(91)
HDL-1007 : analyze verilog file al_ip/PLL.v
HDL-1007 : analyze verilog file al_ip/M3WithAHB.v
HDL-1007 : analyze verilog file src/AHB.v
HDL-1007 : analyze verilog file src/OnePWM.v
RUN-1002 : start command "import_device ef2_4.db -package EF2L45LG144B"
ARC-1001 : Device Initialization.
ARC-1001 : ---------------------------------------------------------
ARC-1001 :       OPTION       |          IO           |   SETTING   
ARC-1001 : ---------------------------------------------------------
ARC-1001 :        done        |         P109          |    gpio    
ARC-1001 :        initn       |         P110          |    gpio    
ARC-1001 :      programn      |         P119          |  dedicated  
ARC-1001 :   tdi/tms/tck/tdo  |  P136/P130/P131/P137  |  dedicated  
ARC-1001 : ---------------------------------------------------------
ARC-1004 : Device setting, marked 5 dedicate IOs in total.
RUN-1002 : start command "import_db Quick_Start_pr.db"
RUN-1001 : Importing database generated by Tang Dynasty, V4.5.12562.
RUN-1001 : Database version number 46115.
RUN-1001 : Import timing constraints
RUN-1001 : Import IO constraints
RUN-1001 : Import Inst constraints
RUN-1001 : Import flow parameters
RUN-1003 : finish command "import_db Quick_Start_pr.db" in  3.448646s wall, 3.400822s user + 0.156001s system = 3.556823s CPU (103.1%)

RUN-1004 : used memory is 261 MB, reserved memory is 239 MB, peak memory is 261 MB
RUN-1002 : start command "download -bit Quick_Start.bit -mode program_spi -v -spd 6 -sec 64 -cable 0"
PRG-2014 : Chip validation success: EF2L45B
RUN-1002 : start command "bit_to_vec -chip EF2L45B -m program_spi -bit Quick_Start.bit"
RUN-1003 : finish command "bit_to_vec -chip EF2L45B -m program_spi -bit Quick_Start.bit" in  1.322731s wall, 1.248008s user + 0.062400s system = 1.310408s CPU (99.1%)

RUN-1004 : used memory is 384 MB, reserved memory is 361 MB, peak memory is 387 MB
RUN-1002 : start command "program_spief -cable 0 -spd 6"
RUN-1003 : finish command "program_spief -cable 0 -spd 6" in  7.808873s wall, 2.074813s user + 0.296402s system = 2.371215s CPU (30.4%)

RUN-1004 : used memory is 385 MB, reserved memory is 362 MB, peak memory is 388 MB
RUN-1002 : start command "bit_to_vec -chip EF2L45B -m verify_spi -bit Quick_Start.bit"
RUN-1002 : start command "program -cable 0 -spd 4"
RUN-1003 : finish command "program -cable 0 -spd 4" in  2.168485s wall, 0.312002s user + 0.109201s system = 0.421203s CPU (19.4%)

RUN-1004 : used memory is 331 MB, reserved memory is 308 MB, peak memory is 388 MB
RUN-1002 : start command "program -cable 0 -spd 1"
RUN-1003 : finish command "download -bit Quick_Start.bit -mode program_spi -v -spd 6 -sec 64 -cable 0" in  11.994604s wall, 4.087226s user + 0.514803s system = 4.602030s CPU (38.4%)

RUN-1004 : used memory is 317 MB, reserved memory is 296 MB, peak memory is 388 MB
GUI-1001 : Download success!
