============================================================
   Tang Dynasty, V4.5.12562
   Copyright:   Shanghai Anlogic Infotech Co., Ltd.
                2011 - 2021
   Executable = C:/Anlogic/TD4.5.12562/bin/td.exe
   Built at =   11:23:57 Jun  4 2019
   Run by =     Administrator
   Run Date =   Wed Sep 11 19:06:00 2019

   Run on =     PC-20190811NNTS
============================================================
RUN-1002 : start command "open_project Quick_Start.al"
HDL-1007 : analyze verilog file CPLD_SOC_AHB_TOP.v
HDL-5007 WARNING: redeclaration of ansi port 'gpio_out' is not allowed in CPLD_SOC_AHB_TOP.v(28)
HDL-5007 WARNING: 'pnumcnt0' is already implicitly declared on line 36 in CPLD_SOC_AHB_TOP.v(90)
HDL-5007 WARNING: 'pwm_state_read' is already implicitly declared on line 53 in CPLD_SOC_AHB_TOP.v(91)
HDL-1007 : analyze verilog file al_ip/PLL.v
HDL-1007 : analyze verilog file al_ip/M3WithAHB.v
HDL-1007 : analyze verilog file src/AHB.v
HDL-1007 : analyze verilog file src/OnePWM.v
RUN-1002 : start command "import_device ef2_4.db -package EF2L45BG256B"
ARC-1001 : Device Initialization.
ARC-1001 : -------------------------------------------------
ARC-1001 :       OPTION       |      IO       |   SETTING   
ARC-1001 : -------------------------------------------------
ARC-1001 :        done        |      C13      |    gpio    
ARC-1001 :        initn       |      A13      |    gpio    
ARC-1001 :      programn      |      B10      |  dedicated  
ARC-1001 :   tdi/tms/tck/tdo  |  A6/B8/A7/C6  |  dedicated  
ARC-1001 : -------------------------------------------------
ARC-1004 : Device setting, marked 5 dedicate IOs in total.
RUN-1002 : start command "import_db Quick_Start_pr.db"
RUN-1001 : Importing database generated by Tang Dynasty, V4.5.12562.
RUN-1001 : Database version number 46115.
RUN-1001 : Import timing constraints
RUN-1001 : Import IO constraints
RUN-1001 : Import Inst constraints
RUN-1001 : Import flow parameters
RUN-1003 : finish command "import_db Quick_Start_pr.db" in  3.793500s wall, 3.385222s user + 0.156001s system = 3.541223s CPU (93.3%)

RUN-1004 : used memory is 256 MB, reserved memory is 235 MB, peak memory is 256 MB
HDL-1007 : analyze verilog file CPLD_SOC_AHB_TOP.v
HDL-5007 WARNING: redeclaration of ansi port 'gpio_out' is not allowed in CPLD_SOC_AHB_TOP.v(28)
HDL-5007 WARNING: 'pnumcnt0' is already implicitly declared on line 36 in CPLD_SOC_AHB_TOP.v(90)
HDL-5007 WARNING: 'pwm_state_read' is already implicitly declared on line 53 in CPLD_SOC_AHB_TOP.v(91)
HDL-1007 : analyze verilog file al_ip/PLL.v
HDL-1007 : analyze verilog file al_ip/M3WithAHB.v
HDL-1007 : analyze verilog file src/AHB.v
HDL-1007 : analyze verilog file src/OnePWM.v
HDL-1007 : analyze verilog file CPLD_SOC_AHB_TOP.v
HDL-5007 WARNING: redeclaration of ansi port 'gpio_out' is not allowed in CPLD_SOC_AHB_TOP.v(28)
HDL-5007 WARNING: 'pnumcnt0' is already implicitly declared on line 36 in CPLD_SOC_AHB_TOP.v(90)
HDL-5007 WARNING: 'pwm_state_read' is already implicitly declared on line 53 in CPLD_SOC_AHB_TOP.v(91)
HDL-1007 : analyze verilog file al_ip/PLL.v
HDL-1007 : analyze verilog file al_ip/M3WithAHB.v
HDL-1007 : analyze verilog file src/AHB.v
HDL-1007 : analyze verilog file src/OnePWM.v
RUN-1002 : start command "elaborate -top CPLD_SOC_AHB_TOP"
HDL-1007 : elaborate module CPLD_SOC_AHB_TOP in CPLD_SOC_AHB_TOP.v(1)
HDL-1007 : elaborate module PLL in al_ip/PLL.v(25)
HDL-1007 : elaborate module EF2_PHY_PLL(FIN="25.000",FBCLK_DIV=40,CLKC0_DIV=5,CLKC1_DIV=10,CLKC2_DIV=40,CLKC3_DIV=125,CLKC0_ENABLE="ENABLE",CLKC1_ENABLE="ENABLE",CLKC2_ENABLE="ENABLE",CLKC3_ENABLE="ENABLE",FEEDBK_MODE="NOCOMP",STDBY_ENABLE="DISABLE",CLKC0_CPHASE=4,CLKC1_CPHASE=9,CLKC2_CPHASE=39,CLKC3_CPHASE=124,GMC_GAIN=6,ICP_CURRENT=3,KVCO=6,LPF_RESISTOR=2,SYNC_ENABLE="DISABLE",INTPI=3,HIGH_SPEED_EN="ENABLE",OFFSET_MODE="EXT",CLKC0_DUTY=0.5,CLKC1_DUTY=0.5,CLKC0_DUTY_INT=3,CLKC1_DUTY_INT=5) in C:/Anlogic/TD4.5.12562/arch/ef2_macro.v(2693)
HDL-1007 : elaborate module AHB in src/AHB.v(1)
HDL-5007 WARNING: port 'i2s_mst_clk' is not connected on this instance in al_ip/M3WithAHB.v(62)
HDL-5007 WARNING: port 'sleep_out' remains unconnected for this instance in al_ip/M3WithAHB.v(62)
HDL-1007 : elaborate module M3WithAHB in al_ip/M3WithAHB.v(14)
HDL-1007 : elaborate module EF2_PHY_MCU(GPIO_L0="ENABLE",GPIO_L1="ENABLE",GPIO_L3="ENABLE",GPIO_L4="ENABLE") in C:/Anlogic/TD4.5.12562/arch/ef2_macro.v(780)
HDL-5007 WARNING: input port 'i2s_mst_clk' is not connected on this instance in al_ip/M3WithAHB.v(46)
HDL-1007 : elaborate module OnePWM in src/OnePWM.v(1)
HDL-5007 WARNING: actual bit length 24 differs from formal bit length 32 for port 'freq' in CPLD_SOC_AHB_TOP.v(92)
HDL-5007 WARNING: actual bit length 24 differs from formal bit length 32 for port 'freq' in CPLD_SOC_AHB_TOP.v(93)
HDL-5007 WARNING: actual bit length 24 differs from formal bit length 32 for port 'freq' in CPLD_SOC_AHB_TOP.v(94)
HDL-5007 WARNING: actual bit length 24 differs from formal bit length 32 for port 'freq' in CPLD_SOC_AHB_TOP.v(95)
HDL-5007 WARNING: actual bit length 24 differs from formal bit length 32 for port 'freq' in CPLD_SOC_AHB_TOP.v(96)
HDL-5007 WARNING: actual bit length 24 differs from formal bit length 32 for port 'freq' in CPLD_SOC_AHB_TOP.v(97)
HDL-5007 WARNING: actual bit length 24 differs from formal bit length 32 for port 'freq' in CPLD_SOC_AHB_TOP.v(98)
HDL-5007 WARNING: actual bit length 24 differs from formal bit length 32 for port 'freq' in CPLD_SOC_AHB_TOP.v(99)
HDL-5007 WARNING: actual bit length 24 differs from formal bit length 32 for port 'freq' in CPLD_SOC_AHB_TOP.v(100)
HDL-5007 WARNING: actual bit length 24 differs from formal bit length 32 for port 'freq' in CPLD_SOC_AHB_TOP.v(101)
HDL-5007 WARNING: actual bit length 24 differs from formal bit length 32 for port 'freq' in CPLD_SOC_AHB_TOP.v(102)
HDL-5007 WARNING: actual bit length 24 differs from formal bit length 32 for port 'freq' in CPLD_SOC_AHB_TOP.v(103)
HDL-5007 WARNING: actual bit length 24 differs from formal bit length 32 for port 'freq' in CPLD_SOC_AHB_TOP.v(104)
HDL-5007 WARNING: actual bit length 24 differs from formal bit length 32 for port 'freq' in CPLD_SOC_AHB_TOP.v(105)
HDL-5007 WARNING: actual bit length 24 differs from formal bit length 32 for port 'freq' in CPLD_SOC_AHB_TOP.v(106)
HDL-5007 WARNING: actual bit length 24 differs from formal bit length 32 for port 'freq' in CPLD_SOC_AHB_TOP.v(107)
HDL-1200 : Current top model is CPLD_SOC_AHB_TOP
HDL-1100 : Inferred 0 RAMs.
RUN-1002 : start command "read_adc EF2L45BG256B.adc"
RUN-1002 : start command "set_pin_assignment clkin  LOCATION = J1;  "
RUN-1002 : start command "set_pin_assignment rst_n  LOCATION = G15;  "
RUN-1002 : start command "set_pin_assignment rs232_tx  LOCATION = J15;  "
RUN-1002 : start command "set_pin_assignment rs232_rx  LOCATION = K15;  "
RUN-1002 : start command "set_pin_assignment led_out[0]  LOCATION = C15;"
RUN-1002 : start command "set_pin_assignment led_out[1]  LOCATION = D16;"
RUN-1002 : start command "set_pin_assignment switch   LOCATION = K1;   "
RUN-1002 : start command "set_pin_assignment pwm[0]  LOCATION = D9;   "
RUN-1002 : start command "set_pin_assignment pwm[1]  LOCATION = E8;   "
RUN-1002 : start command "set_pin_assignment pwm[2]  LOCATION = F8;   "
RUN-1002 : start command "set_pin_assignment pwm[3]  LOCATION = F7;   "
RUN-1002 : start command "set_pin_assignment pwm[4]  LOCATION = D14;  "
RUN-1002 : start command "set_pin_assignment pwm[5]  LOCATION = E10;  "
RUN-1002 : start command "set_pin_assignment pwm[6]  LOCATION = B14;  "
RUN-1002 : start command "set_pin_assignment pwm[7]  LOCATION = A14;  "
RUN-1002 : start command "set_pin_assignment pwm[8]  LOCATION = B12;  "
RUN-1002 : start command "set_pin_assignment pwm[9]  LOCATION = B11;  "
RUN-1002 : start command "set_pin_assignment pwm[10]  LOCATION = C9;   "
RUN-1002 : start command "set_pin_assignment pwm[11]  LOCATION = A8;   "
RUN-1002 : start command "set_pin_assignment pwm[12]  LOCATION = C8;   "
RUN-1002 : start command "set_pin_assignment pwm[13]  LOCATION = B6;   "
RUN-1002 : start command "set_pin_assignment pwm[14]  LOCATION = A5;   "
RUN-1002 : start command "set_pin_assignment pwm[15]  LOCATION = A4;   "
USR-6010 WARNING: ADC constraints: pin dir[15] has no constraint.
USR-6010 WARNING: ADC constraints: pin dir[14] has no constraint.
USR-6010 WARNING: ADC constraints: pin dir[13] has no constraint.
USR-6010 WARNING: ADC constraints: pin dir[12] has no constraint.
USR-6010 WARNING: ADC constraints: pin dir[11] has no constraint.
USR-6010 WARNING: ADC constraints: pin dir[10] has no constraint.
USR-6010 WARNING: ADC constraints: pin dir[9] has no constraint.
USR-6010 WARNING: ADC constraints: pin dir[8] has no constraint.
USR-6010 WARNING: ADC constraints: pin dir[7] has no constraint.
USR-6010 WARNING: ADC constraints: pin dir[6] has no constraint.
USR-6010 WARNING: ADC constraints: pin dir[5] has no constraint.
USR-6010 WARNING: ADC constraints: pin dir[4] has no constraint.
USR-6010 WARNING: ADC constraints: pin dir[3] has no constraint.
USR-6010 WARNING: ADC constraints: pin dir[2] has no constraint.
USR-6010 WARNING: ADC constraints: pin dir[1] has no constraint.
USR-6010 WARNING: ADC constraints: pin dir[0] has no constraint.
USR-6010 WARNING: ADC constraints: pin gpio_in[31] has no constraint.
USR-6010 WARNING: ADC constraints: pin gpio_in[30] has no constraint.
USR-6010 WARNING: ADC constraints: pin gpio_in[29] has no constraint.
USR-6010 WARNING: ADC constraints: pin gpio_in[28] has no constraint.
USR-6010 WARNING: ADC constraints: pin gpio_in[27] has no constraint.
USR-6010 WARNING: ADC constraints: pin gpio_in[26] has no constraint.
USR-6010 WARNING: ADC constraints: pin gpio_in[25] has no constraint.
USR-6010 WARNING: ADC constraints: pin gpio_in[24] has no constraint.
USR-6010 WARNING: ADC constraints: pin gpio_in[23] has no constraint.
USR-6010 WARNING: ADC constraints: pin gpio_in[22] has no constraint.
USR-6010 WARNING: ADC constraints: pin gpio_in[21] has no constraint.
USR-6010 WARNING: ADC constraints: pin gpio_in[20] has no constraint.
USR-6010 WARNING: ADC constraints: pin gpio_in[19] has no constraint.
USR-6010 WARNING: ADC constraints: pin gpio_in[18] has no constraint.
USR-6010 WARNING: ADC constraints: pin gpio_in[17] has no constraint.
USR-6010 WARNING: ADC constraints: pin gpio_in[16] has no constraint.
USR-6010 WARNING: ADC constraints: pin gpio_in[15] has no constraint.
USR-6010 WARNING: ADC constraints: pin gpio_in[14] has no constraint.
USR-6010 WARNING: ADC constraints: pin gpio_in[13] has no constraint.
USR-6010 WARNING: ADC constraints: pin gpio_in[12] has no constraint.
USR-6010 WARNING: ADC constraints: pin gpio_in[11] has no constraint.
USR-6010 WARNING: ADC constraints: pin gpio_in[10] has no constraint.
USR-6010 WARNING: ADC constraints: pin gpio_in[9] has no constraint.
USR-6010 WARNING: ADC constraints: pin gpio_in[8] has no constraint.
USR-6010 WARNING: ADC constraints: pin gpio_in[7] has no constraint.
USR-6010 WARNING: ADC constraints: pin gpio_in[6] has no constraint.
USR-6010 WARNING: ADC constraints: pin gpio_in[5] has no constraint.
USR-6010 WARNING: ADC constraints: pin gpio_in[4] has no constraint.
USR-6010 WARNING: ADC constraints: pin gpio_in[3] has no constraint.
USR-6010 WARNING: ADC constraints: pin gpio_in[2] has no constraint.
USR-6010 WARNING: ADC constraints: pin gpio_in[1] has no constraint.
USR-6010 WARNING: ADC constraints: pin gpio_in[0] has no constraint.
USR-6010 WARNING: ADC constraints: pin gpio_out[31] has no constraint.
USR-6010 WARNING: ADC constraints: pin gpio_out[30] has no constraint.
USR-6010 WARNING: ADC constraints: pin gpio_out[29] has no constraint.
USR-6010 WARNING: ADC constraints: pin gpio_out[28] has no constraint.
USR-6010 WARNING: ADC constraints: pin gpio_out[27] has no constraint.
USR-6010 WARNING: ADC constraints: pin gpio_out[26] has no constraint.
USR-6010 WARNING: ADC constraints: pin gpio_out[25] has no constraint.
USR-6010 WARNING: ADC constraints: pin gpio_out[24] has no constraint.
USR-6010 WARNING: ADC constraints: pin gpio_out[23] has no constraint.
USR-6010 WARNING: ADC constraints: pin gpio_out[22] has no constraint.
USR-6010 WARNING: ADC constraints: pin gpio_out[21] has no constraint.
USR-6010 WARNING: ADC constraints: pin gpio_out[20] has no constraint.
USR-6010 WARNING: ADC constraints: pin gpio_out[19] has no constraint.
USR-6010 WARNING: ADC constraints: pin gpio_out[18] has no constraint.
USR-6010 WARNING: ADC constraints: pin gpio_out[17] has no constraint.
USR-6010 WARNING: ADC constraints: pin gpio_out[16] has no constraint.
USR-6010 WARNING: ADC constraints: pin gpio_out[15] has no constraint.
USR-6010 WARNING: ADC constraints: pin gpio_out[14] has no constraint.
USR-6010 WARNING: ADC constraints: pin gpio_out[13] has no constraint.
USR-6010 WARNING: ADC constraints: pin gpio_out[12] has no constraint.
USR-6010 WARNING: ADC constraints: pin gpio_out[11] has no constraint.
USR-6010 WARNING: ADC constraints: pin gpio_out[10] has no constraint.
USR-6010 WARNING: ADC constraints: pin gpio_out[9] has no constraint.
USR-6010 WARNING: ADC constraints: pin gpio_out[8] has no constraint.
USR-6010 WARNING: ADC constraints: pin gpio_out[7] has no constraint.
USR-6010 WARNING: ADC constraints: pin gpio_out[6] has no constraint.
USR-6010 WARNING: ADC constraints: pin gpio_out[5] has no constraint.
USR-6010 WARNING: ADC constraints: pin gpio_out[4] has no constraint.
USR-6010 WARNING: ADC constraints: pin gpio_out[3] has no constraint.
USR-6010 WARNING: ADC constraints: pin gpio_out[2] has no constraint.
USR-6010 WARNING: ADC constraints: pin gpio_out[1] has no constraint.
USR-6010 WARNING: ADC constraints: pin gpio_out[0] has no constraint.
RUN-1002 : start command "optimize_rtl"
RUN-1001 : Open license file C:/Anlogic/TD4.5.12562/license/Anlogic.lic
SYN-1012 : SanityCheck: Model "CPLD_SOC_AHB_TOP"
SYN-1012 : SanityCheck: Model "OnePWM"
SYN-1012 : SanityCheck: Model "AHB"
SYN-1012 : SanityCheck: Model "M3WithAHB"
SYN-1012 : SanityCheck: Model "PLL"
SYN-1043 : Mark PLL as IO macro for instance pll_inst
SYN-5013 WARNING: Undriven net: model "CPLD_SOC_AHB_TOP" / net "led_out[0]" in CPLD_SOC_AHB_TOP.v(11)
SYN-5014 WARNING: the net's pin: pin "led_out[0]" in CPLD_SOC_AHB_TOP.v(11)
SYN-5013 WARNING: Undriven net: model "CPLD_SOC_AHB_TOP" / net "led_out[1]" in CPLD_SOC_AHB_TOP.v(11)
SYN-5014 WARNING: the net's pin: pin "led_out[1]" in CPLD_SOC_AHB_TOP.v(11)
SYN-5013 WARNING: Undriven net: model "CPLD_SOC_AHB_TOP" / net "rs232_tx" in CPLD_SOC_AHB_TOP.v(10)
SYN-5014 WARNING: the net's pin: pin "rs232_tx" in CPLD_SOC_AHB_TOP.v(10)
SYN-5025 WARNING: Using 0 for all undriven pins and nets
SYN-1011 : Flatten model CPLD_SOC_AHB_TOP
SYN-1011 : Flatten model OnePWM
SYN-1011 : Flatten model AHB
SYN-1011 : Flatten model M3WithAHB
SYN-1016 : Merged 1 instances.
SYN-1011 : Flatten model PLL
SYN-1016 : Merged 49 instances.
SYN-1014 : Optimize round 1
SYN-1032 : 10243/103 useful/useless nets, 9376/0 useful/useless insts
SYN-1019 : Optimized 0 mux instances.
SYN-1021 : Optimized 8 onehot mux instances.
SYN-1020 : Optimized 528 distributor mux.
SYN-1016 : Merged 552 instances.
SYN-1015 : Optimize round 1, 3041 better
SYN-1014 : Optimize round 2
SYN-1032 : 8930/2921 useful/useless nets, 8063/560 useful/useless insts
SYN-1019 : Optimized 0 mux instances.
SYN-1015 : Optimize round 2, 648 better
SYN-1014 : Optimize round 3
SYN-1032 : 8882/0 useful/useless nets, 8015/0 useful/useless insts
SYN-1019 : Optimized 0 mux instances.
SYN-1015 : Optimize round 3, 0 better
RUN-1003 : finish command "optimize_rtl" in  3.233950s wall, 3.338421s user + 0.046800s system = 3.385222s CPU (104.7%)

RUN-1004 : used memory is 230 MB, reserved memory is 196 MB, peak memory is 293 MB
RUN-1002 : start command "report_area -file Quick_Start_rtl.area"
RUN-1001 : standard
***Report Model: CPLD_SOC_AHB_TOP***

IO Statistics
#IO                   103
  #input               36
  #output              67
  #inout                0

Gate Statistics
#Basic gates         4263
  #and                715
  #nand                 0
  #or                 506
  #nor                  0
  #xor                  0
  #xnor                 0
  #buf                  0
  #not                156
  #bufif1               0
  #MX21                88
  #FADD                 0
  #DFF               2798
  #LATCH                0
#MACRO_ADD             32
#MACRO_EQ              84
#MACRO_MUX           2688

RUN-1001 : 
Report Hierarchy Area:
+---------------------------------------------------+
|Instance |Module           |gates  |seq    |macros |
+---------------------------------------------------+
|top      |CPLD_SOC_AHB_TOP |1465   |2798   |116    |
+---------------------------------------------------+

RUN-1002 : start command "read_sdc Quick_Start.sdc"
RUN-1002 : start command "get_nets clk100m"
RUN-1002 : start command "create_clock -name clk100m -period 10 -waveform 0 5 "
RUN-1102 : create_clock: clock name: clk100m, type: 0, period: 10000, rise: 0, fall: 5000.
RUN-1104 : Import SDC file Quick_Start.sdc finished, there are 2 nets kept by constraints.
RUN-1002 : start command "export_db Quick_Start_rtl.db"
RUN-1001 : Exported /
RUN-1001 : Exported libs
RUN-1001 : Exported entities
RUN-1001 : Exported ports
RUN-1001 : Exported pins
RUN-1001 : Exported instances
RUN-1001 : Exported nets
RUN-1001 : Exported buses
RUN-1001 : Exported models
RUN-1001 : Exported congestions
RUN-1001 : Exported violations
RUN-1001 : Exported timing constraints
RUN-1001 : Exported IO constraints
RUN-1001 : Exported Inst constraints
RUN-1001 : Exported flow parameters
RUN-1003 : finish command "export_db Quick_Start_rtl.db" in  1.383941s wall, 1.326008s user + 0.078001s system = 1.404009s CPU (101.5%)

RUN-1004 : used memory is 265 MB, reserved memory is 229 MB, peak memory is 293 MB
RUN-1002 : start command "set_param gate pack_effort high"
RUN-1002 : start command "optimize_gate -packarea Quick_Start_gate.area"
RUN-1001 : Open license file C:/Anlogic/TD4.5.12562/license/Anlogic.lic
SYN-2001 : Map 103 IOs to PADs
SYN-2501 : Processed 0 LOGIC_BUF instances.
SYN-2571 : Optimize after map_dsp, round 1
SYN-1032 : 9016/2 useful/useless nets, 8152/0 useful/useless insts
SYN-2571 : Optimize after map_dsp, round 1, 0 better
SYN-2501 : Optimize round 1
SYN-1032 : 11392/0 useful/useless nets, 10528/0 useful/useless insts
SYN-1016 : Merged 66 instances.
SYN-2501 : Optimize round 1, 1402 better
SYN-2501 : Optimize round 2
SYN-1032 : 11326/0 useful/useless nets, 10462/0 useful/useless insts
SYN-2501 : Optimize round 2, 0 better
SYN-2501 : Map 32 macro adder
SYN-1032 : 12174/0 useful/useless nets, 11310/0 useful/useless insts
RUN-1002 : start command "start_timer -prepack"
TMR-2505 : Start building timing graph for model CPLD_SOC_AHB_TOP.
TMR-2506 : Build timing graph completely. Port num: 10, tpin num: 44403, tnet num: 12165, tinst num: 11285, tnode num: 83658, tedge num: 84637.
TMR-2507 : Eliminate loop in the timing graph, delete 0 tedges.
TMR-2508 : Levelizing timing graph completed, there are 67 levels in total.
TMR-2501 : Timing graph initialized successfully.
RUN-1003 : finish command "start_timer -prepack" in  1.338328s wall, 1.279208s user + 0.031200s system = 1.310408s CPU (97.9%)

RUN-1004 : used memory is 392 MB, reserved memory is 355 MB, peak memory is 392 MB
TMR-2503 : Start to update net delay, extr mode = 2.
TMR-2504 : Update delay of 12165 nets completely.
TMR-2502 : Annotate delay completely, extr mode = 2.
TMR-3001 : Initiate 1 clocks from SDC.
TMR-3004 : Start mapping sdc constraints, there are 0 constraints in total.
TMR-3005 : Start mapping report constraints, there are 0 constraints in total.
TMR-3003 : Constraints initiated successfully.
TMR-3501 : Forward propagation: start to calculate arrival time...
TMR-3502 : Backward propagation: start to calculate required time...
TMR-3503 : Timing propagation completes.
SYN-3001 : Running gate level optimization.
SYN-2581 : Mapping with K=5, #lut = 2956 (4.25), #lev = 7 (3.99)
SYN-2551 : Post LUT mapping optimization.
SYN-2581 : Mapping with K=5, #lut = 2956 (4.25), #lev = 7 (3.99)
SYN-2581 : Mapping with K=5, #lut = 2956 (4.25), #lev = 7 (3.99)
SYN-3001 : Logic optimization runtime opt =   0.48 sec, map =   0.00 sec
SYN-3001 : Mapper mapped 6579 instances into 2956 LUTs, name keeping = 52%.
SYN-1001 : Packing model "CPLD_SOC_AHB_TOP" ...
SYN-4010 : Pack lib has 35 rtl pack models with 12 top pack blocks
SYN-1014 : Optimize round 1
SYN-1032 : 8519/0 useful/useless nets, 7655/0 useful/useless insts
SYN-1015 : Optimize round 1, 0 better
SYN-4002 : Packing 2798 DFF/LATCH to SEQ ...
SYN-4009 : Pack 16 carry chain into lslice
SYN-4007 : Packing 400 adder to BLE ...
SYN-4008 : Packed 400 adder and 0 SEQ to BLE.
SYN-4007 : Packing 0 gate4 to BLE ...
SYN-4008 : Packed 0 gate4 and 0 SEQ to BLE.
SYN-4012 : Packed 0 FxMUX
SYN-4007 : Packing 0 MUX to BLE ...
SYN-4008 : Packed 0 MUX and 0 SEQ to BLE.
SYN-4007 : Packing 2956 LUT to BLE ...
SYN-4008 : Packed 2956 LUT and 1408 SEQ to BLE.
SYN-4003 : Packing 1390 remaining SEQ's ...
SYN-4004 : #0: Packed 0 SEQ (1390 nodes)...
SYN-4004 : #1: Packed 458 SEQ (67659 nodes)...
SYN-4004 : #2: Packed 1140 SEQ (1019104 nodes)...
SYN-4004 : #3: Packed 1389 SEQ (180843 nodes)...
SYN-4004 : #4: Packed 1390 SEQ (23 nodes)...
SYN-4004 : #5: Packed 1390 SEQ (0 nodes)...
SYN-4005 : Packed 1390 SEQ with LUT/SLICE
SYN-4006 : 182 single LUT's are left
SYN-4006 : 1390 single SEQ's are left
SYN-4011 : Packing model "CPLD_SOC_AHB_TOP" (AL_USER_NORMAL) with 2956/4329 primitive instances ...
RUN-1002 : start command "report_area -file Quick_Start_gate.area"
RUN-1001 : standard
***Report Model: CPLD_SOC_AHB_TOP***

IO Statistics
#IO                   103
  #input               36
  #output              67
  #inout                0

Utilization Statistics
#lut                 3966   out of   4480   88.53%
#reg                 2798   out of   4480   62.46%
#le                  3966
  #lut only          1168   out of   3966   29.45%
  #reg only             0   out of   3966    0.00%
  #lut&reg           2798   out of   3966   70.55%
#dsp                    0   out of     15    0.00%
#bram                   0   out of     12    0.00%
  #bram9k               0
  #fifo9k               0
#bram32k                0   out of      6    0.00%
#mcu                    1   out of      1  100.00%
#pad                  103   out of    202   50.99%
  #ireg                 0
  #oreg                 0
  #treg                 0
#pll                    1   out of      1  100.00%

RUN-1001 : 
Report Hierarchy Area:
+------------------------------------------------+
|Instance |Module           |le    |lut   |seq   |
+------------------------------------------------+
|top      |CPLD_SOC_AHB_TOP |3966  |3966  |2798  |
+------------------------------------------------+

RUN-1003 : finish command "optimize_gate -packarea Quick_Start_gate.area" in  16.758100s wall, 16.489306s user + 0.171601s system = 16.660907s CPU (99.4%)

RUN-1004 : used memory is 372 MB, reserved memory is 353 MB, peak memory is 459 MB
RUN-1002 : start command "legalize_phy_inst"
SYN-1011 : Flatten model CPLD_SOC_AHB_TOP
RUN-1002 : start command "read_sdc Quick_Start.sdc"
RUN-1002 : start command "get_nets clk100m"
RUN-1002 : start command "create_clock -name clk100m -period 10 -waveform 0 5 "
RUN-1102 : create_clock: clock name: clk100m, type: 0, period: 10000, rise: 0, fall: 5000.
RUN-1104 : Import SDC file Quick_Start.sdc finished, there are 3 nets kept by constraints.
RUN-1002 : start command "export_db Quick_Start_gate.db"
RUN-1001 : Exported /
RUN-1001 : Exported libs
RUN-1001 : Exported entities
RUN-1001 : Exported ports
RUN-1001 : Exported pins
RUN-1001 : Exported instances
RUN-1001 : Exported nets
RUN-1001 : Exported buses
RUN-1001 : Exported models
RUN-1001 : Exported congestions
RUN-1001 : Exported violations
RUN-1001 : Exported timing constraints
RUN-1001 : Exported IO constraints
RUN-1001 : Exported Inst constraints
RUN-1001 : Exported flow parameters
RUN-1003 : finish command "export_db Quick_Start_gate.db" in  3.015916s wall, 2.683217s user + 0.124801s system = 2.808018s CPU (93.1%)

RUN-1004 : used memory is 374 MB, reserved memory is 353 MB, peak memory is 459 MB
RUN-1002 : start command "place"
RUN-1001 : Open license file C:/Anlogic/TD4.5.12562/license/Anlogic.lic
PHY-3001 : Placer runs in 2 thread(s).
SYN-5018 WARNING: Rename 'KEEP' net from 'dir_pad[0]' to 'PWM0/dir'.
SYN-5018 WARNING: Rename 'KEEP' net from 'pwm_pad[0]' to 'PWM0/pwm'.
SYN-5018 WARNING: Rename 'KEEP' net from 'dir_pad[1]' to 'PWM1/dir'.
SYN-5018 WARNING: Rename 'KEEP' net from 'pwm_pad[1]' to 'PWM1/pwm'.
SYN-5018 WARNING: Rename 'KEEP' net from 'dir_pad[2]' to 'PWM2/dir'.
SYN-5018 WARNING: Rename 'KEEP' net from 'pwm_pad[2]' to 'PWM2/pwm'.
SYN-5018 WARNING: Rename 'KEEP' net from 'dir_pad[3]' to 'PWM3/dir'.
SYN-5018 WARNING: Rename 'KEEP' net from 'pwm_pad[3]' to 'PWM3/pwm'.
SYN-5018 WARNING: Rename 'KEEP' net from 'dir_pad[4]' to 'PWM4/dir'.
SYN-5018 WARNING: Rename 'KEEP' net from 'pwm_pad[4]' to 'PWM4/pwm'.
SYN-5018 WARNING: Rename 'KEEP' net from 'dir_pad[5]' to 'PWM5/dir'.
SYN-5018 WARNING: Rename 'KEEP' net from 'pwm_pad[5]' to 'PWM5/pwm'.
SYN-5018 WARNING: Rename 'KEEP' net from 'dir_pad[6]' to 'PWM6/dir'.
SYN-5018 WARNING: Rename 'KEEP' net from 'pwm_pad[6]' to 'PWM6/pwm'.
SYN-5018 WARNING: Rename 'KEEP' net from 'dir_pad[7]' to 'PWM7/dir'.
SYN-5018 WARNING: Rename 'KEEP' net from 'pwm_pad[7]' to 'PWM7/pwm'.
SYN-5018 WARNING: Rename 'KEEP' net from 'dir_pad[8]' to 'PWM8/dir'.
SYN-5018 WARNING: Rename 'KEEP' net from 'pwm_pad[8]' to 'PWM8/pwm'.
SYN-5018 WARNING: Rename 'KEEP' net from 'dir_pad[9]' to 'PWM9/dir'.
SYN-5018 WARNING: Rename 'KEEP' net from 'pwm_pad[9]' to 'PWM9/pwm'.
SYN-5018 WARNING: Rename 'KEEP' net from 'dir_pad[10]' to 'PWMA/dir'.
SYN-5018 WARNING: Rename 'KEEP' net from 'pwm_pad[10]' to 'PWMA/pwm'.
SYN-5018 WARNING: Rename 'KEEP' net from 'dir_pad[11]' to 'PWMB/dir'.
SYN-5018 WARNING: Rename 'KEEP' net from 'pwm_pad[11]' to 'PWMB/pwm'.
SYN-5018 WARNING: Rename 'KEEP' net from 'dir_pad[12]' to 'PWMC/dir'.
SYN-5018 WARNING: Rename 'KEEP' net from 'pwm_pad[12]' to 'PWMC/pwm'.
SYN-5018 WARNING: Rename 'KEEP' net from 'dir_pad[13]' to 'PWMD/dir'.
SYN-5018 WARNING: Rename 'KEEP' net from 'pwm_pad[13]' to 'PWMD/pwm'.
SYN-5018 WARNING: Rename 'KEEP' net from 'dir_pad[14]' to 'PWME/dir'.
SYN-5018 WARNING: Rename 'KEEP' net from 'pwm_pad[14]' to 'PWME/pwm'.
SYN-5018 WARNING: Rename 'KEEP' net from 'dir_pad[15]' to 'PWMF/dir'.
SYN-5018 WARNING: Rename 'KEEP' net from 'pwm_pad[15]' to 'PWMF/pwm'.
SYN-4027 : Net clk100m is clkc1 of pll U_PLL/pll_inst.
SYN-4027 : Net clk25m is clkc2 of pll U_PLL/pll_inst.
SYN-4019 : Net clkin_pad is refclk of pll U_PLL/pll_inst.
SYN-4025 : Tag rtl::Net clk100m as clock net
SYN-4025 : Tag rtl::Net clk25m as clock net
SYN-4025 : Tag rtl::Net clkin_pad as clock net
SYN-4026 : Tagged 3 rtl::Net as clock net
PHY-1001 : Populate physical database.
RUN-1001 : There are total 2112 instances
RUN-1001 : 1002 mslices, 1002 lslices, 103 pads, 0 brams, 0 dsps
RUN-1001 : There are total 5638 nets
RUN-1001 : 2856 nets have 2 pins
RUN-1001 : 2158 nets have [3 - 5] pins
RUN-1001 : 407 nets have [6 - 10] pins
RUN-1001 : 71 nets have [11 - 20] pins
RUN-1001 : 141 nets have [21 - 99] pins
RUN-1001 : 5 nets have 100+ pins
PHY-3001 : Initial placement ...
PHY-3001 : design contains 2110 instances, 2004 slices, 32 macros(320 instances)
PHY-3001 : Start timing update ...
RUN-1002 : start command "start_timer"
TMR-2505 : Start building timing graph for model CPLD_SOC_AHB_TOP.
TMR-2506 : Build timing graph completely. Port num: 10, tpin num: 25054, tnet num: 5636, tinst num: 2110, tnode num: 30541, tedge num: 42302.
TMR-2507 : Eliminate loop in the timing graph, delete 0 tedges.
TMR-2508 : Levelizing timing graph completed, there are 33 levels in total.
TMR-2501 : Timing graph initialized successfully.
TMR-2503 : Start to update net delay, extr mode = 2.
TMR-2504 : Update delay of 5636 nets completely.
TMR-2502 : Annotate delay completely, extr mode = 2.
TMR-3001 : Initiate 1 clocks from SDC.
TMR-3004 : Start mapping sdc constraints, there are 0 constraints in total.
TMR-3005 : Start mapping report constraints, there are 0 constraints in total.
TMR-3003 : Constraints initiated successfully.
TMR-3501 : Forward propagation: start to calculate arrival time...
TMR-3502 : Backward propagation: start to calculate required time...
TMR-3503 : Timing propagation completes.
PHY-3001 : End timing update;  1.272619s wall, 1.216808s user + 0.031200s system = 1.248008s CPU (98.1%)

PHY-3001 : Global placement ...
PHY-3001 : Initial: Len = 896282
PHY-3001 : Run with size of 3
PHY-3001 : Cell area utilization is 89%, beta_incr = 0.463214
PHY-3001 : :::0::: Try harder cell spreading with beta_ = 0
PHY-3002 : Step(1): len = 516012, overlap = 183.5
PHY-3002 : Step(2): len = 355616, overlap = 242.5
PHY-3002 : Step(3): len = 277048, overlap = 269
PHY-3002 : Step(4): len = 227271, overlap = 287
PHY-3002 : Step(5): len = 188811, overlap = 303.25
PHY-3002 : Step(6): len = 153848, overlap = 327
PHY-3002 : Step(7): len = 125151, overlap = 347.25
PHY-3002 : Step(8): len = 102475, overlap = 358.75
PHY-3002 : Step(9): len = 86366.5, overlap = 366.75
PHY-3002 : Step(10): len = 78222.6, overlap = 376.5
PHY-3001 : :::1::: Try harder cell spreading with beta_ = 8.76785e-07
PHY-3002 : Step(11): len = 76794.8, overlap = 374.5
PHY-3002 : Step(12): len = 77060.1, overlap = 372
PHY-3002 : Step(13): len = 88963, overlap = 355.25
PHY-3002 : Step(14): len = 87297.7, overlap = 351.25
PHY-3002 : Step(15): len = 87936.9, overlap = 342.75
PHY-3002 : Step(16): len = 86265.7, overlap = 338.75
PHY-3002 : Step(17): len = 87780.6, overlap = 338.75
PHY-3002 : Step(18): len = 90969.5, overlap = 335.5
PHY-3001 : :::2::: Try harder cell spreading with beta_ = 1.75357e-06
PHY-3002 : Step(19): len = 90459.9, overlap = 335.5
PHY-3002 : Step(20): len = 100279, overlap = 329
PHY-3002 : Step(21): len = 108943, overlap = 304.75
PHY-3002 : Step(22): len = 107787, overlap = 296.75
PHY-3002 : Step(23): len = 107419, overlap = 293.25
PHY-3002 : Step(24): len = 108488, overlap = 289.5
PHY-3001 : :::3::: Try harder cell spreading with beta_ = 3.50714e-06
PHY-3002 : Step(25): len = 109942, overlap = 281.25
PHY-3002 : Step(26): len = 113102, overlap = 280.75
PHY-3002 : Step(27): len = 114547, overlap = 271.75
PHY-3002 : Step(28): len = 118667, overlap = 258.25
PHY-3002 : Step(29): len = 123999, overlap = 251.5
PHY-3002 : Step(30): len = 124634, overlap = 248.75
PHY-3002 : Step(31): len = 124684, overlap = 244.75
PHY-3002 : Step(32): len = 125178, overlap = 242.5
PHY-3001 : :::4::: Try harder cell spreading with beta_ = 7.01428e-06
PHY-3002 : Step(33): len = 131824, overlap = 236
PHY-3002 : Step(34): len = 136653, overlap = 229.75
PHY-3002 : Step(35): len = 134898, overlap = 216.5
PHY-3002 : Step(36): len = 135625, overlap = 210
PHY-3002 : Step(37): len = 136904, overlap = 202.25
PHY-3001 : :::5::: Try harder cell spreading with beta_ = 1.39319e-05
PHY-3002 : Step(38): len = 142832, overlap = 188
PHY-3002 : Step(39): len = 154803, overlap = 161
PHY-3002 : Step(40): len = 152020, overlap = 164.5
PHY-3002 : Step(41): len = 151657, overlap = 166
PHY-3002 : Step(42): len = 153615, overlap = 166.25
PHY-3002 : Step(43): len = 154867, overlap = 164
PHY-3001 : :::6::: Try harder cell spreading with beta_ = 2.78638e-05
PHY-3002 : Step(44): len = 157613, overlap = 156.25
PHY-3002 : Step(45): len = 164965, overlap = 156.5
PHY-3002 : Step(46): len = 164572, overlap = 150
PHY-3002 : Step(47): len = 165916, overlap = 146.25
PHY-3002 : Step(48): len = 166731, overlap = 144.5
PHY-3001 : :::7::: Try harder cell spreading with beta_ = 5.57276e-05
PHY-3002 : Step(49): len = 171149, overlap = 144.25
PHY-3002 : Step(50): len = 176572, overlap = 130.75
PHY-3002 : Step(51): len = 175859, overlap = 129.75
PHY-3002 : Step(52): len = 175342, overlap = 129.5
PHY-3002 : Step(53): len = 175755, overlap = 130.75
PHY-3001 : Legalization ...
PHY-3001 : End legalization;  0.002969s wall, 0.000000s user + 0.000000s system = 0.000000s CPU (n/a%)

PHY-3001 : Run with size of 3
PHY-3001 : Cell area utilization is 91%, beta_incr = 0.463214
PHY-3001 : Analyzing congestion ...
PHY-3001 : End congestion estimation;  1.126277s wall, 1.107607s user + 0.000000s system = 1.107607s CPU (98.3%)

PHY-3001 : Update density targets...
PHY-3001 : Update congestion history...
PHY-3001 : Update timing in global mode ...
TMR-2503 : Start to update net delay, extr mode = 5.
TMR-2504 : Update delay of 5636 nets completely.
TMR-2502 : Annotate delay completely, extr mode = 5.
TMR-3005 : Start mapping report constraints, there are 0 constraints in total.
TMR-3501 : Forward propagation: start to calculate arrival time...
TMR-3502 : Backward propagation: start to calculate required time...
TMR-3503 : Timing propagation completes.
PHY-3001 : End timing update;  0.838386s wall, 0.717605s user + 0.000000s system = 0.717605s CPU (85.6%)

PHY-3001 : :::0::: Try harder cell spreading with beta_ = 1.00243e-05
PHY-3002 : Step(54): len = 176347, overlap = 143.5
PHY-3002 : Step(55): len = 175829, overlap = 138.75
PHY-3002 : Step(56): len = 173913, overlap = 145.5
PHY-3002 : Step(57): len = 171123, overlap = 151.25
PHY-3002 : Step(58): len = 166997, overlap = 160.75
PHY-3002 : Step(59): len = 162855, overlap = 160.25
PHY-3002 : Step(60): len = 158657, overlap = 166.25
PHY-3002 : Step(61): len = 155273, overlap = 173.25
PHY-3002 : Step(62): len = 153175, overlap = 182.5
PHY-3001 : :::1::: Try harder cell spreading with beta_ = 1.97719e-05
PHY-3002 : Step(63): len = 161713, overlap = 168.25
PHY-3002 : Step(64): len = 168923, overlap = 155
PHY-3002 : Step(65): len = 168593, overlap = 152.75
PHY-3002 : Step(66): len = 169018, overlap = 152.25
PHY-3002 : Step(67): len = 169701, overlap = 147.5
PHY-3001 : :::2::: Try harder cell spreading with beta_ = 3.84562e-05
PHY-3002 : Step(68): len = 176370, overlap = 129.25
PHY-3002 : Step(69): len = 182169, overlap = 116.25
PHY-3002 : Step(70): len = 184286, overlap = 107.5
PHY-3002 : Step(71): len = 185814, overlap = 107.25
PHY-3002 : Step(72): len = 187277, overlap = 99
PHY-3001 : :::3::: Try harder cell spreading with beta_ = 7.69123e-05
PHY-3002 : Step(73): len = 190967, overlap = 97
PHY-3002 : Step(74): len = 193687, overlap = 94.25
PHY-3002 : Step(75): len = 196707, overlap = 96.75
PHY-3002 : Step(76): len = 197674, overlap = 96.25
PHY-3002 : Step(77): len = 198726, overlap = 97.75
PHY-3001 : :::4::: Try harder cell spreading with beta_ = 0.000153825
PHY-3002 : Step(78): len = 202568, overlap = 98.75
PHY-3002 : Step(79): len = 205330, overlap = 96.75
PHY-3002 : Step(80): len = 207589, overlap = 97.25
PHY-3001 : Run with size of 1
PHY-3001 : Cell area utilization is 91%, beta_incr = 0.463214
PHY-3001 : Analyzing congestion ...
PHY-3001 : End congestion estimation;  1.006205s wall, 0.982806s user + 0.015600s system = 0.998406s CPU (99.2%)

PHY-3001 : Update density targets...
PHY-3001 : Update congestion history...
PHY-3001 : Update timing in global mode ...
TMR-2503 : Start to update net delay, extr mode = 5.
TMR-2504 : Update delay of 5636 nets completely.
TMR-2502 : Annotate delay completely, extr mode = 5.
TMR-3005 : Start mapping report constraints, there are 0 constraints in total.
TMR-3501 : Forward propagation: start to calculate arrival time...
TMR-3502 : Backward propagation: start to calculate required time...
TMR-3503 : Timing propagation completes.
PHY-3001 : End timing update;  0.851828s wall, 0.858005s user + 0.000000s system = 0.858005s CPU (100.7%)

PHY-3001 : :::0::: Try harder cell spreading with beta_ = 8.00421e-05
PHY-3002 : Step(81): len = 212602, overlap = 175.75
PHY-3002 : Step(82): len = 210147, overlap = 152.75
PHY-3002 : Step(83): len = 205280, overlap = 157.5
PHY-3002 : Step(84): len = 198607, overlap = 168.25
PHY-3002 : Step(85): len = 191888, overlap = 181.25
PHY-3002 : Step(86): len = 186573, overlap = 189.25
PHY-3002 : Step(87): len = 182941, overlap = 192.25
PHY-3002 : Step(88): len = 180079, overlap = 191.25
PHY-3002 : Step(89): len = 177802, overlap = 197.25
PHY-3002 : Step(90): len = 176715, overlap = 201
PHY-3001 : :::1::: Try harder cell spreading with beta_ = 0.000160084
PHY-3002 : Step(91): len = 183625, overlap = 187.75
PHY-3002 : Step(92): len = 189652, overlap = 175.5
PHY-3002 : Step(93): len = 190379, overlap = 172
PHY-3002 : Step(94): len = 190815, overlap = 170.75
PHY-3002 : Step(95): len = 192210, overlap = 171.25
PHY-3001 : :::2::: Try harder cell spreading with beta_ = 0.000307884
PHY-3002 : Step(96): len = 199505, overlap = 159.5
PHY-3002 : Step(97): len = 202349, overlap = 158.25
PHY-3002 : Step(98): len = 203852, overlap = 147.75
PHY-3002 : Step(99): len = 205833, overlap = 147.5
PHY-3002 : Step(100): len = 207612, overlap = 150
PHY-3002 : Step(101): len = 208403, overlap = 146.5
PHY-3001 : :::3::: Try harder cell spreading with beta_ = 0.000602413
PHY-3002 : Step(102): len = 212683, overlap = 142.5
PHY-3002 : Step(103): len = 214042, overlap = 143.75
PHY-3002 : Step(104): len = 216266, overlap = 143
PHY-3002 : Step(105): len = 217679, overlap = 142.5
PHY-3002 : Step(106): len = 218247, overlap = 139.75
PHY-3002 : Step(107): len = 219332, overlap = 135
PHY-3001 : :::4::: Try harder cell spreading with beta_ = 0.00115694
PHY-3002 : Step(108): len = 221513, overlap = 134.75
PHY-3002 : Step(109): len = 222629, overlap = 134.75
PHY-3002 : Step(110): len = 224404, overlap = 133.5
PHY-3001 : :::5::: Try harder cell spreading with beta_ = 0.0019197
PHY-3002 : Step(111): len = 225348, overlap = 132.75
PHY-3002 : Step(112): len = 226865, overlap = 133
PHY-3002 : Step(113): len = 228495, overlap = 131.5
PHY-3002 : Step(114): len = 228664, overlap = 131.5
PHY-3002 : Step(115): len = 229177, overlap = 131.25
PHY-3001 : :::6::: Try harder cell spreading with beta_ = 0.00311303
PHY-3002 : Step(116): len = 229753, overlap = 130.75
PHY-3002 : Step(117): len = 230746, overlap = 134.25
PHY-3001 : :::7::: Try harder cell spreading with beta_ = 0.00413423
PHY-3002 : Step(118): len = 231101, overlap = 132.25
PHY-3002 : Step(119): len = 231856, overlap = 130
PHY-3002 : Step(120): len = 232377, overlap = 130
PHY-3002 : Step(121): len = 232737, overlap = 129.5
PHY-3001 : Legalization ...
PHY-3001 : End legalization;  0.376971s wall, 0.249602s user + 0.171601s system = 0.421203s CPU (111.7%)

PHY-3001 : Run with size of 1
PHY-3001 : Cell area utilization is 91%, beta_incr = 0.463214
PHY-3001 : Analyzing congestion ...
PHY-3001 : End congestion estimation;  1.123586s wall, 1.076407s user + 0.000000s system = 1.076407s CPU (95.8%)

PHY-3001 : Update density targets...
PHY-3001 : Update congestion history...
PHY-3001 : Update timing in global mode ...
TMR-2503 : Start to update net delay, extr mode = 5.
TMR-2504 : Update delay of 5636 nets completely.
TMR-2502 : Annotate delay completely, extr mode = 5.
TMR-3005 : Start mapping report constraints, there are 0 constraints in total.
TMR-3501 : Forward propagation: start to calculate arrival time...
TMR-3502 : Backward propagation: start to calculate required time...
TMR-3503 : Timing propagation completes.
PHY-3001 : End timing update;  0.839690s wall, 0.780005s user + 0.000000s system = 0.780005s CPU (92.9%)

PHY-3001 : :::0::: Try harder cell spreading with beta_ = 0.000286314
PHY-3002 : Step(122): len = 226946, overlap = 88.5
PHY-3002 : Step(123): len = 224385, overlap = 99.5
PHY-3002 : Step(124): len = 221196, overlap = 114.5
PHY-3002 : Step(125): len = 218823, overlap = 127
PHY-3002 : Step(126): len = 217277, overlap = 136.5
PHY-3002 : Step(127): len = 216164, overlap = 136.5
PHY-3002 : Step(128): len = 215384, overlap = 140.5
PHY-3001 : :::1::: Try harder cell spreading with beta_ = 0.000572628
PHY-3002 : Step(129): len = 219413, overlap = 134
PHY-3002 : Step(130): len = 220033, overlap = 127.5
PHY-3002 : Step(131): len = 221417, overlap = 125.75
PHY-3002 : Step(132): len = 222472, overlap = 123
PHY-3001 : :::2::: Try harder cell spreading with beta_ = 0.00111858
PHY-3002 : Step(133): len = 224624, overlap = 118.5
PHY-3002 : Step(134): len = 225863, overlap = 118.25
PHY-3002 : Step(135): len = 227316, overlap = 117
PHY-3002 : Step(136): len = 227743, overlap = 118
PHY-3002 : Step(137): len = 228384, overlap = 116.5
PHY-3001 : Legalization ...
PHY-3001 : End legalization;  0.021604s wall, 0.015600s user + 0.000000s system = 0.015600s CPU (72.2%)

PHY-3001 : Legalized: Len = 236850, Over = 0
PHY-3001 : Final: Len = 236850, Over = 0
RUN-1003 : finish command "place" in  23.930092s wall, 30.498196s user + 1.466409s system = 31.964605s CPU (133.6%)

RUN-1004 : used memory is 420 MB, reserved memory is 381 MB, peak memory is 459 MB
RUN-1002 : start command "route"
RUN-1001 : Open license file C:/Anlogic/TD4.5.12562/license/Anlogic.lic
PHY-1001 : Pin swapping for better routability
PHY-1001 : Pin misalignment score is improved from 2993 to 2457
PHY-1001 : Pin misalignment score is improved from 2457 to 2412
PHY-1001 : Pin misalignment score is improved from 2412 to 2410
PHY-1001 : Pin misalignment score is improved from 2410 to 2410
PHY-1001 : Pin local connectivity score is improved from 255 to 0
PHY-1001 : Pin misalignment score is improved from 2527 to 2466
PHY-1001 : Pin misalignment score is improved from 2466 to 2449
PHY-1001 : Pin misalignment score is improved from 2449 to 2446
PHY-1001 : Pin misalignment score is improved from 2446 to 2446
PHY-1001 : Pin local connectivity score is improved from 80 to 0
PHY-1001 : End pin swap;  4.083890s wall, 3.946825s user + 0.000000s system = 3.946825s CPU (96.6%)

PHY-1001 : Route runs in 2 thread(s)
RUN-1001 : There are total 2112 instances
RUN-1001 : 1002 mslices, 1002 lslices, 103 pads, 0 brams, 0 dsps
RUN-1001 : There are total 5638 nets
RUN-1001 : 2856 nets have 2 pins
RUN-1001 : 2158 nets have [3 - 5] pins
RUN-1001 : 407 nets have [6 - 10] pins
RUN-1001 : 71 nets have [11 - 20] pins
RUN-1001 : 141 nets have [21 - 99] pins
RUN-1001 : 5 nets have 100+ pins
PHY-1001 : Start global routing ...
PHY-1001 : Generate routing grids ...
PHY-1001 : Initialize routing nets ...
PHY-1001 : Ripup & Reroute ...
PHY-1002 : len = 302328, over cnt = 1612(20%), over = 3029, worst = 8
PHY-1002 : len = 310768, over cnt = 1315(16%), over = 1974, worst = 5
PHY-1002 : len = 316152, over cnt = 1226(15%), over = 1616, worst = 4
PHY-1002 : len = 336936, over cnt = 827(10%), over = 875, worst = 2
PHY-1002 : len = 350336, over cnt = 621(7%), over = 634, worst = 2
PHY-1002 : len = 361656, over cnt = 526(6%), over = 533, worst = 2
RUN-1002 : start command "start_timer"
TMR-2505 : Start building timing graph for model CPLD_SOC_AHB_TOP.
TMR-2506 : Build timing graph completely. Port num: 10, tpin num: 25054, tnet num: 5636, tinst num: 2110, tnode num: 30541, tedge num: 42302.
TMR-2507 : Eliminate loop in the timing graph, delete 0 tedges.
TMR-2508 : Levelizing timing graph completed, there are 33 levels in total.
TMR-2501 : Timing graph initialized successfully.
PHY-1001 : Generate timing info.
TMR-2503 : Start to update net delay, extr mode = 5.
TMR-2504 : Update delay of 5636 nets completely.
TMR-2502 : Annotate delay completely, extr mode = 5.
TMR-3001 : Initiate 1 clocks from SDC.
TMR-3004 : Start mapping sdc constraints, there are 0 constraints in total.
TMR-3005 : Start mapping report constraints, there are 0 constraints in total.
TMR-3003 : Constraints initiated successfully.
TMR-3501 : Forward propagation: start to calculate arrival time...
TMR-3502 : Backward propagation: start to calculate required time...
TMR-3503 : Timing propagation completes.
PHY-1001 : Optimize timing.
PHY-1001 : 137 out of 5638 nets being processed.
TMR-2503 : Start to update net delay, extr mode = 5.
TMR-2504 : Update delay of 5636 nets completely.
TMR-2502 : Annotate delay completely, extr mode = 5.
TMR-3005 : Start mapping report constraints, there are 0 constraints in total.
TMR-3501 : Forward propagation: start to calculate arrival time...
TMR-3502 : Backward propagation: start to calculate required time...
TMR-3503 : Timing propagation completes.
PHY-1001 : End global routing;  5.256481s wall, 5.179233s user + 0.031200s system = 5.210433s CPU (99.1%)

PHY-1001 : Start detail routing ...
PHY-1001 : Generate detailed routing grids ...
PHY-1001 : Generate nets ...
PHY-1001 : net clk100m will be routed on clock mesh
PHY-1001 : net clk25m will be routed on clock mesh
PHY-1001 : net clkin_pad will be routed on clock mesh
PHY-1001 : Detail Route ...
PHY-1001 : ===== Detail Route Phase 1 =====
PHY-1001 : Routed 0% nets.
PHY-1002 : len = 34096, over cnt = 0(0%), over = 0, worst = 0
PHY-1001 : End Routed; 0.127444s wall, 0.124801s user + 0.000000s system = 0.124801s CPU (97.9%)

PHY-1001 : ===== Detail Route Phase 2 =====
PHY-1001 : Routed 2% nets.
PHY-1002 : len = 58144, over cnt = 9(0%), over = 9, worst = 1
PHY-1001 : End Routed; 0.547580s wall, 0.546003s user + 0.000000s system = 0.546003s CPU (99.7%)

PHY-1001 : ===== DR Iter 1 =====
PHY-1002 : len = 57568, over cnt = 0(0%), over = 0, worst = 0
PHY-1001 : End DR Iter 1; 0.087532s wall, 0.078001s user + 0.000000s system = 0.078001s CPU (89.1%)

PHY-1001 : ===== Detail Route Phase 3 =====
PHY-1001 : Routed 46% nets.
PHY-1001 : Routed 53% nets.
PHY-1001 : Routed 63% nets.
PHY-1001 : Routed 74% nets.
PHY-1001 : Routed 93% nets.
PHY-1002 : len = 682448, over cnt = 1978(1%), over = 2058, worst = 3
PHY-1001 : End Routed; 27.444818s wall, 31.122200s user + 0.140401s system = 31.262600s CPU (113.9%)

PHY-1001 : ===== DR Iter 1 =====
PHY-1002 : len = 602976, over cnt = 1039(0%), over = 1043, worst = 2
PHY-1001 : End DR Iter 1; 28.095476s wall, 27.580977s user + 0.078001s system = 27.658977s CPU (98.4%)

PHY-1001 : ===== DR Iter 2 =====
PHY-1002 : len = 598368, over cnt = 481(0%), over = 481, worst = 1
PHY-1001 : End DR Iter 2; 5.898883s wall, 5.896838s user + 0.000000s system = 5.896838s CPU (100.0%)

PHY-1001 : ===== DR Iter 3 =====
PHY-1002 : len = 601672, over cnt = 205(0%), over = 205, worst = 1
PHY-1001 : End DR Iter 3; 2.856553s wall, 2.620817s user + 0.015600s system = 2.636417s CPU (92.3%)

PHY-1001 : ===== DR Iter 4 =====
PHY-1002 : len = 605904, over cnt = 94(0%), over = 94, worst = 1
PHY-1001 : End DR Iter 4; 1.668324s wall, 1.544410s user + 0.015600s system = 1.560010s CPU (93.5%)

PHY-1001 : ===== DR Iter 5 =====
PHY-1002 : len = 610096, over cnt = 38(0%), over = 38, worst = 1
PHY-1001 : End DR Iter 5; 1.236385s wall, 1.185608s user + 0.015600s system = 1.201208s CPU (97.2%)

PHY-1001 : ===== DR Iter 6 =====
PHY-1002 : len = 613472, over cnt = 9(0%), over = 9, worst = 1
PHY-1001 : End DR Iter 6; 1.752902s wall, 1.700411s user + 0.000000s system = 1.700411s CPU (97.0%)

PHY-1001 : ===== DR Iter 7 =====
PHY-1002 : len = 614112, over cnt = 3(0%), over = 3, worst = 1
PHY-1001 : End DR Iter 7; 1.058397s wall, 1.060807s user + 0.000000s system = 1.060807s CPU (100.2%)

PHY-1001 : ===== DR Iter 8 =====
PHY-1002 : len = 614112, over cnt = 3(0%), over = 3, worst = 1
PHY-1001 : End DR Iter 8; 0.977622s wall, 0.920406s user + 0.015600s system = 0.936006s CPU (95.7%)

PHY-1001 : ===== DR Iter 9 =====
PHY-1002 : len = 614112, over cnt = 3(0%), over = 3, worst = 1
PHY-1001 : End DR Iter 9; 0.981668s wall, 0.967206s user + 0.000000s system = 0.967206s CPU (98.5%)

PHY-1001 : LB ...
PHY-1001 : ===== LB Iter 1 =====
PHY-1002 : len = 614112, over cnt = 3(0%), over = 3, worst = 1
PHY-1001 : End LB Iter 9; 0.920941s wall, 0.936006s user + 0.000000s system = 0.936006s CPU (101.6%)

PHY-1001 : ===== LB Iter 2 =====
PHY-1002 : len = 614112, over cnt = 3(0%), over = 3, worst = 1
PHY-1001 : End LB Iter 10; 0.934093s wall, 0.951606s user + 0.000000s system = 0.951606s CPU (101.9%)

PHY-1001 : ===== LB Iter 3 =====
PHY-1002 : len = 614112, over cnt = 3(0%), over = 3, worst = 1
PHY-1001 : End LB Iter 11; 1.035681s wall, 1.014007s user + 0.000000s system = 1.014007s CPU (97.9%)

PHY-1001 : ===== LB Iter 4 =====
PHY-1002 : len = 614112, over cnt = 3(0%), over = 3, worst = 1
PHY-1001 : End LB Iter 12; 0.958055s wall, 0.889206s user + 0.000000s system = 0.889206s CPU (92.8%)

PHY-1001 : ===== LB Iter 5 =====
PHY-1002 : len = 614112, over cnt = 3(0%), over = 3, worst = 1
PHY-1001 : End LB Iter 13; 0.920081s wall, 0.920406s user + 0.000000s system = 0.920406s CPU (100.0%)

PHY-1001 : DC ...
PHY-1001 : ==== DC Iter 1 ====
PHY-1002 : len = 614328, over cnt = 0(0%), over = 0, worst = 0
PHY-1003 : Routed, final wirelength = 614328
PHY-1001 : End DC Iter 1; 0.169231s wall, 0.171601s user + 0.000000s system = 0.171601s CPU (101.4%)

PHY-1001 : 2 feed throughs used by 2 nets
PHY-1001 : Generate detailed routing grids ...
PHY-1001 : Generate nets ...
PHY-1001 : net clk100m will be routed on clock mesh
PHY-1001 : net clk25m will be routed on clock mesh
PHY-1001 : net clkin_pad will be routed on clock mesh
PHY-1001 : eco open net = 0
PHY-1001 : End detail routing;  87.758959s wall, 89.981377s user + 0.452403s system = 90.433780s CPU (103.0%)

PHY-1001 : Routing violations:
PHY-1001 : End of Routing Violations.
RUN-1003 : finish command "route" in  97.246757s wall, 99.247836s user + 0.483603s system = 99.731439s CPU (102.6%)

RUN-1004 : used memory is 543 MB, reserved memory is 507 MB, peak memory is 577 MB
RUN-1002 : start command "report_area -io_info -file Quick_Start_phy.area"
RUN-1001 : standard
***Report Model: CPLD_SOC_AHB_TOP***

IO Statistics
#IO                   103
  #input               36
  #output              67
  #inout                0

Utilization Statistics
#lut                 3967   out of   4480   88.55%
#reg                 2798   out of   4480   62.46%
#le                  3967
  #lut only          1169   out of   3967   29.47%
  #reg only             0   out of   3967    0.00%
  #lut&reg           2798   out of   3967   70.53%
#dsp                    0   out of     15    0.00%
#bram                   0   out of     12    0.00%
  #bram9k               0
  #fifo9k               0
#bram32k                0   out of      6    0.00%
#mcu                    1   out of      1  100.00%
#pad                  103   out of    202   50.99%
  #ireg                 0
  #oreg                 0
  #treg                 0
#pll                    1   out of      1  100.00%

RUN-1001 : 

RUN-1002 : start command "export_db Quick_Start_pr.db"
RUN-1001 : Exported /
RUN-1001 : Exported libs
RUN-1001 : Exported entities
RUN-1001 : Exported ports
RUN-1001 : Exported pins
RUN-1001 : Exported instances
RUN-1001 : Exported nets
RUN-1001 : Exported buses
RUN-1001 : Exported models
RUN-1001 : Exported congestions
RUN-1001 : Exported violations
RUN-1001 : Exported timing constraints
RUN-1001 : Exported IO constraints
RUN-1001 : Exported Inst constraints
RUN-1001 : Exported flow parameters
RUN-1003 : finish command "export_db Quick_Start_pr.db" in  2.778259s wall, 2.574016s user + 0.078001s system = 2.652017s CPU (95.5%)

RUN-1004 : used memory is 543 MB, reserved memory is 507 MB, peak memory is 577 MB
RUN-1002 : start command "start_timer"
TMR-2505 : Start building timing graph for model CPLD_SOC_AHB_TOP.
TMR-2506 : Build timing graph completely. Port num: 10, tpin num: 25054, tnet num: 5636, tinst num: 2112, tnode num: 30541, tedge num: 42302.
TMR-2507 : Eliminate loop in the timing graph, delete 0 tedges.
TMR-2508 : Levelizing timing graph completed, there are 33 levels in total.
TMR-2501 : Timing graph initialized successfully.
RUN-1002 : start command "report_timing -mode FINAL -net_info -ep_num 3 -path_num 3 -file Quick_Start_phy.timing"
TMR-2503 : Start to update net delay, extr mode = 6.
PHY-1001 : Generate detailed routing grids ...
PHY-1001 : Generate nets ...
PHY-1001 : net clk100m will be routed on clock mesh
PHY-1001 : net clk25m will be routed on clock mesh
PHY-1001 : net clkin_pad will be routed on clock mesh
PHY-1001 : eco open net = 0
TMR-2504 : Update delay of 5636 nets completely.
TMR-2502 : Annotate delay completely, extr mode = 6.
TMR-3001 : Initiate 1 clocks from SDC.
TMR-3004 : Start mapping sdc constraints, there are 0 constraints in total.
TMR-3005 : Start mapping report constraints, there are 0 constraints in total.
TMR-3003 : Constraints initiated successfully.
TMR-3501 : Forward propagation: start to calculate arrival time...
TMR-3502 : Backward propagation: start to calculate required time...
TMR-3503 : Timing propagation completes.
TMR-3506 : Start to generate timing report.
TMR-1502 : clock_nets size = 3, clk_num = 1.
TMR-3508 : Export timing summary.
TMR-3507 : Timing report generated successfully in Quick_Start_phy.timing, timing summary in Quick_Start_phy.tsm.
RUN-1003 : finish command "report_timing -mode FINAL -net_info -ep_num 3 -path_num 3 -file Quick_Start_phy.timing" in  4.350654s wall, 3.822024s user + 0.093601s system = 3.915625s CPU (90.0%)

RUN-1004 : used memory is 559 MB, reserved memory is 557 MB, peak memory is 577 MB
RUN-1002 : start command "bitgen -bit Quick_Start.bit -version 0X00 -128 ../AHB_SDK256_CC/Quick_Start.bin -g ucode:00000000000000000000000000000000 -f Quick_Start.btc"
BIT-1003 : Start to generate bitstream. 
BIT-1002 : Init instances with 2 threads.
BIT-1002 : Init instances completely, inst num: 2114
BIT-1002 : Init pips with 2 threads.
BIT-1002 : Init pips completely, net num: 5638, pip num: 55261
BIT-1003 : Multithreading accelaration with 2 threads.
BIT-1003 : Generate bitstream completely, there are 938 valid insts, and 155325 bits set as '1'.
BIT-1004 : Generate bits file Quick_Start.bit.
RUN-1003 : finish command "bitgen -bit Quick_Start.bit -version 0X00 -128 ../AHB_SDK256_CC/Quick_Start.bin -g ucode:00000000000000000000000000000000 -f Quick_Start.btc" in  11.565790s wall, 19.921328s user + 0.046800s system = 19.968128s CPU (172.6%)

RUN-1004 : used memory is 586 MB, reserved memory is 579 MB, peak memory is 594 MB
RUN-1002 : start command "download -bit Quick_Start.bit -mode program_spi -v -spd 6 -sec 64 -cable 0"
PRG-2014 : Chip validation success: EF2L45B
RUN-1002 : start command "bit_to_vec -chip EF2L45B -m program_spi -bit Quick_Start.bit"
RUN-1003 : finish command "bit_to_vec -chip EF2L45B -m program_spi -bit Quick_Start.bit" in  1.475255s wall, 1.513210s user + 0.156001s system = 1.669211s CPU (113.1%)

RUN-1004 : used memory is 657 MB, reserved memory is 684 MB, peak memory is 660 MB
RUN-1002 : start command "program_spief -cable 0 -spd 6"
RUN-1003 : finish command "program_spief -cable 0 -spd 6" in  26.435461s wall, 2.667617s user + 0.280802s system = 2.948419s CPU (11.2%)

RUN-1004 : used memory is 649 MB, reserved memory is 685 MB, peak memory is 660 MB
RUN-1002 : start command "bit_to_vec -chip EF2L45B -m verify_spi -bit Quick_Start.bit"
RUN-1002 : start command "program -cable 0 -spd 4"
RUN-1003 : finish command "program -cable 0 -spd 4" in  6.837769s wall, 0.358802s user + 0.280802s system = 0.639604s CPU (9.4%)

RUN-1004 : used memory is 628 MB, reserved memory is 664 MB, peak memory is 660 MB
RUN-1002 : start command "program -cable 0 -spd 1"
RUN-1003 : finish command "download -bit Quick_Start.bit -mode program_spi -v -spd 6 -sec 64 -cable 0" in  35.635839s wall, 5.085633s user + 0.733205s system = 5.818837s CPU (16.3%)

RUN-1004 : used memory is 617 MB, reserved memory is 653 MB, peak memory is 660 MB
GUI-1001 : Download success!
