============================================================
   Tang Dynasty, V4.5.12562
   Copyright:   Shanghai Anlogic Infotech Co., Ltd.
                2011 - 2021
   Executable = C:/Anlogic/TD4.5.12562/bin/td.exe
   Built at =   11:23:57 Jun  4 2019
   Run by =     Administrator
   Run Date =   Thu Aug 22 21:03:37 2019

   Run on =     PC-20190811NNTS
============================================================
RUN-1002 : start command "open_project Quick_Start.al"
HDL-1007 : analyze verilog file CPLD_SOC_AHB_TOP.v
HDL-5007 WARNING: case statement with no case item violates IEEE 1800 syntax in CPLD_SOC_AHB_TOP.v(243)
HDL-5007 WARNING: identifier 'uart_callback' is used before its declaration in CPLD_SOC_AHB_TOP.v(118)
HDL-1007 : analyze verilog file al_ip/PLL.v
HDL-1007 : analyze verilog file al_ip/M3WithAHB.v
HDL-1007 : analyze verilog file OnePWM.v
HDL-1007 : analyze verilog file src/uart_byte_rx.v
RUN-1002 : start command "import_device ef2_4.db -package EF2L45BG256B"
ARC-1001 : Device Initialization.
ARC-1001 : -------------------------------------------------
ARC-1001 :       OPTION       |      IO       |   SETTING   
ARC-1001 : -------------------------------------------------
ARC-1001 :        done        |      C13      |    gpio    
ARC-1001 :        initn       |      A13      |    gpio    
ARC-1001 :      programn      |      B10      |  dedicated  
ARC-1001 :   tdi/tms/tck/tdo  |  A6/B8/A7/C6  |  dedicated  
ARC-1001 : -------------------------------------------------
ARC-1004 : Device setting, marked 5 dedicate IOs in total.
RUN-1002 : start command "import_db Quick_Start_pr.db"
RUN-1001 : Importing database generated by Tang Dynasty, V4.5.12562.
RUN-1001 : Database version number 46115.
RUN-1001 : Import timing constraints
RUN-1001 : Import IO constraints
RUN-1001 : Import Inst constraints
RUN-1001 : Import flow parameters
RUN-1001 : Import ChipWatcher
RUN-1003 : finish command "import_db Quick_Start_pr.db" in  1.485073s wall, 1.263608s user + 0.265202s system = 1.528810s CPU (102.9%)

RUN-1004 : used memory is 145 MB, reserved memory is 124 MB, peak memory is 145 MB
HDL-1007 : analyze verilog file CPLD_SOC_AHB_TOP.v
HDL-5007 WARNING: case statement with no case item violates IEEE 1800 syntax in CPLD_SOC_AHB_TOP.v(243)
HDL-5007 WARNING: identifier 'uart_callback' is used before its declaration in CPLD_SOC_AHB_TOP.v(118)
HDL-1007 : analyze verilog file al_ip/PLL.v
HDL-1007 : analyze verilog file al_ip/M3WithAHB.v
HDL-1007 : analyze verilog file OnePWM.v
HDL-1007 : analyze verilog file src/uart_byte_rx.v
HDL-1007 : analyze verilog file CPLD_SOC_AHB_TOP.v
HDL-5007 WARNING: case statement with no case item violates IEEE 1800 syntax in CPLD_SOC_AHB_TOP.v(243)
HDL-5007 WARNING: identifier 'uart_callback' is used before its declaration in CPLD_SOC_AHB_TOP.v(118)
HDL-1007 : analyze verilog file al_ip/PLL.v
HDL-1007 : analyze verilog file al_ip/M3WithAHB.v
HDL-1007 : analyze verilog file OnePWM.v
HDL-1007 : analyze verilog file src/uart_byte_rx.v
RUN-1002 : start command "elaborate -top CPLD_SOC_AHB_TOP"
HDL-1007 : elaborate module CPLD_SOC_AHB_TOP in CPLD_SOC_AHB_TOP.v(1)
HDL-1007 : elaborate module PLL in al_ip/PLL.v(25)
HDL-1007 : elaborate module EF2_PHY_PLL(FIN="25.000",FBCLK_DIV=40,CLKC0_DIV=5,CLKC1_DIV=10,CLKC2_DIV=40,CLKC3_DIV=125,CLKC0_ENABLE="ENABLE",CLKC1_ENABLE="ENABLE",CLKC2_ENABLE="ENABLE",CLKC3_ENABLE="ENABLE",FEEDBK_MODE="NOCOMP",STDBY_ENABLE="DISABLE",CLKC0_CPHASE=4,CLKC1_CPHASE=9,CLKC2_CPHASE=39,CLKC3_CPHASE=124,GMC_GAIN=6,ICP_CURRENT=3,KVCO=6,LPF_RESISTOR=2,SYNC_ENABLE="DISABLE",INTPI=3,HIGH_SPEED_EN="ENABLE",OFFSET_MODE="EXT",CLKC0_DUTY=0.5,CLKC1_DUTY=0.5,CLKC0_DUTY_INT=3,CLKC1_DUTY_INT=5) in C:/Anlogic/TD4.5.12562/arch/ef2_macro.v(2693)
HDL-1007 : elaborate module uart_byte_rx in src/uart_byte_rx.v(1)
HDL-5007 WARNING: port 'i2s_mst_clk' is not connected on this instance in al_ip/M3WithAHB.v(62)
HDL-5007 WARNING: port 'sleep_out' remains unconnected for this instance in al_ip/M3WithAHB.v(62)
HDL-1007 : elaborate module M3WithAHB in al_ip/M3WithAHB.v(14)
HDL-1007 : elaborate module EF2_PHY_MCU(GPIO_L0="ENABLE",GPIO_L1="ENABLE",GPIO_L3="ENABLE",GPIO_L4="ENABLE") in C:/Anlogic/TD4.5.12562/arch/ef2_macro.v(780)
HDL-5007 WARNING: input port 'i2s_mst_clk' is not connected on this instance in al_ip/M3WithAHB.v(46)
HDL-1007 : elaborate module OnePWM in OnePWM.v(1)
HDL-5007 WARNING: net 'pwm_state_read[15]' does not have a driver in CPLD_SOC_AHB_TOP.v(180)
HDL-1200 : Current top model is CPLD_SOC_AHB_TOP
HDL-1100 : Inferred 0 RAMs.
RUN-1002 : start command "read_adc EF2L45BG256B.adc"
RUN-1002 : start command "set_pin_assignment clkin  LOCATION = J1;  "
RUN-1002 : start command "set_pin_assignment rst_n  LOCATION = G15;  "
RUN-1002 : start command "set_pin_assignment rs232_tx  LOCATION = J15;  "
RUN-1002 : start command "set_pin_assignment rs232_rx  LOCATION = K15;  "
RUN-1002 : start command "set_pin_assignment led_out[0]  LOCATION = C15;"
RUN-1002 : start command "set_pin_assignment led_out[1]  LOCATION = D16;"
RUN-1002 : start command "set_pin_assignment pwm[0]  LOCATION = D9;   "
RUN-1002 : start command "set_pin_assignment pwm[1]  LOCATION = E8;   "
RUN-1002 : start command "set_pin_assignment pwm[2]  LOCATION = F8;   "
RUN-1002 : start command "set_pin_assignment pwm[3]  LOCATION = F7;   "
RUN-1002 : start command "set_pin_assignment pwm[4]  LOCATION = D14;  "
RUN-1002 : start command "set_pin_assignment pwm[5]  LOCATION = E10;  "
RUN-1002 : start command "set_pin_assignment pwm[6]  LOCATION = B14;  "
RUN-1002 : start command "set_pin_assignment pwm[7]  LOCATION = A14;  "
RUN-1002 : start command "set_pin_assignment pwm[8]  LOCATION = B12;  "
RUN-1002 : start command "set_pin_assignment pwm[9]  LOCATION = B11;  "
RUN-1002 : start command "set_pin_assignment pwm[10]  LOCATION = C9;   "
RUN-1002 : start command "set_pin_assignment pwm[11]  LOCATION = A8;   "
RUN-1002 : start command "set_pin_assignment pwm[12]  LOCATION = C8;   "
RUN-1002 : start command "set_pin_assignment pwm[13]  LOCATION = B6;   "
RUN-1002 : start command "set_pin_assignment pwm[14]  LOCATION = A5;   "
RUN-1002 : start command "set_pin_assignment pwm[15]  LOCATION = A4;   "
USR-6010 WARNING: ADC constraints: pin dir[15] has no constraint.
USR-6010 WARNING: ADC constraints: pin dir[14] has no constraint.
USR-6010 WARNING: ADC constraints: pin dir[13] has no constraint.
USR-6010 WARNING: ADC constraints: pin dir[12] has no constraint.
USR-6010 WARNING: ADC constraints: pin dir[11] has no constraint.
USR-6010 WARNING: ADC constraints: pin dir[10] has no constraint.
USR-6010 WARNING: ADC constraints: pin dir[9] has no constraint.
USR-6010 WARNING: ADC constraints: pin dir[8] has no constraint.
USR-6010 WARNING: ADC constraints: pin dir[7] has no constraint.
USR-6010 WARNING: ADC constraints: pin dir[6] has no constraint.
USR-6010 WARNING: ADC constraints: pin dir[5] has no constraint.
USR-6010 WARNING: ADC constraints: pin dir[4] has no constraint.
USR-6010 WARNING: ADC constraints: pin dir[3] has no constraint.
USR-6010 WARNING: ADC constraints: pin dir[2] has no constraint.
USR-6010 WARNING: ADC constraints: pin dir[1] has no constraint.
USR-6010 WARNING: ADC constraints: pin dir[0] has no constraint.
USR-6010 WARNING: ADC constraints: pin gpio_in[31] has no constraint.
USR-6010 WARNING: ADC constraints: pin gpio_in[30] has no constraint.
USR-6010 WARNING: ADC constraints: pin gpio_in[29] has no constraint.
USR-6010 WARNING: ADC constraints: pin gpio_in[28] has no constraint.
USR-6010 WARNING: ADC constraints: pin gpio_in[27] has no constraint.
USR-6010 WARNING: ADC constraints: pin gpio_in[26] has no constraint.
USR-6010 WARNING: ADC constraints: pin gpio_in[25] has no constraint.
USR-6010 WARNING: ADC constraints: pin gpio_in[24] has no constraint.
USR-6010 WARNING: ADC constraints: pin gpio_in[23] has no constraint.
USR-6010 WARNING: ADC constraints: pin gpio_in[22] has no constraint.
USR-6010 WARNING: ADC constraints: pin gpio_in[21] has no constraint.
USR-6010 WARNING: ADC constraints: pin gpio_in[20] has no constraint.
USR-6010 WARNING: ADC constraints: pin gpio_in[19] has no constraint.
USR-6010 WARNING: ADC constraints: pin gpio_in[18] has no constraint.
USR-6010 WARNING: ADC constraints: pin gpio_in[17] has no constraint.
USR-6010 WARNING: ADC constraints: pin gpio_in[16] has no constraint.
USR-6010 WARNING: ADC constraints: pin gpio_in[15] has no constraint.
USR-6010 WARNING: ADC constraints: pin gpio_in[14] has no constraint.
USR-6010 WARNING: ADC constraints: pin gpio_in[13] has no constraint.
USR-6010 WARNING: ADC constraints: pin gpio_in[12] has no constraint.
USR-6010 WARNING: ADC constraints: pin gpio_in[11] has no constraint.
USR-6010 WARNING: ADC constraints: pin gpio_in[10] has no constraint.
USR-6010 WARNING: ADC constraints: pin gpio_in[9] has no constraint.
USR-6010 WARNING: ADC constraints: pin gpio_in[8] has no constraint.
USR-6010 WARNING: ADC constraints: pin gpio_in[7] has no constraint.
USR-6010 WARNING: ADC constraints: pin gpio_in[6] has no constraint.
USR-6010 WARNING: ADC constraints: pin gpio_in[5] has no constraint.
USR-6010 WARNING: ADC constraints: pin gpio_in[4] has no constraint.
USR-6010 WARNING: ADC constraints: pin gpio_in[3] has no constraint.
USR-6010 WARNING: ADC constraints: pin gpio_in[2] has no constraint.
USR-6010 WARNING: ADC constraints: pin gpio_in[1] has no constraint.
USR-6010 WARNING: ADC constraints: pin gpio_in[0] has no constraint.
USR-6010 WARNING: ADC constraints: pin gpio_out[31] has no constraint.
USR-6010 WARNING: ADC constraints: pin gpio_out[30] has no constraint.
USR-6010 WARNING: ADC constraints: pin gpio_out[29] has no constraint.
USR-6010 WARNING: ADC constraints: pin gpio_out[28] has no constraint.
USR-6010 WARNING: ADC constraints: pin gpio_out[27] has no constraint.
USR-6010 WARNING: ADC constraints: pin gpio_out[26] has no constraint.
USR-6010 WARNING: ADC constraints: pin gpio_out[25] has no constraint.
USR-6010 WARNING: ADC constraints: pin gpio_out[24] has no constraint.
USR-6010 WARNING: ADC constraints: pin gpio_out[23] has no constraint.
USR-6010 WARNING: ADC constraints: pin gpio_out[22] has no constraint.
USR-6010 WARNING: ADC constraints: pin gpio_out[21] has no constraint.
USR-6010 WARNING: ADC constraints: pin gpio_out[20] has no constraint.
USR-6010 WARNING: ADC constraints: pin gpio_out[19] has no constraint.
USR-6010 WARNING: ADC constraints: pin gpio_out[18] has no constraint.
USR-6010 WARNING: ADC constraints: pin gpio_out[17] has no constraint.
USR-6010 WARNING: ADC constraints: pin gpio_out[16] has no constraint.
USR-6010 WARNING: ADC constraints: pin gpio_out[15] has no constraint.
USR-6010 WARNING: ADC constraints: pin gpio_out[14] has no constraint.
USR-6010 WARNING: ADC constraints: pin gpio_out[13] has no constraint.
USR-6010 WARNING: ADC constraints: pin gpio_out[12] has no constraint.
USR-6010 WARNING: ADC constraints: pin gpio_out[11] has no constraint.
USR-6010 WARNING: ADC constraints: pin gpio_out[10] has no constraint.
USR-6010 WARNING: ADC constraints: pin gpio_out[9] has no constraint.
USR-6010 WARNING: ADC constraints: pin gpio_out[8] has no constraint.
USR-6010 WARNING: ADC constraints: pin gpio_out[7] has no constraint.
USR-6010 WARNING: ADC constraints: pin gpio_out[6] has no constraint.
USR-6010 WARNING: ADC constraints: pin gpio_out[5] has no constraint.
USR-6010 WARNING: ADC constraints: pin gpio_out[4] has no constraint.
USR-6010 WARNING: ADC constraints: pin gpio_out[3] has no constraint.
USR-6010 WARNING: ADC constraints: pin gpio_out[2] has no constraint.
USR-6010 WARNING: ADC constraints: pin gpio_out[1] has no constraint.
USR-6010 WARNING: ADC constraints: pin gpio_out[0] has no constraint.
RUN-1002 : start command "optimize_rtl"
RUN-1001 : Open license file C:/Anlogic/TD4.5.12562/license/Anlogic.lic
SYN-1012 : SanityCheck: Model "CPLD_SOC_AHB_TOP"
SYN-1012 : SanityCheck: Model "M3WithAHB"
SYN-1012 : SanityCheck: Model "OnePWM"
SYN-1012 : SanityCheck: Model "PLL"
SYN-1012 : SanityCheck: Model "uart_byte_rx"
SYN-1043 : Mark PLL as IO macro for instance pll_inst
SYN-5013 WARNING: Undriven net: model "CPLD_SOC_AHB_TOP" / net "dir[10]" in CPLD_SOC_AHB_TOP.v(5)
SYN-5014 WARNING: the net's pin: pin "dir[10]" in CPLD_SOC_AHB_TOP.v(5)
SYN-5013 WARNING: Undriven net: model "CPLD_SOC_AHB_TOP" / net "dir[11]" in CPLD_SOC_AHB_TOP.v(5)
SYN-5014 WARNING: the net's pin: pin "dir[11]" in CPLD_SOC_AHB_TOP.v(5)
SYN-5013 WARNING: Undriven net: model "CPLD_SOC_AHB_TOP" / net "dir[12]" in CPLD_SOC_AHB_TOP.v(5)
SYN-5014 WARNING: the net's pin: pin "dir[12]" in CPLD_SOC_AHB_TOP.v(5)
SYN-5013 WARNING: Undriven net: model "CPLD_SOC_AHB_TOP" / net "dir[13]" in CPLD_SOC_AHB_TOP.v(5)
SYN-5014 WARNING: the net's pin: pin "dir[13]" in CPLD_SOC_AHB_TOP.v(5)
SYN-5013 WARNING: Undriven net: model "CPLD_SOC_AHB_TOP" / net "dir[14]" in CPLD_SOC_AHB_TOP.v(5)
SYN-5014 WARNING: the net's pin: pin "dir[14]" in CPLD_SOC_AHB_TOP.v(5)
SYN-5013 WARNING: Undriven net: model "CPLD_SOC_AHB_TOP" / net "dir[15]" in CPLD_SOC_AHB_TOP.v(5)
SYN-5014 WARNING: the net's pin: pin "dir[15]" in CPLD_SOC_AHB_TOP.v(5)
SYN-5013 WARNING: Undriven net: model "CPLD_SOC_AHB_TOP" / net "dir[2]" in CPLD_SOC_AHB_TOP.v(5)
SYN-5014 WARNING: the net's pin: pin "dir[2]" in CPLD_SOC_AHB_TOP.v(5)
SYN-5013 WARNING: Undriven net: model "CPLD_SOC_AHB_TOP" / net "dir[3]" in CPLD_SOC_AHB_TOP.v(5)
SYN-5014 WARNING: the net's pin: pin "dir[3]" in CPLD_SOC_AHB_TOP.v(5)
SYN-5013 WARNING: Undriven net: model "CPLD_SOC_AHB_TOP" / net "dir[4]" in CPLD_SOC_AHB_TOP.v(5)
SYN-5014 WARNING: the net's pin: pin "dir[4]" in CPLD_SOC_AHB_TOP.v(5)
SYN-5013 WARNING: Undriven net: model "CPLD_SOC_AHB_TOP" / net "dir[5]" in CPLD_SOC_AHB_TOP.v(5)
SYN-5014 WARNING: the net's pin: pin "dir[5]" in CPLD_SOC_AHB_TOP.v(5)
SYN-5013 WARNING: Undriven net: model "CPLD_SOC_AHB_TOP" / net "dir[6]" in CPLD_SOC_AHB_TOP.v(5)
SYN-5014 WARNING: the net's pin: pin "dir[6]" in CPLD_SOC_AHB_TOP.v(5)
SYN-5013 WARNING: Undriven net: model "CPLD_SOC_AHB_TOP" / net "dir[7]" in CPLD_SOC_AHB_TOP.v(5)
SYN-5014 WARNING: the net's pin: pin "dir[7]" in CPLD_SOC_AHB_TOP.v(5)
SYN-5013 WARNING: Undriven net: model "CPLD_SOC_AHB_TOP" / net "dir[8]" in CPLD_SOC_AHB_TOP.v(5)
SYN-5014 WARNING: the net's pin: pin "dir[8]" in CPLD_SOC_AHB_TOP.v(5)
SYN-5013 WARNING: Undriven net: model "CPLD_SOC_AHB_TOP" / net "dir[9]" in CPLD_SOC_AHB_TOP.v(5)
SYN-5014 WARNING: the net's pin: pin "dir[9]" in CPLD_SOC_AHB_TOP.v(5)
SYN-5013 WARNING: Undriven net: model "CPLD_SOC_AHB_TOP" / net "pwm[10]" in CPLD_SOC_AHB_TOP.v(5)
SYN-5014 WARNING: the net's pin: pin "pwm[10]" in CPLD_SOC_AHB_TOP.v(5)
SYN-5013 WARNING: Undriven net: model "CPLD_SOC_AHB_TOP" / net "pwm[11]" in CPLD_SOC_AHB_TOP.v(5)
SYN-5014 WARNING: the net's pin: pin "pwm[11]" in CPLD_SOC_AHB_TOP.v(5)
SYN-5013 WARNING: Undriven net: model "CPLD_SOC_AHB_TOP" / net "pwm[12]" in CPLD_SOC_AHB_TOP.v(5)
SYN-5014 WARNING: the net's pin: pin "pwm[12]" in CPLD_SOC_AHB_TOP.v(5)
SYN-5013 WARNING: Undriven net: model "CPLD_SOC_AHB_TOP" / net "pwm[13]" in CPLD_SOC_AHB_TOP.v(5)
SYN-5014 WARNING: the net's pin: pin "pwm[13]" in CPLD_SOC_AHB_TOP.v(5)
SYN-5013 WARNING: Undriven net: model "CPLD_SOC_AHB_TOP" / net "pwm[14]" in CPLD_SOC_AHB_TOP.v(5)
SYN-5014 WARNING: the net's pin: pin "pwm[14]" in CPLD_SOC_AHB_TOP.v(5)
SYN-5013 WARNING: Undriven net: model "CPLD_SOC_AHB_TOP" / net "pwm[15]" in CPLD_SOC_AHB_TOP.v(5)
SYN-5014 WARNING: the net's pin: pin "pwm[15]" in CPLD_SOC_AHB_TOP.v(5)
SYN-5013 WARNING: Undriven net: model "CPLD_SOC_AHB_TOP" / net "pwm[2]" in CPLD_SOC_AHB_TOP.v(5)
SYN-5014 WARNING: the net's pin: pin "pwm[2]" in CPLD_SOC_AHB_TOP.v(5)
SYN-5013 WARNING: Undriven net: model "CPLD_SOC_AHB_TOP" / net "pwm[3]" in CPLD_SOC_AHB_TOP.v(5)
SYN-5014 WARNING: the net's pin: pin "pwm[3]" in CPLD_SOC_AHB_TOP.v(5)
SYN-5013 WARNING: Undriven net: model "CPLD_SOC_AHB_TOP" / net "pwm[4]" in CPLD_SOC_AHB_TOP.v(5)
SYN-5014 WARNING: the net's pin: pin "pwm[4]" in CPLD_SOC_AHB_TOP.v(5)
SYN-5013 WARNING: Undriven net: model "CPLD_SOC_AHB_TOP" / net "pwm[5]" in CPLD_SOC_AHB_TOP.v(5)
SYN-5014 WARNING: the net's pin: pin "pwm[5]" in CPLD_SOC_AHB_TOP.v(5)
SYN-5013 WARNING: Undriven net: model "CPLD_SOC_AHB_TOP" / net "pwm[6]" in CPLD_SOC_AHB_TOP.v(5)
SYN-5014 WARNING: the net's pin: pin "pwm[6]" in CPLD_SOC_AHB_TOP.v(5)
SYN-5013 WARNING: Undriven net: model "CPLD_SOC_AHB_TOP" / net "pwm[7]" in CPLD_SOC_AHB_TOP.v(5)
SYN-5014 WARNING: the net's pin: pin "pwm[7]" in CPLD_SOC_AHB_TOP.v(5)
SYN-5013 WARNING: Undriven net: model "CPLD_SOC_AHB_TOP" / net "pwm[8]" in CPLD_SOC_AHB_TOP.v(5)
SYN-5014 WARNING: the net's pin: pin "pwm[8]" in CPLD_SOC_AHB_TOP.v(5)
SYN-5013 WARNING: Undriven net: model "CPLD_SOC_AHB_TOP" / net "pwm[9]" in CPLD_SOC_AHB_TOP.v(5)
SYN-5014 WARNING: the net's pin: pin "pwm[9]" in CPLD_SOC_AHB_TOP.v(5)
SYN-5013 WARNING: Undriven net: model "CPLD_SOC_AHB_TOP" / net "pwm_state_read[10]" in CPLD_SOC_AHB_TOP.v(180)
SYN-5014 WARNING: the net's pin: pin "i2[26]" in CPLD_SOC_AHB_TOP.v(266)
SYN-5014 WARNING: the net's pin: pin "i2[10]" in CPLD_SOC_AHB_TOP.v(266)
SYN-5013 WARNING: Undriven net: model "CPLD_SOC_AHB_TOP" / net "pwm_state_read[11]" in CPLD_SOC_AHB_TOP.v(180)
SYN-5014 WARNING: the net's pin: pin "i2[27]" in CPLD_SOC_AHB_TOP.v(266)
SYN-5014 WARNING: the net's pin: pin "i2[11]" in CPLD_SOC_AHB_TOP.v(266)
SYN-5013 WARNING: Undriven net: model "CPLD_SOC_AHB_TOP" / net "pwm_state_read[12]" in CPLD_SOC_AHB_TOP.v(180)
SYN-5014 WARNING: the net's pin: pin "i2[28]" in CPLD_SOC_AHB_TOP.v(266)
SYN-5014 WARNING: the net's pin: pin "i2[12]" in CPLD_SOC_AHB_TOP.v(266)
SYN-5013 WARNING: Undriven net: model "CPLD_SOC_AHB_TOP" / net "pwm_state_read[13]" in CPLD_SOC_AHB_TOP.v(180)
SYN-5014 WARNING: the net's pin: pin "i2[29]" in CPLD_SOC_AHB_TOP.v(266)
SYN-5014 WARNING: the net's pin: pin "i2[13]" in CPLD_SOC_AHB_TOP.v(266)
SYN-5013 WARNING: Undriven net: model "CPLD_SOC_AHB_TOP" / net "pwm_state_read[14]" in CPLD_SOC_AHB_TOP.v(180)
SYN-5014 WARNING: the net's pin: pin "i2[30]" in CPLD_SOC_AHB_TOP.v(266)
SYN-5014 WARNING: the net's pin: pin "i2[14]" in CPLD_SOC_AHB_TOP.v(266)
SYN-5013 WARNING: Undriven net: model "CPLD_SOC_AHB_TOP" / net "pwm_state_read[15]" in CPLD_SOC_AHB_TOP.v(180)
SYN-5014 WARNING: the net's pin: pin "i2[31]" in CPLD_SOC_AHB_TOP.v(266)
SYN-5014 WARNING: the net's pin: pin "i2[15]" in CPLD_SOC_AHB_TOP.v(266)
SYN-5013 WARNING: Undriven net: model "CPLD_SOC_AHB_TOP" / net "pwm_state_read[2]" in CPLD_SOC_AHB_TOP.v(180)
SYN-5014 WARNING: the net's pin: pin "i2[2]" in CPLD_SOC_AHB_TOP.v(266)
SYN-5014 WARNING: the net's pin: pin "i2[18]" in CPLD_SOC_AHB_TOP.v(266)
SYN-5013 WARNING: Undriven net: model "CPLD_SOC_AHB_TOP" / net "pwm_state_read[3]" in CPLD_SOC_AHB_TOP.v(180)
SYN-5014 WARNING: the net's pin: pin "i2[3]" in CPLD_SOC_AHB_TOP.v(266)
SYN-5014 WARNING: the net's pin: pin "i2[19]" in CPLD_SOC_AHB_TOP.v(266)
SYN-5013 WARNING: Undriven net: model "CPLD_SOC_AHB_TOP" / net "pwm_state_read[4]" in CPLD_SOC_AHB_TOP.v(180)
SYN-5014 WARNING: the net's pin: pin "i2[4]" in CPLD_SOC_AHB_TOP.v(266)
SYN-5014 WARNING: the net's pin: pin "i2[20]" in CPLD_SOC_AHB_TOP.v(266)
SYN-5013 WARNING: Undriven net: model "CPLD_SOC_AHB_TOP" / net "pwm_state_read[5]" in CPLD_SOC_AHB_TOP.v(180)
SYN-5014 WARNING: the net's pin: pin "i2[5]" in CPLD_SOC_AHB_TOP.v(266)
SYN-5014 WARNING: the net's pin: pin "i2[21]" in CPLD_SOC_AHB_TOP.v(266)
SYN-5013 WARNING: Undriven net: model "CPLD_SOC_AHB_TOP" / net "pwm_state_read[6]" in CPLD_SOC_AHB_TOP.v(180)
SYN-5014 WARNING: the net's pin: pin "i2[6]" in CPLD_SOC_AHB_TOP.v(266)
SYN-5014 WARNING: the net's pin: pin "i2[22]" in CPLD_SOC_AHB_TOP.v(266)
SYN-5013 WARNING: Undriven net: model "CPLD_SOC_AHB_TOP" / net "pwm_state_read[7]" in CPLD_SOC_AHB_TOP.v(180)
SYN-5014 WARNING: the net's pin: pin "i2[7]" in CPLD_SOC_AHB_TOP.v(266)
SYN-5014 WARNING: the net's pin: pin "i2[23]" in CPLD_SOC_AHB_TOP.v(266)
SYN-5013 WARNING: Undriven net: model "CPLD_SOC_AHB_TOP" / net "pwm_state_read[8]" in CPLD_SOC_AHB_TOP.v(180)
SYN-5014 WARNING: the net's pin: pin "i2[8]" in CPLD_SOC_AHB_TOP.v(266)
SYN-5014 WARNING: the net's pin: pin "i2[24]" in CPLD_SOC_AHB_TOP.v(266)
SYN-5013 WARNING: Undriven net: model "CPLD_SOC_AHB_TOP" / net "pwm_state_read[9]" in CPLD_SOC_AHB_TOP.v(180)
SYN-5014 WARNING: the net's pin: pin "i2[9]" in CPLD_SOC_AHB_TOP.v(266)
SYN-5014 WARNING: the net's pin: pin "i2[25]" in CPLD_SOC_AHB_TOP.v(266)
SYN-5013 WARNING: Undriven net: model "CPLD_SOC_AHB_TOP" / net "rs232_tx" in CPLD_SOC_AHB_TOP.v(9)
SYN-5014 WARNING: the net's pin: pin "rs232_tx" in CPLD_SOC_AHB_TOP.v(9)
SYN-5025 WARNING: Using 0 for all undriven pins and nets
SYN-1016 : Merged 64 instances.
SYN-1011 : Flatten model CPLD_SOC_AHB_TOP
SYN-1011 : Flatten model M3WithAHB
SYN-1011 : Flatten model OnePWM
SYN-1011 : Flatten model PLL
SYN-1011 : Flatten model uart_byte_rx
SYN-1016 : Merged 11 instances.
SYN-1014 : Optimize round 1
SYN-1032 : 2585/8538 useful/useless nets, 2387/8440 useful/useless insts
SYN-1019 : Optimized 25 mux instances.
SYN-1021 : Optimized 79 onehot mux instances.
SYN-1020 : Optimized 275 distributor mux.
SYN-1016 : Merged 624 instances.
SYN-1015 : Optimize round 1, 18319 better
SYN-1014 : Optimize round 2
SYN-1044 : Optimized 2 inv instances.
SYN-1032 : 2219/646 useful/useless nets, 2021/337 useful/useless insts
SYN-1017 : Remove 1 const input seq instances
SYN-1002 :     reg20_b3
SYN-1019 : Optimized 0 mux instances.
SYN-1015 : Optimize round 2, 413 better
SYN-1014 : Optimize round 3
SYN-1032 : 2216/1 useful/useless nets, 2018/2 useful/useless insts
SYN-1019 : Optimized 0 mux instances.
SYN-1015 : Optimize round 3, 3 better
SYN-1014 : Optimize round 4
SYN-1032 : 2216/0 useful/useless nets, 2018/0 useful/useless insts
SYN-1019 : Optimized 0 mux instances.
SYN-1015 : Optimize round 4, 0 better
RUN-1003 : finish command "optimize_rtl" in  1.798211s wall, 1.825212s user + 0.046800s system = 1.872012s CPU (104.1%)

RUN-1004 : used memory is 186 MB, reserved memory is 156 MB, peak memory is 191 MB
RUN-1002 : start command "report_area -file Quick_Start_rtl.area"
RUN-1001 : standard
***Report Model: CPLD_SOC_AHB_TOP***

IO Statistics
#IO                   102
  #input               35
  #output              67
  #inout                0

Gate Statistics
#Basic gates         1333
  #and                394
  #nand                 0
  #or                 260
  #nor                  0
  #xor                  0
  #xnor                 0
  #buf                  0
  #not                 68
  #bufif1               0
  #MX21                14
  #FADD                 0
  #DFF                597
  #LATCH                0
#MACRO_ADD              9
#MACRO_EQ              26
#MACRO_MUX            490

RUN-1001 : 
Report Hierarchy Area:
+---------------------------------------------------+
|Instance |Module           |gates  |seq    |macros |
+---------------------------------------------------+
|top      |CPLD_SOC_AHB_TOP |734    |597    |35     |
+---------------------------------------------------+

RUN-1002 : start command "read_sdc Quick_Start.sdc"
RUN-1002 : start command "get_nets clk100m"
RUN-1002 : start command "create_clock -name clk100m -period 10 -waveform 0 5 "
RUN-1102 : create_clock: clock name: clk100m, type: 0, period: 10000, rise: 0, fall: 5000.
RUN-1104 : Import SDC file Quick_Start.sdc finished, there are 2 nets kept by constraints.
RUN-1002 : start command "export_db Quick_Start_rtl.db"
RUN-1001 : Exported /
RUN-1001 : Exported libs
RUN-1001 : Exported entities
RUN-1001 : Exported ports
RUN-1001 : Exported pins
RUN-1001 : Exported instances
RUN-1001 : Exported nets
RUN-1001 : Exported buses
RUN-1001 : Exported models
RUN-1001 : Exported congestions
RUN-1001 : Exported violations
RUN-1001 : Exported timing constraints
RUN-1001 : Exported IO constraints
RUN-1001 : Exported Inst constraints
RUN-1001 : Exported flow parameters
RUN-1002 : start command "set_param gate pack_effort high"
RUN-1002 : start command "optimize_gate -packarea Quick_Start_gate.area"
RUN-1001 : Open license file C:/Anlogic/TD4.5.12562/license/Anlogic.lic
SYN-1016 : Merged 1 instances.
SYN-2001 : Map 102 IOs to PADs
SYN-2501 : Processed 0 LOGIC_BUF instances.
SYN-2571 : Optimize after map_dsp, round 1
SYN-1032 : 2330/28 useful/useless nets, 2133/0 useful/useless insts
SYN-2571 : Optimize after map_dsp, round 1, 0 better
SYN-2501 : Optimize round 1
SYN-1032 : 2748/0 useful/useless nets, 2552/0 useful/useless insts
SYN-1016 : Merged 24 instances.
SYN-2501 : Optimize round 1, 268 better
SYN-2501 : Optimize round 2
SYN-1032 : 2724/0 useful/useless nets, 2528/0 useful/useless insts
SYN-2501 : Optimize round 2, 0 better
SYN-2501 : Map 9 macro adder
SYN-1032 : 3221/0 useful/useless nets, 3025/0 useful/useless insts
RUN-1002 : start command "start_timer -prepack"
TMR-2505 : Start building timing graph for model CPLD_SOC_AHB_TOP.
TMR-2506 : Build timing graph completely. Port num: 9, tpin num: 11542, tnet num: 3236, tinst num: 3024, tnode num: 19694, tedge num: 20493.
TMR-2507 : Eliminate loop in the timing graph, delete 0 tedges.
TMR-2508 : Levelizing timing graph completed, there are 67 levels in total.
TMR-2501 : Timing graph initialized successfully.
TMR-2503 : Start to update net delay, extr mode = 2.
TMR-2504 : Update delay of 3236 nets completely.
TMR-2502 : Annotate delay completely, extr mode = 2.
TMR-3001 : Initiate 1 clocks from SDC.
TMR-3004 : Start mapping sdc constraints, there are 0 constraints in total.
TMR-3005 : Start mapping report constraints, there are 0 constraints in total.
TMR-3003 : Constraints initiated successfully.
TMR-3501 : Forward propagation: start to calculate arrival time...
TMR-3502 : Backward propagation: start to calculate required time...
TMR-3503 : Timing propagation completes.
SYN-3001 : Running gate level optimization.
SYN-2581 : Mapping with K=5, #lut = 597 (3.89), #lev = 7 (3.55)
SYN-2551 : Post LUT mapping optimization.
SYN-2581 : Mapping with K=5, #lut = 596 (3.88), #lev = 7 (3.55)
SYN-2581 : Mapping with K=5, #lut = 596 (3.88), #lev = 7 (3.55)
SYN-3001 : Logic optimization runtime opt =   0.09 sec, map =   0.00 sec
SYN-3001 : Mapper mapped 2010 instances into 598 LUTs, name keeping = 57%.
SYN-1001 : Packing model "CPLD_SOC_AHB_TOP" ...
SYN-4010 : Pack lib has 35 rtl pack models with 12 top pack blocks
SYN-1014 : Optimize round 1
SYN-1032 : 1801/0 useful/useless nets, 1605/0 useful/useless insts
SYN-1015 : Optimize round 1, 0 better
SYN-4002 : Packing 595 DFF/LATCH to SEQ ...
SYN-4009 : Pack 3 carry chain into lslice
SYN-4007 : Packing 67 adder to BLE ...
SYN-4008 : Packed 67 adder and 0 SEQ to BLE.
SYN-4007 : Packing 0 gate4 to BLE ...
SYN-4008 : Packed 0 gate4 and 0 SEQ to BLE.
SYN-4012 : Packed 0 FxMUX
SYN-4007 : Packing 0 MUX to BLE ...
SYN-4008 : Packed 0 MUX and 0 SEQ to BLE.
SYN-4007 : Packing 598 LUT to BLE ...
SYN-4008 : Packed 598 LUT and 288 SEQ to BLE.
SYN-4003 : Packing 307 remaining SEQ's ...
SYN-4004 : #0: Packed 0 SEQ (307 nodes)...
SYN-4004 : #1: Packed 119 SEQ (7252 nodes)...
SYN-4004 : #2: Packed 195 SEQ (33566 nodes)...
SYN-4004 : #3: Packed 272 SEQ (26644 nodes)...
SYN-4004 : #4: Packed 303 SEQ (6859 nodes)...
SYN-4004 : #5: Packed 306 SEQ (309 nodes)...
SYN-4004 : #6: Packed 307 SEQ (100 nodes)...
SYN-4004 : #7: Packed 307 SEQ (0 nodes)...
SYN-4005 : Packed 307 SEQ with LUT/SLICE
SYN-4006 : 16 single LUT's are left
SYN-4006 : 307 single SEQ's are left
SYN-4011 : Packing model "CPLD_SOC_AHB_TOP" (AL_USER_NORMAL) with 598/919 primitive instances ...
RUN-1002 : start command "report_area -file Quick_Start_gate.area"
RUN-1001 : standard
***Report Model: CPLD_SOC_AHB_TOP***

IO Statistics
#IO                   102
  #input               35
  #output              67
  #inout                0

Utilization Statistics
#lut                  747   out of   4480   16.67%
#reg                  595   out of   4480   13.28%
#le                   747
  #lut only           152   out of    747   20.35%
  #reg only             0   out of    747    0.00%
  #lut&reg            595   out of    747   79.65%
#dsp                    0   out of     15    0.00%
#bram                   0   out of     12    0.00%
  #bram9k               0
  #fifo9k               0
#bram32k                0   out of      6    0.00%
#mcu                    1   out of      1  100.00%
#pad                  102   out of    202   50.50%
  #ireg                 0
  #oreg                 2
  #treg                 0
#pll                    1   out of      1  100.00%

RUN-1001 : 
Report Hierarchy Area:
+------------------------------------------------+
|Instance |Module           |le    |lut   |seq   |
+------------------------------------------------+
|top      |CPLD_SOC_AHB_TOP |747   |747   |595   |
+------------------------------------------------+

RUN-1003 : finish command "optimize_gate -packarea Quick_Start_gate.area" in  2.587241s wall, 2.730018s user + 0.202801s system = 2.932819s CPU (113.4%)

RUN-1004 : used memory is 223 MB, reserved memory is 188 MB, peak memory is 225 MB
RUN-1002 : start command "legalize_phy_inst"
SYN-1011 : Flatten model CPLD_SOC_AHB_TOP
RUN-1002 : start command "read_sdc Quick_Start.sdc"
RUN-1002 : start command "get_nets clk100m"
RUN-1002 : start command "create_clock -name clk100m -period 10 -waveform 0 5 "
RUN-1102 : create_clock: clock name: clk100m, type: 0, period: 10000, rise: 0, fall: 5000.
RUN-1104 : Import SDC file Quick_Start.sdc finished, there are 3 nets kept by constraints.
RUN-1002 : start command "export_db Quick_Start_gate.db"
RUN-1001 : Exported /
RUN-1001 : Exported libs
RUN-1001 : Exported entities
RUN-1001 : Exported ports
RUN-1001 : Exported pins
RUN-1001 : Exported instances
RUN-1001 : Exported nets
RUN-1001 : Exported buses
RUN-1001 : Exported models
RUN-1001 : Exported congestions
RUN-1001 : Exported violations
RUN-1001 : Exported timing constraints
RUN-1001 : Exported IO constraints
RUN-1001 : Exported Inst constraints
RUN-1001 : Exported flow parameters
RUN-1002 : start command "config_chipwatcher DEBUG.cwc -dir ."
SYN-1047 : Net: dir_pad[0] will be renamed with PWM0/dir for synthesis keep.
SYN-1047 : Net: pwm_pad[0] will be renamed with PWM0/pwm for synthesis keep.
SYN-1047 : Net: dir_pad[1] will be renamed with PWM1/dir for synthesis keep.
SYN-1047 : Net: pwm_pad[1] will be renamed with PWM1/pwm for synthesis keep.
KIT-5201 WARNING: NodeFilter:  unknown net PWM0/RemaTxNum.
KIT-5201 WARNING: NodeFilter:  unknown net PWM1/RemaTxNum.
KIT-1004 : ChipWatcher: import watcher inst auto_chipwatcher_0 completed, there are 5 view nodes, 1 trigger nets, 67 data nets.
KIT-1004 : Chipwatcher code = 0111110100001110
GUI-1001 : Import DEBUG.cwc success!
RUN-1002 : start command "compile_watcher"
RUN-1002 : start command "read_verilog -no_sch -dir C:/Anlogic/TD4.5.12562/cw/ -file ./Quick_Start_watcherInst.v -lib cw"
HDL-1007 : analyze verilog file ./Quick_Start_watcherInst.v
HDL-1007 : analyze verilog file C:/Anlogic/TD4.5.12562/cw\cfg_int.v
HDL-1007 : analyze verilog file C:/Anlogic/TD4.5.12562/cw\cwc_top.v
HDL-1007 : analyze verilog file C:/Anlogic/TD4.5.12562/cw\detect_bus.v
HDL-1007 : analyze verilog file C:/Anlogic/TD4.5.12562/cw\detect_non_bus.v
HDL-1007 : analyze verilog file C:/Anlogic/TD4.5.12562/cw\emb_ctrl.v
HDL-1007 : analyze verilog file C:/Anlogic/TD4.5.12562/cw\register.v
HDL-1007 : analyze verilog file C:/Anlogic/TD4.5.12562/cw\tap.v
HDL-1007 : analyze verilog file C:/Anlogic/TD4.5.12562/cw\trigger.v
HDL-1007 : elaborate module CW_TOP_WRAPPER in ./Quick_Start_watcherInst.v(1)
HDL-1007 : elaborate module cwc_top(CTRL_REG_LEN=26,STOP_LEN=1365,BUS_NODE_NUM=0,BUS_NUM=0) in C:/Anlogic/TD4.5.12562/cw\cwc_top.v(7)
HDL-1007 : elaborate module cfg_int(CTRL_REG_LEN=26) in C:/Anlogic/TD4.5.12562/cw\cfg_int.v(1)
HDL-1007 : elaborate module register(CTRL_REG_LEN=26) in C:/Anlogic/TD4.5.12562/cw\register.v(7)
HDL-1007 : elaborate module tap in C:/Anlogic/TD4.5.12562/cw\tap.v(7)
HDL-1007 : elaborate module trigger(CTRL_REG_LEN=26,BUS_NODE_NUM=0,BUS_NUM=0,STOP_LEN=1365) in C:/Anlogic/TD4.5.12562/cw\trigger.v(7)
HDL-1007 : elaborate module detect_non_bus in C:/Anlogic/TD4.5.12562/cw\detect_non_bus.v(20)
HDL-1007 : elaborate module emb_ctrl(STOP_LEN=1365) in C:/Anlogic/TD4.5.12562/cw\emb_ctrl.v(7)
HDL-1200 : Current top model is CW_TOP_WRAPPER
HDL-1100 : Inferred 0 RAMs.
RUN-1002 : start command "force_keep -a auto_chipwatcher_0_logicbram"
RUN-1002 : start command "optimize_rtl -no_sch"
RUN-1001 : Open license file C:/Anlogic/TD4.5.12562/license/Anlogic.lic
SYN-1012 : SanityCheck: Model "CPLD_SOC_AHB_TOP"
SYN-1012 : SanityCheck: Model "CW_TOP_WRAPPER"
SYN-1012 : SanityCheck: Model "cwc_top(CTRL_REG_LEN=26,STOP_LEN=1365,BUS_NODE_NUM=0,BUS_NUM=0)"
SYN-1012 : SanityCheck: Model "cfg_int(CTRL_REG_LEN=26)"
SYN-1012 : SanityCheck: Model "register(CTRL_REG_LEN=26)"
SYN-1012 : SanityCheck: Model "tap"
SYN-1012 : SanityCheck: Model "trigger(CTRL_REG_LEN=26,BUS_NODE_NUM=0,BUS_NUM=0,STOP_LEN=1365)"
SYN-1012 : SanityCheck: Model "detect_non_bus"
SYN-1012 : SanityCheck: Model "emb_ctrl(STOP_LEN=1365)"
SYN-1011 : Flatten model CPLD_SOC_AHB_TOP
SYN-1011 : Flatten model CW_TOP_WRAPPER
SYN-1011 : Flatten model cwc_top(CTRL_REG_LEN=26,STOP_LEN=1365,BUS_NODE_NUM=0,BUS_NUM=0)
SYN-1011 : Flatten model cfg_int(CTRL_REG_LEN=26)
SYN-1011 : Flatten model register(CTRL_REG_LEN=26)
SYN-1011 : Flatten model tap
SYN-1016 : Merged 2 instances.
SYN-1011 : Flatten model trigger(CTRL_REG_LEN=26,BUS_NODE_NUM=0,BUS_NUM=0,STOP_LEN=1365)
SYN-1011 : Flatten model detect_non_bus
SYN-1011 : Flatten model emb_ctrl(STOP_LEN=1365)
SYN-1016 : Merged 7 instances.
SYN-1016 : Merged 2 instances.
SYN-1016 : Merged 4 instances.
SYN-1014 : Optimize round 1
SYN-1032 : 1886/24 useful/useless nets, 1011/16 useful/useless insts
SYN-1019 : Optimized 1 mux instances.
SYN-1015 : Optimize round 1, 127 better
SYN-1014 : Optimize round 2
SYN-1032 : 1777/109 useful/useless nets, 902/3 useful/useless insts
SYN-1019 : Optimized 0 mux instances.
SYN-1015 : Optimize round 2, 5 better
SYN-1014 : Optimize round 3
SYN-1032 : 1777/0 useful/useless nets, 902/0 useful/useless insts
SYN-1019 : Optimized 0 mux instances.
SYN-1015 : Optimize round 3, 0 better
RUN-1002 : start command "optimize_gate -no_sch"
RUN-1001 : Open license file C:/Anlogic/TD4.5.12562/license/Anlogic.lic
SYN-1016 : Merged 30 instances.
SYN-2001 : Map 0 IOs to PADs
SYN-2501 : Processed 0 LOGIC_BUF instances.
SYN-2512 : LOGIC BRAM "auto_chipwatcher_0_logicbram"
SYN-2571 : Optimize after map_dsp, round 1
SYN-1032 : 1814/0 useful/useless nets, 943/0 useful/useless insts
SYN-1016 : Merged 9 instances.
SYN-2571 : Optimize after map_dsp, round 1, 9 better
SYN-2571 : Optimize after map_dsp, round 2
SYN-1032 : 1805/0 useful/useless nets, 934/0 useful/useless insts
SYN-2571 : Optimize after map_dsp, round 2, 0 better
SYN-2501 : Optimize round 1
SYN-1032 : 1862/0 useful/useless nets, 991/0 useful/useless insts
SYN-2501 : Optimize round 1, 5 better
SYN-2501 : Optimize round 2
SYN-1032 : 1862/0 useful/useless nets, 991/0 useful/useless insts
SYN-2501 : Optimize round 2, 0 better
SYN-2501 : Map 8 macro adder
SYN-1032 : 2003/6 useful/useless nets, 1132/3 useful/useless insts
RUN-1002 : start command "start_timer -prepack"
TMR-2505 : Start building timing graph for model CPLD_SOC_AHB_TOP.
TMR-2506 : Build timing graph completely. Port num: 9, tpin num: 7491, tnet num: 2004, tinst num: 1127, tnode num: 10883, tedge num: 12951.
TMR-2507 : Eliminate loop in the timing graph, delete 0 tedges.
TMR-2508 : Levelizing timing graph completed, there are 59 levels in total.
TMR-2501 : Timing graph initialized successfully.
TMR-2503 : Start to update net delay, extr mode = 2.
TMR-2504 : Update delay of 2004 nets completely.
TMR-2502 : Annotate delay completely, extr mode = 2.
TMR-3001 : Initiate 1 clocks from SDC.
TMR-3004 : Start mapping sdc constraints, there are 0 constraints in total.
TMR-3005 : Start mapping report constraints, there are 0 constraints in total.
TMR-3003 : Constraints initiated successfully.
TMR-3501 : Forward propagation: start to calculate arrival time...
TMR-3502 : Backward propagation: start to calculate required time...
TMR-3503 : Timing propagation completes.
SYN-3001 : Running gate level optimization.
SYN-2581 : Mapping with K=5, #lut = 95 (3.68), #lev = 6 (2.80)
SYN-2551 : Post LUT mapping optimization.
SYN-2581 : Mapping with K=5, #lut = 95 (3.68), #lev = 6 (2.80)
SYN-2581 : Mapping with K=5, #lut = 95 (3.68), #lev = 6 (2.80)
SYN-3001 : Logic optimization runtime opt =   0.02 sec, map =   0.00 sec
SYN-3001 : Mapper mapped 194 instances into 95 LUTs, name keeping = 63%.
SYN-1001 : Packing model "CPLD_SOC_AHB_TOP" ...
SYN-4010 : Pack lib has 35 rtl pack models with 12 top pack blocks
SYN-1014 : Optimize round 1
SYN-1032 : 1898/0 useful/useless nets, 1027/0 useful/useless insts
SYN-1015 : Optimize round 1, 0 better
SYN-4002 : Packing 146 DFF/LATCH to SEQ ...
SYN-4009 : Pack 4 carry chain into lslice
SYN-4007 : Packing 69 adder to BLE ...
SYN-4008 : Packed 69 adder and 0 SEQ to BLE.
SYN-4007 : Packing 0 gate4 to BLE ...
SYN-4008 : Packed 0 gate4 and 0 SEQ to BLE.
SYN-4012 : Packed 0 FxMUX
SYN-4007 : Packing 0 MUX to BLE ...
SYN-4008 : Packed 0 MUX and 0 SEQ to BLE.
SYN-4007 : Packing 95 LUT to BLE ...
SYN-4008 : Packed 95 LUT and 55 SEQ to BLE.
SYN-4003 : Packing 91 remaining SEQ's ...
SYN-4004 : #0: Packed 0 SEQ (91 nodes)...
SYN-4004 : #1: Packed 29 SEQ (1697 nodes)...
SYN-4004 : #2: Packed 47 SEQ (1741 nodes)...
SYN-4004 : #3: Packed 51 SEQ (2156 nodes)...
SYN-4004 : #4: Packed 56 SEQ (3550 nodes)...
SYN-4004 : #5: Packed 57 SEQ (3560 nodes)...
SYN-4004 : #6: Packed 57 SEQ (5880 nodes)...
SYN-4004 : #7: Packed 63 SEQ (7667 nodes)...
SYN-4004 : #8: Packed 63 SEQ (3880 nodes)...
SYN-4004 : #9: Packed 64 SEQ (672 nodes)...
SYN-4004 : #10: Packed 64 SEQ (0 nodes)...
SYN-4005 : Packed 64 SEQ with LUT/SLICE
SYN-4006 : 0 single LUT's are left
SYN-4006 : 91 single SEQ's are left
SYN-4011 : Packing model "CPLD_SOC_AHB_TOP" (AL_USER_NORMAL) with 122/826 primitive instances ...
RUN-1003 : finish command "optimize_gate -no_sch" in  1.150167s wall, 1.466409s user + 0.062400s system = 1.528810s CPU (132.9%)

RUN-1004 : used memory is 228 MB, reserved memory is 194 MB, peak memory is 231 MB
RUN-1002 : start command "legalize_phy_inst"
SYN-1011 : Flatten model CPLD_SOC_AHB_TOP
KIT-1004 : ChipWatcher: Clear obsolete physical data.
RUN-1003 : finish command "compile_watcher" in  2.436051s wall, 2.792418s user + 0.140401s system = 2.932819s CPU (120.4%)

RUN-1004 : used memory is 228 MB, reserved memory is 194 MB, peak memory is 231 MB
GUI-1001 : Compile ChipWatcher success!
RUN-1002 : start command "place"
RUN-1001 : Open license file C:/Anlogic/TD4.5.12562/license/Anlogic.lic
PHY-3001 : Placer runs in 2 thread(s).
SYN-5018 WARNING: Rename 'KEEP' net from 'PWM0/RemaTxNum[0]_al_n377' to 'PWM0/RemaTxNum[0]'.
SYN-5018 WARNING: Rename 'KEEP' net from 'PWM0/RemaTxNum[10]_al_n378' to 'PWM0/RemaTxNum[10]'.
SYN-5018 WARNING: Rename 'KEEP' net from 'PWM0/RemaTxNum[11]_al_n388' to 'PWM0/RemaTxNum[11]'.
SYN-5018 WARNING: Rename 'KEEP' net from 'PWM0/RemaTxNum[12]_al_n389' to 'PWM0/RemaTxNum[12]'.
SYN-5018 WARNING: Rename 'KEEP' net from 'PWM0/RemaTxNum[13]_al_n390' to 'PWM0/RemaTxNum[13]'.
SYN-5018 WARNING: Rename 'KEEP' net from 'PWM0/RemaTxNum[14]_al_n391' to 'PWM0/RemaTxNum[14]'.
SYN-5018 WARNING: Rename 'KEEP' net from 'PWM0/RemaTxNum[15]_al_n392' to 'PWM0/RemaTxNum[15]'.
SYN-5018 WARNING: Rename 'KEEP' net from 'PWM0/RemaTxNum[16]_al_n393' to 'PWM0/RemaTxNum[16]'.
SYN-5018 WARNING: Rename 'KEEP' net from 'PWM0/RemaTxNum[17]_al_n394' to 'PWM0/RemaTxNum[17]'.
SYN-5018 WARNING: Rename 'KEEP' net from 'PWM0/RemaTxNum[18]_al_n395' to 'PWM0/RemaTxNum[18]'.
SYN-5018 WARNING: Rename 'KEEP' net from 'PWM0/RemaTxNum[19]_al_n396' to 'PWM0/RemaTxNum[19]'.
SYN-5018 WARNING: Rename 'KEEP' net from 'PWM0/RemaTxNum[1]_al_n387' to 'PWM0/RemaTxNum[1]'.
SYN-5018 WARNING: Rename 'KEEP' net from 'PWM0/RemaTxNum[20]_al_n397' to 'PWM0/RemaTxNum[20]'.
SYN-5018 WARNING: Rename 'KEEP' net from 'PWM0/RemaTxNum[21]_al_n398' to 'PWM0/RemaTxNum[21]'.
SYN-5018 WARNING: Rename 'KEEP' net from 'PWM0/RemaTxNum[22]_al_n399' to 'PWM0/RemaTxNum[22]'.
SYN-5018 WARNING: Rename 'KEEP' net from 'PWM0/RemaTxNum[23]_al_n400' to 'PWM0/RemaTxNum[23]'.
SYN-5018 WARNING: Rename 'KEEP' net from 'PWM0/RemaTxNum[2]_al_n386' to 'PWM0/RemaTxNum[2]'.
SYN-5018 WARNING: Rename 'KEEP' net from 'PWM0/RemaTxNum[3]_al_n385' to 'PWM0/RemaTxNum[3]'.
SYN-5018 WARNING: Rename 'KEEP' net from 'PWM0/RemaTxNum[4]_al_n384' to 'PWM0/RemaTxNum[4]'.
SYN-5018 WARNING: Rename 'KEEP' net from 'PWM0/RemaTxNum[5]_al_n383' to 'PWM0/RemaTxNum[5]'.
SYN-5018 WARNING: Rename 'KEEP' net from 'PWM0/RemaTxNum[6]_al_n382' to 'PWM0/RemaTxNum[6]'.
SYN-5018 WARNING: Rename 'KEEP' net from 'PWM0/RemaTxNum[7]_al_n381' to 'PWM0/RemaTxNum[7]'.
SYN-5018 WARNING: Rename 'KEEP' net from 'PWM0/RemaTxNum[8]_al_n380' to 'PWM0/RemaTxNum[8]'.
SYN-5018 WARNING: Rename 'KEEP' net from 'PWM0/RemaTxNum[9]_al_n379' to 'PWM0/RemaTxNum[9]'.
SYN-5018 WARNING: Rename 'KEEP' net from 'PWM1/RemaTxNum[0]_al_n401' to 'PWM1/RemaTxNum[0]'.
SYN-5018 WARNING: Rename 'KEEP' net from 'PWM1/RemaTxNum[10]_al_n402' to 'PWM1/RemaTxNum[10]'.
SYN-5018 WARNING: Rename 'KEEP' net from 'PWM1/RemaTxNum[11]_al_n412' to 'PWM1/RemaTxNum[11]'.
SYN-5018 WARNING: Rename 'KEEP' net from 'PWM1/RemaTxNum[12]_al_n413' to 'PWM1/RemaTxNum[12]'.
SYN-5018 WARNING: Rename 'KEEP' net from 'PWM1/RemaTxNum[13]_al_n414' to 'PWM1/RemaTxNum[13]'.
SYN-5018 WARNING: Rename 'KEEP' net from 'PWM1/RemaTxNum[14]_al_n415' to 'PWM1/RemaTxNum[14]'.
SYN-5018 WARNING: Rename 'KEEP' net from 'PWM1/RemaTxNum[15]_al_n416' to 'PWM1/RemaTxNum[15]'.
SYN-5018 WARNING: Rename 'KEEP' net from 'PWM1/RemaTxNum[16]_al_n417' to 'PWM1/RemaTxNum[16]'.
SYN-5018 WARNING: Rename 'KEEP' net from 'PWM1/RemaTxNum[17]_al_n418' to 'PWM1/RemaTxNum[17]'.
SYN-5018 WARNING: Rename 'KEEP' net from 'PWM1/RemaTxNum[18]_al_n419' to 'PWM1/RemaTxNum[18]'.
SYN-5018 WARNING: Rename 'KEEP' net from 'PWM1/RemaTxNum[19]_al_n420' to 'PWM1/RemaTxNum[19]'.
SYN-5018 WARNING: Rename 'KEEP' net from 'PWM1/RemaTxNum[1]_al_n411' to 'PWM1/RemaTxNum[1]'.
SYN-5018 WARNING: Rename 'KEEP' net from 'PWM1/RemaTxNum[20]_al_n421' to 'PWM1/RemaTxNum[20]'.
SYN-5018 WARNING: Rename 'KEEP' net from 'PWM1/RemaTxNum[21]_al_n422' to 'PWM1/RemaTxNum[21]'.
SYN-5018 WARNING: Rename 'KEEP' net from 'PWM1/RemaTxNum[22]_al_n423' to 'PWM1/RemaTxNum[22]'.
SYN-5018 WARNING: Rename 'KEEP' net from 'PWM1/RemaTxNum[23]_al_n424' to 'PWM1/RemaTxNum[23]'.
SYN-5018 WARNING: Rename 'KEEP' net from 'PWM1/RemaTxNum[2]_al_n410' to 'PWM1/RemaTxNum[2]'.
SYN-5018 WARNING: Rename 'KEEP' net from 'PWM1/RemaTxNum[3]_al_n409' to 'PWM1/RemaTxNum[3]'.
SYN-5018 WARNING: Rename 'KEEP' net from 'PWM1/RemaTxNum[4]_al_n408' to 'PWM1/RemaTxNum[4]'.
SYN-5018 WARNING: Rename 'KEEP' net from 'PWM1/RemaTxNum[5]_al_n407' to 'PWM1/RemaTxNum[5]'.
SYN-5018 WARNING: Rename 'KEEP' net from 'PWM1/RemaTxNum[6]_al_n406' to 'PWM1/RemaTxNum[6]'.
SYN-5018 WARNING: Rename 'KEEP' net from 'PWM1/RemaTxNum[7]_al_n405' to 'PWM1/RemaTxNum[7]'.
SYN-5018 WARNING: Rename 'KEEP' net from 'PWM1/RemaTxNum[8]_al_n404' to 'PWM1/RemaTxNum[8]'.
SYN-5018 WARNING: Rename 'KEEP' net from 'PWM1/RemaTxNum[9]_al_n403' to 'PWM1/RemaTxNum[9]'.
SYN-4016 : Net jtck driven by BUFG (36 clock/control pins, 0 other pins).
SYN-4027 : Net clk100m is clkc1 of pll SYS_PLL/pll_inst.
SYN-4027 : Net clk25m is clkc2 of pll SYS_PLL/pll_inst.
SYN-4019 : Net clkin_pad is refclk of pll SYS_PLL/pll_inst.
SYN-4024 : Net "rx_done" drive clk pins.
SYN-4025 : Tag rtl::Net clk100m as clock net
SYN-4025 : Tag rtl::Net clk25m as clock net
SYN-4025 : Tag rtl::Net clkin_pad as clock net
SYN-4025 : Tag rtl::Net jtck as clock net
SYN-4025 : Tag rtl::Net rx_done as clock net
SYN-4026 : Tagged 5 rtl::Net as clock net
SYN-4015 : Create BUFG instance for clk Net rx_done to drive 47 clock pins.
PHY-1001 : Populate physical database.
RUN-1001 : There are total 612 instances
RUN-1001 : 249 mslices, 249 lslices, 102 pads, 5 brams, 0 dsps
RUN-1001 : There are total 1632 nets
RUN-1001 : 888 nets have 2 pins
RUN-1001 : 584 nets have [3 - 5] pins
RUN-1001 : 89 nets have [6 - 10] pins
RUN-1001 : 39 nets have [11 - 20] pins
RUN-1001 : 29 nets have [21 - 99] pins
RUN-1001 : 3 nets have 100+ pins
PHY-3001 : Initial placement ...
PHY-3001 : design contains 610 instances, 498 slices, 17 macros(112 instances)
PHY-3001 : Start timing update ...
RUN-1002 : start command "start_timer"
TMR-2505 : Start building timing graph for model CPLD_SOC_AHB_TOP.
TMR-2506 : Build timing graph completely. Port num: 9, tpin num: 6316, tnet num: 1630, tinst num: 610, tnode num: 7841, tedge num: 10277.
TMR-2507 : Eliminate loop in the timing graph, delete 0 tedges.
TMR-2508 : Levelizing timing graph completed, there are 33 levels in total.
TMR-2501 : Timing graph initialized successfully.
TMR-2503 : Start to update net delay, extr mode = 2.
TMR-2504 : Update delay of 1630 nets completely.
TMR-2502 : Annotate delay completely, extr mode = 2.
TMR-3001 : Initiate 1 clocks from SDC.
TMR-3004 : Start mapping sdc constraints, there are 0 constraints in total.
TMR-3005 : Start mapping report constraints, there are 0 constraints in total.
TMR-3003 : Constraints initiated successfully.
TMR-3501 : Forward propagation: start to calculate arrival time...
TMR-3502 : Backward propagation: start to calculate required time...
TMR-3503 : Timing propagation completes.
PHY-3001 : End timing update;  0.269302s wall, 0.280802s user + 0.015600s system = 0.296402s CPU (110.1%)

PHY-3001 : Global placement ...
PHY-3001 : Initial: Len = 250808
PHY-3001 : Run with size of 3
PHY-3001 : Cell area utilization is 22%, beta_incr = 0.866607
PHY-3001 : :::0::: Try harder cell spreading with beta_ = 0
PHY-3002 : Step(1): len = 169996, overlap = 22.5
PHY-3002 : Step(2): len = 125531, overlap = 26.5
PHY-3002 : Step(3): len = 103757, overlap = 33.25
PHY-3002 : Step(4): len = 88963.7, overlap = 41.5
PHY-3002 : Step(5): len = 77244.4, overlap = 47.5
PHY-3002 : Step(6): len = 67208.7, overlap = 56.25
PHY-3002 : Step(7): len = 58421.3, overlap = 65.5
PHY-3002 : Step(8): len = 52002.2, overlap = 70.5
PHY-3002 : Step(9): len = 46727.8, overlap = 73.5
PHY-3002 : Step(10): len = 43711.8, overlap = 73.25
PHY-3002 : Step(11): len = 41362.4, overlap = 73.5
PHY-3002 : Step(12): len = 40554.7, overlap = 75.75
PHY-3002 : Step(13): len = 39714.8, overlap = 71
PHY-3001 : :::1::: Try harder cell spreading with beta_ = 6.84226e-06
PHY-3002 : Step(14): len = 39851.2, overlap = 69.75
PHY-3002 : Step(15): len = 40393.5, overlap = 69.25
PHY-3002 : Step(16): len = 40706.9, overlap = 70.5
PHY-3002 : Step(17): len = 40014.8, overlap = 69.25
PHY-3002 : Step(18): len = 40265.6, overlap = 64.75
PHY-3002 : Step(19): len = 40008.2, overlap = 65.5
PHY-3002 : Step(20): len = 39469.2, overlap = 66.5
PHY-3002 : Step(21): len = 40630.3, overlap = 65.75
PHY-3002 : Step(22): len = 41007.3, overlap = 64.25
PHY-3002 : Step(23): len = 40904, overlap = 64
PHY-3002 : Step(24): len = 40759.1, overlap = 63.5
PHY-3001 : :::2::: Try harder cell spreading with beta_ = 1.36845e-05
PHY-3002 : Step(25): len = 41266.3, overlap = 63.25
PHY-3002 : Step(26): len = 41702.1, overlap = 63.5
PHY-3002 : Step(27): len = 42094.2, overlap = 63.5
PHY-3001 : :::3::: Try harder cell spreading with beta_ = 2.7369e-05
PHY-3002 : Step(28): len = 42804, overlap = 59.25
PHY-3002 : Step(29): len = 43294.7, overlap = 58.75
PHY-3002 : Step(30): len = 43054.7, overlap = 57.25
PHY-3002 : Step(31): len = 42852.6, overlap = 56.75
PHY-3002 : Step(32): len = 43385.4, overlap = 55.75
PHY-3002 : Step(33): len = 44203.3, overlap = 50.25
PHY-3002 : Step(34): len = 43841.2, overlap = 50.5
PHY-3002 : Step(35): len = 44175, overlap = 50.5
PHY-3002 : Step(36): len = 44447.3, overlap = 48.75
PHY-3002 : Step(37): len = 44840.1, overlap = 44
PHY-3002 : Step(38): len = 44951.2, overlap = 42.25
PHY-3002 : Step(39): len = 44959.7, overlap = 40.75
PHY-3001 : :::4::: Try harder cell spreading with beta_ = 5.47381e-05
PHY-3002 : Step(40): len = 45348.8, overlap = 40
PHY-3002 : Step(41): len = 45398.5, overlap = 40
PHY-3002 : Step(42): len = 46271.4, overlap = 39
PHY-3002 : Step(43): len = 46852.4, overlap = 40
PHY-3002 : Step(44): len = 46935.5, overlap = 49.5
PHY-3002 : Step(45): len = 46618.6, overlap = 45.75
PHY-3002 : Step(46): len = 46095.8, overlap = 46.25
PHY-3002 : Step(47): len = 46031.8, overlap = 47
PHY-3002 : Step(48): len = 45939.4, overlap = 42.5
PHY-3001 : :::5::: Try harder cell spreading with beta_ = 0.000109476
PHY-3002 : Step(49): len = 46193.9, overlap = 46.75
PHY-3002 : Step(50): len = 46468.3, overlap = 45.75
PHY-3002 : Step(51): len = 46733.6, overlap = 45.25
PHY-3001 : Legalization ...
PHY-3001 : End legalization;  0.007465s wall, 0.000000s user + 0.015600s system = 0.015600s CPU (209.0%)

PHY-3001 : Run with size of 3
PHY-3001 : Cell area utilization is 27%, beta_incr = 0.866607
PHY-3001 : :::0::: Try harder cell spreading with beta_ = 5.23323e-06
PHY-3002 : Step(52): len = 50221.9, overlap = 38.25
PHY-3002 : Step(53): len = 49301.4, overlap = 38
PHY-3002 : Step(54): len = 47470.1, overlap = 38.5
PHY-3002 : Step(55): len = 47056.8, overlap = 39.5
PHY-3002 : Step(56): len = 47070.8, overlap = 39
PHY-3001 : :::1::: Try harder cell spreading with beta_ = 1.04665e-05
PHY-3002 : Step(57): len = 46711, overlap = 39.75
PHY-3002 : Step(58): len = 46519.3, overlap = 38.75
PHY-3001 : :::2::: Try harder cell spreading with beta_ = 2.09329e-05
PHY-3002 : Step(59): len = 46598.3, overlap = 38.75
PHY-3002 : Step(60): len = 46971.6, overlap = 36.75
PHY-3001 : Run with size of 1
PHY-3001 : Cell area utilization is 27%, beta_incr = 0.866607
PHY-3001 : :::0::: Try harder cell spreading with beta_ = 1.97514e-05
PHY-3002 : Step(61): len = 47028.9, overlap = 70.25
PHY-3002 : Step(62): len = 47584.1, overlap = 68.25
PHY-3002 : Step(63): len = 49173.2, overlap = 62.25
PHY-3002 : Step(64): len = 48672.8, overlap = 62
PHY-3002 : Step(65): len = 48542.6, overlap = 62.5
PHY-3002 : Step(66): len = 48376.7, overlap = 63
PHY-3001 : :::1::: Try harder cell spreading with beta_ = 3.95028e-05
PHY-3002 : Step(67): len = 49324.5, overlap = 59.25
PHY-3002 : Step(68): len = 50239.6, overlap = 55.5
PHY-3002 : Step(69): len = 50286.2, overlap = 55
PHY-3001 : :::2::: Try harder cell spreading with beta_ = 7.90056e-05
PHY-3002 : Step(70): len = 51954.7, overlap = 52
PHY-3002 : Step(71): len = 53240.2, overlap = 48.75
PHY-3002 : Step(72): len = 53045.2, overlap = 48.25
PHY-3001 : :::3::: Try harder cell spreading with beta_ = 0.000158011
PHY-3002 : Step(73): len = 55341.8, overlap = 46.25
PHY-3002 : Step(74): len = 57464.4, overlap = 42.75
PHY-3002 : Step(75): len = 57337.6, overlap = 40
PHY-3002 : Step(76): len = 57158.3, overlap = 39.25
PHY-3002 : Step(77): len = 57490.7, overlap = 40
PHY-3002 : Step(78): len = 57626.1, overlap = 41.25
PHY-3001 : :::4::: Try harder cell spreading with beta_ = 0.000316022
PHY-3002 : Step(79): len = 59492.8, overlap = 38.25
PHY-3002 : Step(80): len = 59960.2, overlap = 37
PHY-3002 : Step(81): len = 60212.7, overlap = 36
PHY-3001 : Legalization ...
PHY-3001 : End legalization;  0.088317s wall, 0.062400s user + 0.031200s system = 0.093601s CPU (106.0%)

PHY-3001 : Run with size of 1
PHY-3001 : Cell area utilization is 27%, beta_incr = 0.866607
PHY-3001 : :::0::: Try harder cell spreading with beta_ = 0.000432922
PHY-3002 : Step(82): len = 63550.7, overlap = 17.25
PHY-3002 : Step(83): len = 63504.1, overlap = 21
PHY-3002 : Step(84): len = 62662.8, overlap = 25.25
PHY-3002 : Step(85): len = 62473, overlap = 27.75
PHY-3002 : Step(86): len = 62432.6, overlap = 28.5
PHY-3002 : Step(87): len = 62237.1, overlap = 32.25
PHY-3001 : :::1::: Try harder cell spreading with beta_ = 0.000865844
PHY-3002 : Step(88): len = 63203.5, overlap = 30.25
PHY-3002 : Step(89): len = 63721.8, overlap = 27.75
PHY-3002 : Step(90): len = 64494.2, overlap = 26.75
PHY-3002 : Step(91): len = 64498.3, overlap = 27.25
PHY-3001 : :::2::: Try harder cell spreading with beta_ = 0.00173169
PHY-3002 : Step(92): len = 65419.2, overlap = 26.25
PHY-3002 : Step(93): len = 66040.4, overlap = 25.5
PHY-3002 : Step(94): len = 66731.5, overlap = 25.25
PHY-3002 : Step(95): len = 66961.3, overlap = 25.5
PHY-3002 : Step(96): len = 66989.6, overlap = 25.75
PHY-3001 : Legalization ...
PHY-3001 : End legalization;  0.009794s wall, 0.000000s user + 0.000000s system = 0.000000s CPU (n/a%)

PHY-3001 : Legalized: Len = 67719.2, Over = 0
PHY-3001 : Spreading special nets. 9 overflows in 750 tiles.
PHY-3001 : 11 instances has been re-located, deltaX = 10, deltaY = 3.
PHY-3001 : Final: Len = 68061.2, Over = 0
RUN-1003 : finish command "place" in  4.157411s wall, 5.662836s user + 0.982806s system = 6.645643s CPU (159.9%)

RUN-1004 : used memory is 229 MB, reserved memory is 194 MB, peak memory is 231 MB
RUN-1002 : start command "route"
RUN-1001 : Open license file C:/Anlogic/TD4.5.12562/license/Anlogic.lic
PHY-1001 : Pin swapping for better routability
PHY-1001 : Pin misalignment score is improved from 664 to 492
PHY-1001 : Pin misalignment score is improved from 492 to 482
PHY-1001 : Pin misalignment score is improved from 482 to 478
PHY-1001 : Pin misalignment score is improved from 478 to 478
PHY-1001 : Pin local connectivity score is improved from 130 to 0
PHY-1001 : Pin misalignment score is improved from 546 to 489
PHY-1001 : Pin misalignment score is improved from 489 to 490
PHY-1001 : Pin local connectivity score is improved from 52 to 0
PHY-1001 : End pin swap;  0.463803s wall, 0.468003s user + 0.062400s system = 0.530403s CPU (114.4%)

PHY-1001 : Route runs in 2 thread(s)
RUN-1001 : There are total 612 instances
RUN-1001 : 249 mslices, 249 lslices, 102 pads, 5 brams, 0 dsps
RUN-1001 : There are total 1632 nets
RUN-1001 : 888 nets have 2 pins
RUN-1001 : 584 nets have [3 - 5] pins
RUN-1001 : 89 nets have [6 - 10] pins
RUN-1001 : 39 nets have [11 - 20] pins
RUN-1001 : 29 nets have [21 - 99] pins
RUN-1001 : 3 nets have 100+ pins
PHY-1001 : Start global routing ...
PHY-1001 : Generate routing grids ...
PHY-1001 : Initialize routing nets ...
PHY-1001 : Ripup & Reroute ...
PHY-1002 : len = 81112, over cnt = 305(3%), over = 554, worst = 12
PHY-1002 : len = 82144, over cnt = 193(2%), over = 303, worst = 8
PHY-1002 : len = 83456, over cnt = 178(2%), over = 236, worst = 7
PHY-1002 : len = 86888, over cnt = 54(0%), over = 71, worst = 5
PHY-1002 : len = 87960, over cnt = 29(0%), over = 45, worst = 5
PHY-1002 : len = 88536, over cnt = 30(0%), over = 43, worst = 5
RUN-1002 : start command "start_timer"
TMR-2505 : Start building timing graph for model CPLD_SOC_AHB_TOP.
TMR-2506 : Build timing graph completely. Port num: 9, tpin num: 6316, tnet num: 1630, tinst num: 610, tnode num: 7841, tedge num: 10277.
TMR-2507 : Eliminate loop in the timing graph, delete 0 tedges.
TMR-2508 : Levelizing timing graph completed, there are 33 levels in total.
TMR-2501 : Timing graph initialized successfully.
PHY-1001 : Generate timing info.
TMR-2503 : Start to update net delay, extr mode = 5.
TMR-2504 : Update delay of 1630 nets completely.
TMR-2502 : Annotate delay completely, extr mode = 5.
TMR-3001 : Initiate 1 clocks from SDC.
TMR-3004 : Start mapping sdc constraints, there are 0 constraints in total.
TMR-3005 : Start mapping report constraints, there are 0 constraints in total.
TMR-3003 : Constraints initiated successfully.
TMR-3501 : Forward propagation: start to calculate arrival time...
TMR-3502 : Backward propagation: start to calculate required time...
TMR-3503 : Timing propagation completes.
PHY-1001 : Optimize timing.
PHY-1001 : End global routing;  0.910176s wall, 1.123207s user + 0.031200s system = 1.154407s CPU (126.8%)

PHY-1001 : Start detail routing ...
PHY-1001 : Generate detailed routing grids ...
PHY-1001 : Generate nets ...
PHY-1001 : net clk100m will be routed on clock mesh
PHY-1001 : net clk25m will be routed on clock mesh
PHY-1001 : net clkin_pad will be routed on clock mesh
PHY-1001 : clock net jtck will be merged with clock jtck_leading
PHY-1001 : clock net rx_done_gclk_net will be merged with clock rx_done
PHY-1001 : Detail Route ...
PHY-1001 : ===== Detail Route Phase 1 =====
PHY-1001 : Routed 0% nets.
PHY-1002 : len = 12232, over cnt = 0(0%), over = 0, worst = 0
PHY-1001 : End Routed; 0.145073s wall, 0.156001s user + 0.000000s system = 0.156001s CPU (107.5%)

PHY-1001 : ===== Detail Route Phase 2 =====
PHY-1001 : Routed 0% nets.
PHY-1002 : len = 12232, over cnt = 0(0%), over = 0, worst = 0
PHY-1001 : End Routed; 0.000044s wall, 0.000000s user + 0.000000s system = 0.000000s CPU (n/a%)

PHY-1001 : ===== Detail Route Phase 3 =====
PHY-1001 : Routed 37% nets.
PHY-1001 : Routed 43% nets.
PHY-1001 : Routed 51% nets.
PHY-1001 : Routed 65% nets.
PHY-1001 : Routed 87% nets.
PHY-1002 : len = 153760, over cnt = 91(0%), over = 91, worst = 1
PHY-1001 : End Routed; 6.466893s wall, 7.176046s user + 0.124801s system = 7.300847s CPU (112.9%)

PHY-1001 : ===== DR Iter 1 =====
PHY-1002 : len = 153168, over cnt = 25(0%), over = 25, worst = 1
PHY-1001 : End DR Iter 1; 0.181104s wall, 0.202801s user + 0.000000s system = 0.202801s CPU (112.0%)

PHY-1001 : ===== DR Iter 2 =====
PHY-1002 : len = 153408, over cnt = 3(0%), over = 3, worst = 1
PHY-1001 : End DR Iter 2; 0.052357s wall, 0.046800s user + 0.000000s system = 0.046800s CPU (89.4%)

PHY-1001 : ===== DR Iter 3 =====
PHY-1002 : len = 153488, over cnt = 0(0%), over = 0, worst = 0
PHY-1003 : Routed, final wirelength = 153488
PHY-1001 : End DR Iter 3; 0.021334s wall, 0.015600s user + 0.000000s system = 0.015600s CPU (73.1%)

PHY-1001 : 0 feed throughs used by 0 nets
PHY-1001 : Generate detailed routing grids ...
PHY-1001 : Generate nets ...
PHY-1001 : net clk100m will be routed on clock mesh
PHY-1001 : net clk25m will be routed on clock mesh
PHY-1001 : net clkin_pad will be routed on clock mesh
PHY-1001 : clock net jtck will be merged with clock jtck_leading
PHY-1001 : clock net rx_done_gclk_net will be merged with clock rx_done
PHY-1001 : eco open net = 0
PHY-1001 : End detail routing;  11.755775s wall, 12.480080s user + 0.265202s system = 12.745282s CPU (108.4%)

PHY-1001 : Routing violations:
PHY-1001 : End of Routing Violations.
RUN-1003 : finish command "route" in  13.240522s wall, 14.196091s user + 0.374402s system = 14.570493s CPU (110.0%)

RUN-1004 : used memory is 286 MB, reserved memory is 251 MB, peak memory is 347 MB
RUN-1002 : start command "report_area -io_info -file Quick_Start_phy.area"
RUN-1001 : standard
***Report Model: CPLD_SOC_AHB_TOP***

IO Statistics
#IO                   102
  #input               35
  #output              67
  #inout                0

Utilization Statistics
#lut                  952   out of   4480   21.25%
#reg                  741   out of   4480   16.54%
#le                   980
  #lut only           239   out of    980   24.39%
  #reg only            28   out of    980    2.86%
  #lut&reg            713   out of    980   72.76%
#dsp                    0   out of     15    0.00%
#bram                   0   out of     12    0.00%
  #bram9k               0
  #fifo9k               0
#bram32k                5   out of      6   83.33%
#mcu                    1   out of      1  100.00%
#pad                  102   out of    202   50.50%
  #ireg                 0
  #oreg                 2
  #treg                 0
#pll                    1   out of      1  100.00%

RUN-1001 : 

RUN-1002 : start command "export_db Quick_Start_pr.db"
RUN-1001 : Exported /
RUN-1001 : Exported libs
RUN-1001 : Exported entities
RUN-1001 : Exported ports
RUN-1001 : Exported pins
RUN-1001 : Exported instances
RUN-1001 : Exported nets
RUN-1001 : Exported buses
RUN-1001 : Exported models
RUN-1001 : Exported congestions
RUN-1001 : Exported violations
RUN-1001 : Exported timing constraints
RUN-1001 : Exported IO constraints
RUN-1001 : Exported Inst constraints
RUN-1001 : Exported flow parameters
RUN-1001 : Exported ChipWatcher
RUN-1003 : finish command "export_db Quick_Start_pr.db" in  1.083019s wall, 1.060807s user + 0.078001s system = 1.138807s CPU (105.2%)

RUN-1004 : used memory is 287 MB, reserved memory is 251 MB, peak memory is 347 MB
RUN-1002 : start command "start_timer"
TMR-2505 : Start building timing graph for model CPLD_SOC_AHB_TOP.
TMR-2506 : Build timing graph completely. Port num: 9, tpin num: 6316, tnet num: 1630, tinst num: 610, tnode num: 7841, tedge num: 10277.
TMR-2507 : Eliminate loop in the timing graph, delete 0 tedges.
TMR-2508 : Levelizing timing graph completed, there are 33 levels in total.
TMR-2501 : Timing graph initialized successfully.
RUN-1002 : start command "report_timing -mode FINAL -net_info -ep_num 3 -path_num 3 -file Quick_Start_phy.timing"
TMR-2503 : Start to update net delay, extr mode = 6.
PHY-1001 : Generate detailed routing grids ...
PHY-1001 : Generate nets ...
PHY-1001 : net clk100m will be routed on clock mesh
PHY-1001 : net clk25m will be routed on clock mesh
PHY-1001 : net clkin_pad will be routed on clock mesh
PHY-1001 : clock net jtck will be merged with clock jtck_leading
PHY-1001 : clock net rx_done_gclk_net will be merged with clock rx_done
PHY-1001 : eco open net = 0
TMR-2504 : Update delay of 1630 nets completely.
TMR-2502 : Annotate delay completely, extr mode = 6.
TMR-3001 : Initiate 1 clocks from SDC.
TMR-3004 : Start mapping sdc constraints, there are 0 constraints in total.
TMR-3005 : Start mapping report constraints, there are 0 constraints in total.
TMR-3003 : Constraints initiated successfully.
TMR-3501 : Forward propagation: start to calculate arrival time...
TMR-3502 : Backward propagation: start to calculate required time...
TMR-3503 : Timing propagation completes.
TMR-3506 : Start to generate timing report.
TMR-1502 : clock_nets size = 5, clk_num = 1.
TMR-5009 WARNING: There are(is) 2 clock net(s) without clock constraint(s).
TMR-3508 : Export timing summary.
TMR-3507 : Timing report generated successfully in Quick_Start_phy.timing, timing summary in Quick_Start_phy.tsm.
RUN-1003 : finish command "report_timing -mode FINAL -net_info -ep_num 3 -path_num 3 -file Quick_Start_phy.timing" in  1.145368s wall, 1.185608s user + 0.062400s system = 1.248008s CPU (109.0%)

RUN-1004 : used memory is 348 MB, reserved memory is 312 MB, peak memory is 348 MB
RUN-1002 : start command "bitgen -bit Quick_Start.bit -version 0X00 -128 ../AHB_SDK256_CC/Quick_Start.bin -g ucode:00000000000111110111110100001110 -f Quick_Start.btc"
BIT-1003 : Start to generate bitstream. 
BIT-1002 : Init instances with 2 threads.
BIT-1002 : Init instances completely, inst num: 612
BIT-1002 : Init pips with 2 threads.
BIT-1002 : Init pips completely, net num: 1632, pip num: 14174
BIT-1003 : Multithreading accelaration with 2 threads.
BIT-1003 : Generate bitstream completely, there are 739 valid insts, and 38592 bits set as '1'.
BIT-1004 : Generate bits file Quick_Start.bit.
RUN-1003 : finish command "bitgen -bit Quick_Start.bit -version 0X00 -128 ../AHB_SDK256_CC/Quick_Start.bin -g ucode:00000000000111110111110100001110 -f Quick_Start.btc" in  6.883074s wall, 13.150884s user + 0.078001s system = 13.228885s CPU (192.2%)

RUN-1004 : used memory is 358 MB, reserved memory is 322 MB, peak memory is 366 MB
