============================================================
   Tang Dynasty, V4.5.12562
   Copyright:   Shanghai Anlogic Infotech Co., Ltd.
                2011 - 2021
   Executable = E:/Anlogic/bin/td.exe
   Built at =   11:23:57 Jun  4 2019
   Run by =     Administrator
   Run Date =   Wed Nov 13 10:38:05 2019

   Run on =     PC-20190811NNTS
============================================================
RUN-1002 : start command "open_project Quick_Start.al"
HDL-1007 : analyze verilog file CPLD_SOC_AHB_TOP.v
HDL-5007 WARNING: redeclaration of ansi port 'gpio_out' is not allowed in CPLD_SOC_AHB_TOP.v(25)
HDL-5007 WARNING: 'pnumcnt0' is already implicitly declared on line 33 in CPLD_SOC_AHB_TOP.v(90)
HDL-5007 WARNING: 'pwm_state_read' is already implicitly declared on line 50 in CPLD_SOC_AHB_TOP.v(91)
HDL-1007 : analyze verilog file al_ip/PLL.v
HDL-1007 : analyze verilog file al_ip/M3WithAHB.v
HDL-1007 : analyze verilog file src/AHB.v
HDL-1007 : analyze verilog file src/OnePWM.v
RUN-1002 : start command "import_device ef2_4.db -package EF2L45LG144B"
ARC-1001 : Device Initialization.
ARC-1001 : ---------------------------------------------------------
ARC-1001 :       OPTION       |          IO           |   SETTING   
ARC-1001 : ---------------------------------------------------------
ARC-1001 :        done        |         P109          |    gpio    
ARC-1001 :        initn       |         P110          |    gpio    
ARC-1001 :      programn      |         P119          |  dedicated  
ARC-1001 :   tdi/tms/tck/tdo  |  P136/P130/P131/P137  |  dedicated  
ARC-1001 : ---------------------------------------------------------
ARC-1004 : Device setting, marked 5 dedicate IOs in total.
RUN-1002 : start command "import_db Quick_Start_pr.db"
RUN-1001 : Importing database generated by Tang Dynasty, V4.5.12562.
RUN-1001 : Database version number 46115.
RUN-1001 : Import timing constraints
RUN-1001 : Import IO constraints
RUN-1001 : Import Inst constraints
RUN-1001 : Import flow parameters
RUN-1003 : finish command "import_db Quick_Start_pr.db" in  3.964517s wall, 3.463222s user + 0.187201s system = 3.650423s CPU (92.1%)

RUN-1004 : used memory is 260 MB, reserved memory is 239 MB, peak memory is 260 MB
RUN-1002 : start command "download -bit Quick_Start.bit -mode program_spi -v -spd 6 -sec 64 -cable 0"
PRG-2014 : Chip validation success: EF2L45B
RUN-1002 : start command "bit_to_vec -chip EF2L45B -m program_spi -bit Quick_Start.bit"
RUN-1003 : finish command "bit_to_vec -chip EF2L45B -m program_spi -bit Quick_Start.bit" in  1.386370s wall, 1.310408s user + 0.046800s system = 1.357209s CPU (97.9%)

RUN-1004 : used memory is 410 MB, reserved memory is 377 MB, peak memory is 413 MB
RUN-1002 : start command "program_spief -cable 0 -spd 6"
RUN-1003 : finish command "program_spief -cable 0 -spd 6" in  27.432162s wall, 2.433616s user + 0.811205s system = 3.244821s CPU (11.8%)

RUN-1004 : used memory is 412 MB, reserved memory is 378 MB, peak memory is 414 MB
RUN-1002 : start command "bit_to_vec -chip EF2L45B -m verify_spi -bit Quick_Start.bit"
RUN-1002 : start command "program -cable 0 -spd 4"
RUN-1003 : finish command "program -cable 0 -spd 4" in  6.680309s wall, 0.265202s user + 0.140401s system = 0.405603s CPU (6.1%)

RUN-1004 : used memory is 357 MB, reserved memory is 324 MB, peak memory is 414 MB
RUN-1002 : start command "program -cable 0 -spd 1"
RUN-1003 : finish command "download -bit Quick_Start.bit -mode program_spi -v -spd 6 -sec 64 -cable 0" in  36.324777s wall, 4.430428s user + 1.185608s system = 5.616036s CPU (15.5%)

RUN-1004 : used memory is 342 MB, reserved memory is 311 MB, peak memory is 414 MB
GUI-1001 : Download success!
RUN-1002 : start command "download -bit Quick_Start.bit -mode program_spi -v -spd 6 -sec 64 -cable 0"
PRG-2014 : Chip validation success: EF2L45B
RUN-1002 : start command "bit_to_vec -chip EF2L45B -m program_spi -bit Quick_Start.bit"
RUN-1003 : finish command "bit_to_vec -chip EF2L45B -m program_spi -bit Quick_Start.bit" in  1.382210s wall, 1.185608s user + 0.124801s system = 1.310408s CPU (94.8%)

RUN-1004 : used memory is 386 MB, reserved memory is 376 MB, peak memory is 414 MB
RUN-1002 : start command "program_spief -cable 0 -spd 6"
RUN-1003 : finish command "program_spief -cable 0 -spd 6" in  7.309306s wall, 1.482009s user + 0.078001s system = 1.560010s CPU (21.3%)

RUN-1004 : used memory is 367 MB, reserved memory is 377 MB, peak memory is 414 MB
RUN-1002 : start command "bit_to_vec -chip EF2L45B -m verify_spi -bit Quick_Start.bit"
RUN-1002 : start command "program -cable 0 -spd 4"
RUN-1003 : finish command "program -cable 0 -spd 4" in  2.180174s wall, 0.280802s user + 0.062400s system = 0.343202s CPU (15.7%)

RUN-1004 : used memory is 311 MB, reserved memory is 321 MB, peak memory is 414 MB
RUN-1002 : start command "program -cable 0 -spd 1"
RUN-1003 : finish command "download -bit Quick_Start.bit -mode program_spi -v -spd 6 -sec 64 -cable 0" in  11.575330s wall, 3.416422s user + 0.296402s system = 3.712824s CPU (32.1%)

RUN-1004 : used memory is 299 MB, reserved memory is 310 MB, peak memory is 414 MB
GUI-1001 : Download success!
