============================================================
   Tang Dynasty, V4.5.12562
   Copyright:   Shanghai Anlogic Infotech Co., Ltd.
                2011 - 2021
   Executable = E:/Anlogic/bin/td.exe
   Built at =   11:23:57 Jun  4 2019
   Run by =     Administrator
   Run Date =   Mon Dec  2 11:01:13 2019

   Run on =     PC-20190811NNTS
============================================================
RUN-1002 : start command "open_project Quick_Start.al"
HDL-1007 : analyze verilog file CPLD_SOC_AHB_TOP.v
HDL-5007 WARNING: redeclaration of ansi port 'gpio_out' is not allowed in CPLD_SOC_AHB_TOP.v(26)
HDL-5007 WARNING: 'pnumcnt0' is already implicitly declared on line 34 in CPLD_SOC_AHB_TOP.v(91)
HDL-5007 WARNING: 'pwm_state_read' is already implicitly declared on line 51 in CPLD_SOC_AHB_TOP.v(92)
HDL-1007 : analyze verilog file al_ip/PLL.v
HDL-1007 : analyze verilog file al_ip/M3WithAHB.v
HDL-1007 : analyze verilog file src/AHB.v
HDL-1007 : analyze verilog file src/OnePWM.v
RUN-1002 : start command "import_device ef2_4.db -package EF2L45LG144B"
ARC-1001 : Device Initialization.
ARC-1001 : ---------------------------------------------------------
ARC-1001 :       OPTION       |          IO           |   SETTING   
ARC-1001 : ---------------------------------------------------------
ARC-1001 :        done        |         P109          |    gpio    
ARC-1001 :        initn       |         P110          |    gpio    
ARC-1001 :      programn      |         P119          |  dedicated  
ARC-1001 :   tdi/tms/tck/tdo  |  P136/P130/P131/P137  |  dedicated  
ARC-1001 : ---------------------------------------------------------
ARC-1004 : Device setting, marked 5 dedicate IOs in total.
RUN-1002 : start command "import_db Quick_Start_pr.db"
RUN-1001 : Importing database generated by Tang Dynasty, V4.5.12562.
RUN-1001 : Database version number 46115.
RUN-1001 : Import timing constraints
RUN-1001 : Import IO constraints
RUN-1001 : Import Inst constraints
RUN-1001 : Import flow parameters
RUN-1003 : finish command "import_db Quick_Start_pr.db" in  3.960830s wall, 3.322821s user + 0.296402s system = 3.619223s CPU (91.4%)

RUN-1004 : used memory is 261 MB, reserved memory is 240 MB, peak memory is 261 MB
RUN-1002 : start command "download -bit Quick_Start.bit -mode program_spi -v -spd 6 -sec 64 -cable 0"
PRG-2014 : Chip validation success: EF2L45B
RUN-1002 : start command "bit_to_vec -chip EF2L45B -m program_spi -bit Quick_Start.bit"
RUN-1003 : finish command "bit_to_vec -chip EF2L45B -m program_spi -bit Quick_Start.bit" in  1.342036s wall, 1.310408s user + 0.000000s system = 1.310408s CPU (97.6%)

RUN-1004 : used memory is 384 MB, reserved memory is 361 MB, peak memory is 387 MB
RUN-1002 : start command "program_spief -cable 0 -spd 6"
RUN-1003 : finish command "program_spief -cable 0 -spd 6" in  7.663521s wall, 1.762811s user + 0.202801s system = 1.965613s CPU (25.6%)

RUN-1004 : used memory is 386 MB, reserved memory is 363 MB, peak memory is 388 MB
RUN-1002 : start command "bit_to_vec -chip EF2L45B -m verify_spi -bit Quick_Start.bit"
RUN-1002 : start command "program -cable 0 -spd 4"
RUN-1003 : finish command "program -cable 0 -spd 4" in  2.166338s wall, 0.234002s user + 0.031200s system = 0.265202s CPU (12.2%)

RUN-1004 : used memory is 331 MB, reserved memory is 307 MB, peak memory is 388 MB
RUN-1002 : start command "program -cable 0 -spd 1"
RUN-1003 : finish command "download -bit Quick_Start.bit -mode program_spi -v -spd 6 -sec 64 -cable 0" in  11.933997s wall, 3.775224s user + 0.296402s system = 4.071626s CPU (34.1%)

RUN-1004 : used memory is 314 MB, reserved memory is 293 MB, peak memory is 388 MB
GUI-1001 : Download success!
RUN-1002 : start command "download -mode erase_spi -spd 1 -chip USB cable is connected -cable 0"
USR-1002 : download -h -help -v -d -mode <string> -s -spd <integer> -bit <string> -bas <string> -bit2 <string> -bin <string> -svf <string> -vec <string> -output <string> -wait <integer> -data_length <integer> -start_addr <string> -rdbk <string> -sec <integer> -cable <integer> -error_max <integer> -chip <string>
PRG-9525 ERROR: Chip validation failed! Please check the connection or type of chip!
GUI-8703 ERROR: Erase flash failed!
