============================================================
   Tang Dynasty, V4.5.12562
   Copyright:   Shanghai Anlogic Infotech Co., Ltd.
                2011 - 2021
   Executable = C:/Anlogic/TD4.5.12562/bin/td.exe
   Built at =   11:23:57 Jun  4 2019
   Run by =     Administrator
   Run Date =   Fri Nov  8 16:54:30 2019

   Run on =     PC-20190811NNTS
============================================================
RUN-1002 : start command "open_project Quick_Start.al"
HDL-1007 : analyze verilog file CPLD_SOC_AHB_TOP.v
HDL-5007 WARNING: redeclaration of ansi port 'gpio_out' is not allowed in CPLD_SOC_AHB_TOP.v(25)
HDL-5007 WARNING: 'pnumcnt0' is already implicitly declared on line 33 in CPLD_SOC_AHB_TOP.v(90)
HDL-5007 WARNING: 'pwm_state_read' is already implicitly declared on line 50 in CPLD_SOC_AHB_TOP.v(91)
HDL-1007 : analyze verilog file al_ip/PLL.v
HDL-1007 : analyze verilog file al_ip/M3WithAHB.v
HDL-1007 : analyze verilog file src/AHB.v
HDL-1007 : analyze verilog file src/OnePWM.v
RUN-1002 : start command "import_device ef2_4.db -package EF2L45LG144B"
ARC-1001 : Device Initialization.
ARC-1001 : ---------------------------------------------------------
ARC-1001 :       OPTION       |          IO           |   SETTING   
ARC-1001 : ---------------------------------------------------------
ARC-1001 :        done        |         P109          |    gpio    
ARC-1001 :        initn       |         P110          |    gpio    
ARC-1001 :      programn      |         P119          |  dedicated  
ARC-1001 :   tdi/tms/tck/tdo  |  P136/P130/P131/P137  |  dedicated  
ARC-1001 : ---------------------------------------------------------
ARC-1004 : Device setting, marked 5 dedicate IOs in total.
RUN-1002 : start command "import_db Quick_Start_pr.db"
RUN-1001 : Importing database generated by Tang Dynasty, V4.5.12562.
RUN-1001 : Database version number 46115.
RUN-1001 : Import timing constraints
RUN-1001 : Import IO constraints
RUN-1001 : Import Inst constraints
RUN-1001 : Import flow parameters
RUN-1003 : finish command "import_db Quick_Start_pr.db" in  3.626721s wall, 3.385222s user + 0.171601s system = 3.556823s CPU (98.1%)

RUN-1004 : used memory is 260 MB, reserved memory is 239 MB, peak memory is 260 MB
RUN-1002 : start command "download -bit Quick_Start.bit -mode jtag -spd 6 -sec 64 -cable 0"
PRG-2014 : Chip validation success: EF2L45B
RUN-1002 : start command "bit_to_vec -chip EF2L45B -m jtag -bit Quick_Start.bit"
PRG-3000 : BIT2VEC::JtagBitstream: completed! line_num = 810, frame_num = 765
RUN-1003 : finish command "bit_to_vec -chip EF2L45B -m jtag -bit Quick_Start.bit" in  1.040233s wall, 0.998406s user + 0.031200s system = 1.029607s CPU (99.0%)

RUN-1004 : used memory is 348 MB, reserved memory is 315 MB, peak memory is 348 MB
RUN-1002 : start command "program -cable 0 -spd 6 -p"
RUN-1003 : finish command "download -bit Quick_Start.bit -mode jtag -spd 6 -sec 64 -cable 0" in  2.464190s wall, 1.232408s user + 0.171601s system = 1.404009s CPU (57.0%)

RUN-1004 : used memory is 345 MB, reserved memory is 311 MB, peak memory is 355 MB
GUI-1001 : Download success!
RUN-1002 : start command "download -bit Quick_Start.bit -mode program_spi -v -spd 6 -sec 64 -cable 0"
PRG-2014 : Chip validation success: EF2L45B
RUN-1002 : start command "bit_to_vec -chip EF2L45B -m program_spi -bit Quick_Start.bit"
RUN-1003 : finish command "bit_to_vec -chip EF2L45B -m program_spi -bit Quick_Start.bit" in  1.289770s wall, 1.201208s user + 0.109201s system = 1.310408s CPU (101.6%)

RUN-1004 : used memory is 411 MB, reserved memory is 378 MB, peak memory is 414 MB
RUN-1002 : start command "program_spief -cable 0 -spd 6"
RUN-1003 : finish command "program_spief -cable 0 -spd 6" in  7.312511s wall, 1.528810s user + 0.124801s system = 1.653611s CPU (22.6%)

RUN-1004 : used memory is 413 MB, reserved memory is 380 MB, peak memory is 415 MB
RUN-1002 : start command "bit_to_vec -chip EF2L45B -m verify_spi -bit Quick_Start.bit"
RUN-1002 : start command "program -cable 0 -spd 4"
RUN-1003 : finish command "program -cable 0 -spd 4" in  2.175568s wall, 0.312002s user + 0.000000s system = 0.312002s CPU (14.3%)

RUN-1004 : used memory is 357 MB, reserved memory is 324 MB, peak memory is 415 MB
RUN-1002 : start command "program -cable 0 -spd 1"
RUN-1003 : finish command "download -bit Quick_Start.bit -mode program_spi -v -spd 6 -sec 64 -cable 0" in  11.487875s wall, 3.525623s user + 0.296402s system = 3.822024s CPU (33.3%)

RUN-1004 : used memory is 345 MB, reserved memory is 312 MB, peak memory is 415 MB
GUI-1001 : Download success!
