============================================================
   Tang Dynasty, V4.5.12562
   Copyright:   Shanghai Anlogic Infotech Co., Ltd.
                2011 - 2021
   Executable = C:/Anlogic/TD4.5.12562/bin/td.exe
   Built at =   11:23:57 Jun  4 2019
   Run by =     Administrator
   Run Date =   Sun Aug 25 15:22:42 2019

   Run on =     PC-20190811NNTS
============================================================
RUN-1002 : start command "open_project Quick_Start.al"
HDL-1007 : analyze verilog file CPLD_SOC_AHB_TOP.v
HDL-5007 WARNING: case statement with no case item violates IEEE 1800 syntax in CPLD_SOC_AHB_TOP.v(370)
HDL-5007 WARNING: identifier 'pwm_state_read' is used before its declaration in CPLD_SOC_AHB_TOP.v(58)
HDL-5007 WARNING: identifier 'pwm_state_read' is used before its declaration in CPLD_SOC_AHB_TOP.v(69)
HDL-5007 WARNING: identifier 'pnumcnt0' is used before its declaration in CPLD_SOC_AHB_TOP.v(80)
HDL-5007 WARNING: identifier 'pnumcnt0' is used before its declaration in CPLD_SOC_AHB_TOP.v(91)
HDL-5007 WARNING: identifier 'pnumcnt0' is used before its declaration in CPLD_SOC_AHB_TOP.v(102)
HDL-5007 WARNING: identifier 'uart_callback' is used before its declaration in CPLD_SOC_AHB_TOP.v(245)
HDL-1007 : analyze verilog file al_ip/PLL.v
HDL-1007 : analyze verilog file al_ip/M3WithAHB.v
HDL-1007 : analyze verilog file OnePWM.v
HDL-1007 : analyze verilog file src/uart_byte_rx.v
HDL-1007 : analyze verilog file src/uart_byte_tx.v
RUN-1002 : start command "import_device ef2_4.db -package EF2L45BG256B"
ARC-1001 : Device Initialization.
ARC-1001 : -------------------------------------------------
ARC-1001 :       OPTION       |      IO       |   SETTING   
ARC-1001 : -------------------------------------------------
ARC-1001 :        done        |      C13      |    gpio    
ARC-1001 :        initn       |      A13      |    gpio    
ARC-1001 :      programn      |      B10      |  dedicated  
ARC-1001 :   tdi/tms/tck/tdo  |  A6/B8/A7/C6  |  dedicated  
ARC-1001 : -------------------------------------------------
ARC-1004 : Device setting, marked 5 dedicate IOs in total.
RUN-1002 : start command "import_db Quick_Start_pr.db"
RUN-1001 : Importing database generated by Tang Dynasty, V4.5.12562.
RUN-1001 : Database version number 46115.
RUN-1001 : Import timing constraints
RUN-1001 : Import IO constraints
RUN-1001 : Import Inst constraints
RUN-1001 : Import flow parameters
RUN-1001 : Import ChipWatcher
RUN-1003 : finish command "import_db Quick_Start_pr.db" in  1.579053s wall, 1.466409s user + 0.140401s system = 1.606810s CPU (101.8%)

RUN-1004 : used memory is 154 MB, reserved memory is 132 MB, peak memory is 154 MB
