============================================================
   Tang Dynasty, V4.5.12562
   Copyright:   Shanghai Anlogic Infotech Co., Ltd.
                2011 - 2021
   Executable = C:/Anlogic/TD4.5.12562/bin/td.exe
   Built at =   11:23:57 Jun  4 2019
   Run by =     Administrator
   Run Date =   Thu Sep 12 10:22:04 2019

   Run on =     PC-20190811NNTS
============================================================
RUN-1002 : start command "open_project Quick_Start.al"
HDL-1007 : analyze verilog file CPLD_SOC_AHB_TOP.v
HDL-5007 WARNING: redeclaration of ansi port 'gpio_out' is not allowed in CPLD_SOC_AHB_TOP.v(28)
HDL-5007 WARNING: 'pnumcnt0' is already implicitly declared on line 36 in CPLD_SOC_AHB_TOP.v(90)
HDL-5007 WARNING: 'pwm_state_read' is already implicitly declared on line 53 in CPLD_SOC_AHB_TOP.v(91)
HDL-1007 : analyze verilog file al_ip/PLL.v
HDL-1007 : analyze verilog file al_ip/M3WithAHB.v
HDL-1007 : analyze verilog file src/AHB.v
HDL-1007 : analyze verilog file src/OnePWM.v
RUN-1002 : start command "import_device ef2_4.db -package EF2L45BG256B"
ARC-1001 : Device Initialization.
ARC-1001 : -------------------------------------------------
ARC-1001 :       OPTION       |      IO       |   SETTING   
ARC-1001 : -------------------------------------------------
ARC-1001 :        done        |      C13      |    gpio    
ARC-1001 :        initn       |      A13      |    gpio    
ARC-1001 :      programn      |      B10      |  dedicated  
ARC-1001 :   tdi/tms/tck/tdo  |  A6/B8/A7/C6  |  dedicated  
ARC-1001 : -------------------------------------------------
ARC-1004 : Device setting, marked 5 dedicate IOs in total.
RUN-1002 : start command "import_db Quick_Start_pr.db"
RUN-1001 : Importing database generated by Tang Dynasty, V4.5.12562.
RUN-1001 : Database version number 46115.
RUN-1001 : Import timing constraints
RUN-1001 : Import IO constraints
RUN-1001 : Import Inst constraints
RUN-1001 : Import flow parameters
RUN-1003 : finish command "import_db Quick_Start_pr.db" in  3.627077s wall, 3.338421s user + 0.234002s system = 3.572423s CPU (98.5%)

RUN-1004 : used memory is 255 MB, reserved memory is 235 MB, peak memory is 255 MB
RUN-1002 : start command "download -bit Quick_Start.bit -mode program_spi -v -spd 6 -sec 64 -cable 0"
PRG-2014 : Chip validation success: EF2L45B
RUN-1002 : start command "bit_to_vec -chip EF2L45B -m program_spi -bit Quick_Start.bit"
RUN-1003 : finish command "bit_to_vec -chip EF2L45B -m program_spi -bit Quick_Start.bit" in  1.430953s wall, 1.404009s user + 0.093601s system = 1.497610s CPU (104.7%)

RUN-1004 : used memory is 402 MB, reserved memory is 369 MB, peak memory is 405 MB
RUN-1002 : start command "program_spief -cable 0 -spd 6"
RUN-1003 : finish command "program_spief -cable 0 -spd 6" in  26.288155s wall, 2.652017s user + 0.312002s system = 2.964019s CPU (11.3%)

RUN-1004 : used memory is 404 MB, reserved memory is 371 MB, peak memory is 406 MB
RUN-1002 : start command "bit_to_vec -chip EF2L45B -m verify_spi -bit Quick_Start.bit"
RUN-1002 : start command "program -cable 0 -spd 4"
RUN-1003 : finish command "program -cable 0 -spd 4" in  6.789404s wall, 0.358802s user + 0.046800s system = 0.405603s CPU (6.0%)

RUN-1004 : used memory is 349 MB, reserved memory is 317 MB, peak memory is 406 MB
RUN-1002 : start command "program -cable 0 -spd 1"
RUN-1003 : finish command "download -bit Quick_Start.bit -mode program_spi -v -spd 6 -sec 64 -cable 0" in  35.356498s wall, 4.898431s user + 0.546003s system = 5.444435s CPU (15.4%)

RUN-1004 : used memory is 334 MB, reserved memory is 303 MB, peak memory is 406 MB
GUI-1001 : Download success!
