============================================================
   Tang Dynasty, V4.5.12562
   Copyright:   Shanghai Anlogic Infotech Co., Ltd.
                2011 - 2021
   Executable = C:/Anlogic/TD4.5.12562/bin/td.exe
   Built at =   11:23:57 Jun  4 2019
   Run by =     Administrator
   Run Date =   Fri Nov  8 16:26:19 2019

   Run on =     PC-20190811NNTS
============================================================
RUN-1002 : start command "open_project Quick_Start.al"
HDL-1007 : analyze verilog file CPLD_SOC_AHB_TOP.v
HDL-5007 WARNING: redeclaration of ansi port 'gpio_out' is not allowed in CPLD_SOC_AHB_TOP.v(25)
HDL-5007 WARNING: 'pnumcnt0' is already implicitly declared on line 33 in CPLD_SOC_AHB_TOP.v(90)
HDL-5007 WARNING: 'pwm_state_read' is already implicitly declared on line 50 in CPLD_SOC_AHB_TOP.v(91)
HDL-1007 : analyze verilog file al_ip/PLL.v
HDL-1007 : analyze verilog file al_ip/M3WithAHB.v
HDL-1007 : analyze verilog file src/AHB.v
HDL-1007 : analyze verilog file src/OnePWM.v
RUN-1002 : start command "import_device ef2_4.db -package EF2L45LG144B"
ARC-1001 : Device Initialization.
ARC-1001 : ---------------------------------------------------------
ARC-1001 :       OPTION       |          IO           |   SETTING   
ARC-1001 : ---------------------------------------------------------
ARC-1001 :        done        |         P109          |    gpio    
ARC-1001 :        initn       |         P110          |    gpio    
ARC-1001 :      programn      |         P119          |  dedicated  
ARC-1001 :   tdi/tms/tck/tdo  |  P136/P130/P131/P137  |  dedicated  
ARC-1001 : ---------------------------------------------------------
ARC-1004 : Device setting, marked 5 dedicate IOs in total.
RUN-1002 : start command "import_db Quick_Start_pr.db"
RUN-1001 : Importing database generated by Tang Dynasty, V4.5.12562.
RUN-1001 : Database version number 46115.
RUN-1001 : Import timing constraints
RUN-1001 : Import IO constraints
RUN-1001 : Import Inst constraints
RUN-1001 : Import flow parameters
RUN-1003 : finish command "import_db Quick_Start_pr.db" in  3.657188s wall, 3.385222s user + 0.109201s system = 3.494422s CPU (95.5%)

RUN-1004 : used memory is 261 MB, reserved memory is 239 MB, peak memory is 261 MB
RUN-1002 : start command "download -bit ..\..\UART_PWMv6.3\AHB_FPGA256_CC\Quick_Start.bit -mode jtag -spd 6 -sec 64 -cable 0"
PRG-2014 : Chip validation success: EF2L45B
RUN-1002 : start command "bit_to_vec -chip EF2L45B -m jtag -bit ../../UART_PWMv6.3/AHB_FPGA256_CC/Quick_Start.bit"
PRG-3000 : BIT2VEC::JtagBitstream: completed! line_num = 810, frame_num = 765
RUN-1003 : finish command "bit_to_vec -chip EF2L45B -m jtag -bit ../../UART_PWMv6.3/AHB_FPGA256_CC/Quick_Start.bit" in  1.007698s wall, 0.904806s user + 0.031200s system = 0.936006s CPU (92.9%)

RUN-1004 : used memory is 321 MB, reserved memory is 297 MB, peak memory is 321 MB
RUN-1002 : start command "program -cable 0 -spd 6 -p"
RUN-1003 : finish command "download -bit ..\..\UART_PWMv6.3\AHB_FPGA256_CC\Quick_Start.bit -mode jtag -spd 6 -sec 64 -cable 0" in  2.420988s wall, 1.107607s user + 0.109201s system = 1.216808s CPU (50.3%)

RUN-1004 : used memory is 317 MB, reserved memory is 293 MB, peak memory is 328 MB
GUI-1001 : Download success!
RUN-1002 : start command "download -bit ..\..\UART_PWMv6.3\AHB_FPGA256_CC\Quick_Start.bit -mode program_spi -v -spd 6 -sec 64 -cable 0"
PRG-2014 : Chip validation success: EF2L45B
RUN-1002 : start command "bit_to_vec -chip EF2L45B -m program_spi -bit ../../UART_PWMv6.3/AHB_FPGA256_CC/Quick_Start.bit"
RUN-1003 : finish command "bit_to_vec -chip EF2L45B -m program_spi -bit ../../UART_PWMv6.3/AHB_FPGA256_CC/Quick_Start.bit" in  1.306287s wall, 1.294808s user + 0.031200s system = 1.326008s CPU (101.5%)

RUN-1004 : used memory is 384 MB, reserved memory is 360 MB, peak memory is 386 MB
RUN-1002 : start command "program_spief -cable 0 -spd 6"
RUN-1003 : finish command "program_spief -cable 0 -spd 6" in  7.811820s wall, 1.762811s user + 0.265202s system = 2.028013s CPU (26.0%)

RUN-1004 : used memory is 385 MB, reserved memory is 362 MB, peak memory is 387 MB
RUN-1002 : start command "bit_to_vec -chip EF2L45B -m verify_spi -bit ../../UART_PWMv6.3/AHB_FPGA256_CC/Quick_Start.bit"
RUN-1002 : start command "program -cable 0 -spd 4"
RUN-1003 : finish command "program -cable 0 -spd 4" in  2.173339s wall, 0.249602s user + 0.093601s system = 0.343202s CPU (15.8%)

RUN-1004 : used memory is 330 MB, reserved memory is 306 MB, peak memory is 387 MB
RUN-1002 : start command "program -cable 0 -spd 1"
RUN-1003 : finish command "download -bit ..\..\UART_PWMv6.3\AHB_FPGA256_CC\Quick_Start.bit -mode program_spi -v -spd 6 -sec 64 -cable 0" in  11.987289s wall, 3.806424s user + 0.436803s system = 4.243227s CPU (35.4%)

RUN-1004 : used memory is 318 MB, reserved memory is 295 MB, peak memory is 387 MB
GUI-1001 : Download success!
RUN-1002 : start command "download -bit Quick_Start.bit -mode program_spi -v -spd 6 -sec 64 -cable 0"
PRG-2014 : Chip validation success: EF2L45B
RUN-1002 : start command "bit_to_vec -chip EF2L45B -m program_spi -bit Quick_Start.bit"
RUN-1003 : finish command "bit_to_vec -chip EF2L45B -m program_spi -bit Quick_Start.bit" in  1.285826s wall, 1.263608s user + 0.015600s system = 1.279208s CPU (99.5%)

RUN-1004 : used memory is 408 MB, reserved memory is 374 MB, peak memory is 411 MB
RUN-1002 : start command "program_spief -cable 0 -spd 6"
RUN-1003 : finish command "program_spief -cable 0 -spd 6" in  7.443087s wall, 1.575610s user + 0.171601s system = 1.747211s CPU (23.5%)

RUN-1004 : used memory is 409 MB, reserved memory is 376 MB, peak memory is 412 MB
RUN-1002 : start command "bit_to_vec -chip EF2L45B -m verify_spi -bit Quick_Start.bit"
RUN-1002 : start command "program -cable 0 -spd 4"
RUN-1003 : finish command "program -cable 0 -spd 4" in  2.174577s wall, 0.296402s user + 0.062400s system = 0.358802s CPU (16.5%)

RUN-1004 : used memory is 353 MB, reserved memory is 320 MB, peak memory is 412 MB
RUN-1002 : start command "program -cable 0 -spd 1"
RUN-1003 : finish command "download -bit Quick_Start.bit -mode program_spi -v -spd 6 -sec 64 -cable 0" in  11.605478s wall, 3.650423s user + 0.296402s system = 3.946825s CPU (34.0%)

RUN-1004 : used memory is 342 MB, reserved memory is 308 MB, peak memory is 412 MB
GUI-1001 : Download success!
